[+] Containers:
 |- [+] Container: /Game/ThirdPerson/Maps/ThirdPersonMap
 |   |- [+] ActorDescs:
 |   |   |- Guid:06D40092469E3CFC5F3943BA103A1956 BaseClass: NativeClass:/Script/Engine.StaticMeshActor Name:StaticMeshActor_UAID_E4A8DFCE2622828701_1441275629 Label:arena17-_uv4_arena_main_001 SpatiallyLoaded:1 Bounds:IsValid=true, Min=(X=-1575.197 Y=-3082.743 Z=237.853), Max=(X=3010.852 Y=-668.135 Z=282.012) RuntimeGrid:None EditorOnly:0 RuntimeOnly:0 HLODRelevant:1 FolderPath:Playground FolderGuid:C73F09FC4215536B1DCE2A9E0A830C70
 |   |   |- Guid:23CAD0394A9EFC05FB29DC93851A2C1B BaseClass: NativeClass:/Script/Engine.StaticMeshActor Name:StaticMeshActor_UAID_E4A8DFCE2622828701_1441259628 Label:arena17-_uv4_arena_main SpatiallyLoaded:1 Bounds:IsValid=true, Min=(X=-636.116 Y=-1243.970 Z=-67.988), Max=(X=2071.771 Y=2142.061 Z=287.961) RuntimeGrid:None EditorOnly:0 RuntimeOnly:0 HLODRelevant:1 FolderPath:Playground FolderGuid:C73F09FC4215536B1DCE2A9E0A830C70
 |   |   |- Guid:2835485B4C8D3CCE218B689252A99964 BaseClass: NativeClass:/Script/Engine.StaticMeshActor Name:StaticMeshActor_UAID_E4A8DFCE2622828701_1441334634 Label:arena17-_uv4_chain2_002 SpatiallyLoaded:1 Bounds:IsValid=true, Min=(X=431.252 Y=1264.309 Z=531.262), Max=(X=513.722 Y=1279.592 Z=596.522) RuntimeGrid:None EditorOnly:0 RuntimeOnly:0 HLODRelevant:1 FolderPath:Playground FolderGuid:C73F09FC4215536B1DCE2A9E0A830C70
 |   |   |- Guid:2FB58999456391D349DC0F86DAC136ED BaseClass: NativeClass:/Script/Engine.SkyLight Name:SkyLight_1 Label:SkyLight SpatiallyLoaded:0 Bounds:IsValid=true, Min=(X=730.000 Y=140.000 Z=900.000), Max=(X=730.000 Y=140.000 Z=900.000) RuntimeGrid:None EditorOnly:0 RuntimeOnly:0 HLODRelevant:0 FolderPath:Lighting FolderGuid:963EC3EB4002CCE9759E2EBA541A873A
 |   |   |- Guid:316CF2A6494ACA4C0E4180A87D36AB8F BaseClass: NativeClass:/Script/Engine.ExponentialHeightFog Name:ExponentialHeightFog_0 Label:ExponentialHeightFog SpatiallyLoaded:0 Bounds:IsValid=true, Min=(X=-4870.000 Y=90.000 Z=-6640.000), Max=(X=-4870.000 Y=90.000 Z=-6640.000) RuntimeGrid:None EditorOnly:0 RuntimeOnly:0 HLODRelevant:0 FolderPath:Lighting FolderGuid:963EC3EB4002CCE9759E2EBA541A873A
 |   |   |- Guid:32BDE18D41616B60A5D90F9ADF0B1323 BaseClass: NativeClass:/Script/Engine.StaticMeshActor Name:StaticMeshActor_UAID_E4A8DFCE2622989201_1668607101 Label:Plane SpatiallyLoaded:1 Bounds:IsValid=true, Min=(X=-84.375 Y=2136.438 Z=113.000), Max=(X=1484.375 Y=3089.562 Z=113.000) RuntimeGrid:None EditorOnly:0 RuntimeOnly:0 HLODRelevant:1
 |   |   |- Guid:3D45C8F047051E51303B58B5C4954DE3 BaseClass: NativeClass:/Script/Engine.StaticMeshActor Name:StaticMeshActor_UAID_E4A8DFCE2622828701_1441435642 Label:arena17-_uv4_Cube_002 SpatiallyLoaded:1 Bounds:IsValid=true, Min=(X=1484.013 Y=-303.984 Z=247.193), Max=(X=1603.772 Y=-197.664 Z=307.193) RuntimeGrid:None EditorOnly:0 RuntimeOnly:0 HLODRelevant:1 FolderPath:Playground FolderGuid:C73F09FC4215536B1DCE2A9E0A830C70
 |   |   |- Guid:4257F77E47CB5FBAB5616D9763F4DF07 BaseClass: NativeClass:/Script/Engine.StaticMeshActor Name:StaticMeshActor_UAID_E4A8DFCE2622828701_1441617656 Label:arena17-_uv4_woodColumns_001 SpatiallyLoaded:1 Bounds:IsValid=true, Min=(X=-1264.383 Y=-275.722 Z=-403.937), Max=(X=2700.038 Y=2076.520 Z=499.755) RuntimeGrid:None EditorOnly:0 RuntimeOnly:0 HLODRelevant:1 FolderPath:Playground FolderGuid:C73F09FC4215536B1DCE2A9E0A830C70
 |   |   |- Guid:42A7109040C0420931B088A58414C3CA BaseClass: NativeClass:/Script/Engine.StaticMeshActor Name:StaticMeshActor_UAID_E4A8DFCE2622828701_1441288630 Label:arena17-_uv4_chain SpatiallyLoaded:1 Bounds:IsValid=true, Min=(X=-399.074 Y=-938.164 Z=279.926), Max=(X=1834.729 Y=1261.702 Z=499.098) RuntimeGrid:None EditorOnly:0 RuntimeOnly:0 HLODRelevant:1 FolderPath:Playground FolderGuid:C73F09FC4215536B1DCE2A9E0A830C70
 |   |   |- Guid:42D2EF3842E07C9E0DF1609271DC03E4 BaseClass: NativeClass:/Script/Engine.StaticMeshActor Name:StaticMeshActor_UAID_E4A8DFCE2622828701_1441311632 Label:arena17-_uv4_chain2 SpatiallyLoaded:1 Bounds:IsValid=true, Min=(X=709.533 Y=184.953 Z=897.858), Max=(X=724.806 Y=200.236 Z=1030.798) RuntimeGrid:None EditorOnly:0 RuntimeOnly:0 HLODRelevant:1 FolderPath:Playground FolderGuid:C73F09FC4215536B1DCE2A9E0A830C70
 |   |   |- Guid:4D3BE93F4146AAAC8BBE79999D96D57F BaseClass: NativeClass:/Script/Engine.VolumetricCloud Name:VolumetricCloud_0 Label:VolumetricCloud SpatiallyLoaded:0 Bounds:IsValid=true, Min=(X=730.000 Y=140.000 Z=1030.000), Max=(X=730.000 Y=140.000 Z=1030.000) RuntimeGrid:None EditorOnly:0 RuntimeOnly:0 HLODRelevant:0 FolderPath:Lighting FolderGuid:963EC3EB4002CCE9759E2EBA541A873A
 |   |   |- Guid:540D5F294BC7F35C50E068920B4A4BFB BaseClass: NativeClass:/Script/Engine.StaticMeshActor Name:StaticMeshActor_UAID_E4A8DFCE2622828701_1441371637 Label:arena17-_uv4_chain2_006 SpatiallyLoaded:1 Bounds:IsValid=true, Min=(X=714.583 Y=1671.983 Z=484.374), Max=(X=1034.075 Y=1687.266 Z=708.863) RuntimeGrid:None EditorOnly:0 RuntimeOnly:0 HLODRelevant:1 FolderPath:Playground FolderGuid:C73F09FC4215536B1DCE2A9E0A830C70
 |   |   |- Guid:59703F964E03F300FD8554BF42FD75FC BaseClass: NativeClass:/Script/Engine.PlayerStart Name:PlayerStart_UAID_E4A8DFCE2622828701_1569311657 Label:PlayerStart SpatiallyLoaded:0 Bounds:IsValid=true, Min=(X=280.000 Y=-1090.000 Z=-62.000), Max=(X=360.000 Y=-1010.000 Z=122.000) RuntimeGrid:None EditorOnly:0 RuntimeOnly:0 HLODRelevant:0 FolderPath:World FolderGuid:4AC79D5941B9F871585166A0C024B569
 |   |   |- Guid:6BAF4DDD444C60371492D3919DB42C97 BaseClass: NativeClass:/Script/Engine.WorldDataLayers Name:WorldDataLayers Label:WorldDataLayers SpatiallyLoaded:0 Bounds:IsValid=true, Min=(X=0.000 Y=0.000 Z=0.000), Max=(X=0.000 Y=0.000 Z=0.000) RuntimeGrid:None EditorOnly:0 RuntimeOnly:0 HLODRelevant:0 FolderPath:World FolderGuid:4AC79D5941B9F871585166A0C024B569
 |   |   |- Guid:7244789348CB95BEE142AF95C3517900 BaseClass:/Game/ThirdPerson/Maps/Arena/arena-httyd/MainGate.MainGate_C NativeClass:/Script/Engine.Actor Name:MainGate_C_UAID_E4A8DFCE2622DF9201_1188267598 Label:MainGate SpatiallyLoaded:1 Bounds:IsValid=true, Min=(X=490.556 Y=1258.681 Z=-69.153), Max=(X=949.444 Y=1282.681 Z=278.855) RuntimeGrid:None EditorOnly:0 RuntimeOnly:0 HLODRelevant:0
 |   |   |- Guid:75A31E7A4F7020A840DAB7B449E7AC19 BaseClass: NativeClass:/Script/Engine.StaticMeshActor Name:StaticMeshActor_UAID_E4A8DFCE2622828701_1441604655 Label:arena17-_uv4_top SpatiallyLoaded:1 Bounds:IsValid=true, Min=(X=697.413 Y=172.814 Z=886.587), Max=(X=736.937 Y=212.338 Z=910.371) RuntimeGrid:None EditorOnly:0 RuntimeOnly:0 HLODRelevant:1 FolderPath:Playground FolderGuid:C73F09FC4215536B1DCE2A9E0A830C70
 |   |   |- Guid:78D2B3924588F8799F44B1AE917A3503 BaseClass: NativeClass:/Script/Engine.StaticMeshActor Name:StaticMeshActor_UAID_E4A8DFCE2622828701_1441397639 Label:arena17-_uv4_column SpatiallyLoaded:1 Bounds:IsValid=true, Min=(X=-324.959 Y=-863.082 Z=275.755), Max=(X=1760.614 Y=1190.806 Z=632.125) RuntimeGrid:None EditorOnly:0 RuntimeOnly:0 HLODRelevant:1 FolderPath:Playground FolderGuid:C73F09FC4215536B1DCE2A9E0A830C70
 |   |   |- Guid:7DEA0D5F47E6CB53BD4DB0B7ACCA040D BaseClass: NativeClass:/Script/Engine.StaticMeshActor Name:StaticMeshActor_UAID_E4A8DFCE2622828701_1441299631 Label:arena17-_uv4_chain1 SpatiallyLoaded:1 Bounds:IsValid=true, Min=(X=-55.070 Y=-589.136 Z=608.104), Max=(X=1490.725 Y=975.076 Z=897.494) RuntimeGrid:None EditorOnly:0 RuntimeOnly:0 HLODRelevant:1 FolderPath:Playground FolderGuid:C73F09FC4215536B1DCE2A9E0A830C70
 |   |   |- Guid:83FBD69F43CBC5700338AFB1B50A49C0 BaseClass: NativeClass:/Script/Engine.StaticMeshActor Name:StaticMeshActor_UAID_E4A8DFCE2622828701_1441461644 Label:arena17-_uv4_Cylinder_001 SpatiallyLoaded:1 Bounds:IsValid=true, Min=(X=-167.973 Y=-366.778 Z=49.285), Max=(X=3.759 Y=-86.466 Z=253.953) RuntimeGrid:None EditorOnly:0 RuntimeOnly:0 HLODRelevant:1 FolderPath:Playground FolderGuid:C73F09FC4215536B1DCE2A9E0A830C70
 |   |   |- Guid:8F9663914D9BB4FC5F4540A00EFA26E5 BaseClass: NativeClass:/Script/Engine.StaticMeshActor Name:StaticMeshActor_UAID_E4A8DFCE2622828701_1441384638 Label:arena17-_uv4_chain2_007 SpatiallyLoaded:1 Bounds:IsValid=true, Min=(X=405.491 Y=1672.021 Z=484.374), Max=(X=724.983 Y=1687.303 Z=708.863) RuntimeGrid:None EditorOnly:0 RuntimeOnly:0 HLODRelevant:1 FolderPath:Playground FolderGuid:C73F09FC4215536B1DCE2A9E0A830C70
 |   |   |- Guid:9AC254EF489B07411DE1BB9203BADCD4 BaseClass: NativeClass:/Script/Engine.SpotLight Name:SpotLight_UAID_E4A8DFCE26228F9201_1203885503 Label:SpotLight SpatiallyLoaded:1 Bounds:IsValid=true, Min=(X=-1834.215 Y=-2400.652 Z=-4320.374), Max=(X=3315.013 Y=2748.576 Z=828.854) RuntimeGrid:None EditorOnly:0 RuntimeOnly:0 HLODRelevant:0
 |   |   |- Guid:B5B84DE343BFC072B8004BA7FA783143 BaseClass: NativeClass:/Script/Engine.SkeletalMeshActor Name:SkeletalMeshActor_UAID_E4A8DFCE26222E8C01_1908813095 Label:Michal_Tofel_fbx_Anim SpatiallyLoaded:1 Bounds:IsValid=true, Min=(X=745.103 Y=239.964 Z=-70.991), Max=(X=890.746 Y=358.907 Z=147.237) RuntimeGrid:None EditorOnly:0 RuntimeOnly:0 HLODRelevant:0
 |   |   |- Guid:B785ED2844B84CFB91E7F39FE661CD99 BaseClass: NativeClass:/Script/Engine.DirectionalLight Name:DirectionalLight_0 Label:DirectionalLight SpatiallyLoaded:0 Bounds:IsValid=true, Min=(X=-4398046511104.000 Y=-4398046511104.000 Z=-4398046511104.000), Max=(X=4398046511104.000 Y=4398046511104.000 Z=4398046511104.000) RuntimeGrid:None EditorOnly:0 RuntimeOnly:0 HLODRelevant:0 FolderPath:Lighting FolderGuid:963EC3EB4002CCE9759E2EBA541A873A
 |   |   |- Guid:B9EB6BC14E256A09E6360BA8B5B77D00 BaseClass: NativeClass:/Script/Engine.StaticMeshActor Name:StaticMeshActor_UAID_E4A8DFCE2622828701_1441474645 Label:arena17-_uv4_Cylinder_003 SpatiallyLoaded:1 Bounds:IsValid=true, Min=(X=1425.790 Y=-363.951 Z=48.775), Max=(X=1606.306 Y=-87.550 Z=253.443) RuntimeGrid:None EditorOnly:0 RuntimeOnly:0 HLODRelevant:1 FolderPath:Playground FolderGuid:C73F09FC4215536B1DCE2A9E0A830C70
 |   |   |- Guid:BF41B76A4170E70F00DA7BB3BEE79C20 BaseClass: NativeClass:/Script/Engine.StaticMeshActor Name:StaticMeshActor_UAID_E4A8DFCE2622828701_1441591654 Label:arena17-_uv4_rings SpatiallyLoaded:1 Bounds:IsValid=true, Min=(X=-251.216 Y=-775.902 Z=359.369), Max=(X=1685.635 Y=1160.949 Z=838.032) RuntimeGrid:None EditorOnly:0 RuntimeOnly:0 HLODRelevant:1 FolderPath:Playground FolderGuid:C73F09FC4215536B1DCE2A9E0A830C70
 |   |   |- Guid:C5E50D97452405127D5471828B958F7A BaseClass: NativeClass:/Script/Engine.StaticMeshActor Name:StaticMeshActor_UAID_E4A8DFCE2622828701_1441539650 Label:arena17-_uv4_lock2_002 SpatiallyLoaded:1 Bounds:IsValid=true, Min=(X=1455.061 Y=-292.879 Z=-10.425), Max=(X=1577.864 Y=-158.473 Z=88.410) RuntimeGrid:None EditorOnly:0 RuntimeOnly:0 HLODRelevant:1 FolderPath:Playground FolderGuid:C73F09FC4215536B1DCE2A9E0A830C70
 |   |   |- Guid:CC0B1D004696BAF032B950BE55FA856D BaseClass: NativeClass:/Script/Engine.StaticMeshActor Name:StaticMeshActor_UAID_E4A8DFCE2622828701_1441346635 Label:arena17-_uv4_chain2_003 SpatiallyLoaded:1 Bounds:IsValid=true, Min=(X=245.299 Y=1264.272 Z=276.672), Max=(X=356.603 Y=1279.554 Z=714.759) RuntimeGrid:None EditorOnly:0 RuntimeOnly:0 HLODRelevant:1 FolderPath:Playground FolderGuid:C73F09FC4215536B1DCE2A9E0A830C70
 |   |   |- Guid:CCFF262C46EEFFDF319E7F9539CE697E BaseClass: NativeClass:/Script/Engine.SkyAtmosphere Name:SkyAtmosphere_0 Label:SkyAtmosphere SpatiallyLoaded:0 Bounds:IsValid=true, Min=(X=730.000 Y=140.000 Z=1230.000), Max=(X=730.000 Y=140.000 Z=1230.000) RuntimeGrid:None EditorOnly:0 RuntimeOnly:0 HLODRelevant:0 FolderPath:Lighting FolderGuid:963EC3EB4002CCE9759E2EBA541A873A
 |   |   |- Guid:D0D9A0D5488C3E3F3FF797A548CE1F09 BaseClass: NativeClass:/Script/Engine.StaticMeshActor Name:StaticMeshActor_UAID_E4A8DFCE2622828701_1441322633 Label:arena17-_uv4_chain2_001 SpatiallyLoaded:1 Bounds:IsValid=true, Min=(X=921.895 Y=1264.309 Z=531.333), Max=(X=1004.764 Y=1279.592 Z=596.041) RuntimeGrid:None EditorOnly:0 RuntimeOnly:0 HLODRelevant:1 FolderPath:Playground FolderGuid:C73F09FC4215536B1DCE2A9E0A830C70
 |   |   |- Guid:D2482BFF4C6C1812787C5F9E81CB4280 BaseClass: NativeClass:/Script/Engine.StaticMeshActor Name:StaticMeshActor_UAID_E4A8DFCE2622828701_1441578653 Label:arena17-_uv4_planks SpatiallyLoaded:1 Bounds:IsValid=true, Min=(X=-1204.676 Y=-1096.190 Z=258.132), Max=(X=2640.331 Y=1988.234 Z=279.858) RuntimeGrid:None EditorOnly:0 RuntimeOnly:0 HLODRelevant:1 FolderPath:Playground FolderGuid:C73F09FC4215536B1DCE2A9E0A830C70
 |   |   |- Guid:E2F614BB418380854F05DDB8512E6B95 BaseClass:/Game/ThirdPerson/Maps/Arena/arena-httyd/Gate.Gate_C NativeClass:/Script/Engine.Actor Name:Gate_C_UAID_E4A8DFCE2622949201_1652955396 Label:Gate SpatiallyLoaded:1 Bounds:IsValid=true, Min=(X=194.517 Y=-782.371 Z=-67.238), Max=(X=1243.848 Y=-691.709 Z=245.970) RuntimeGrid:None EditorOnly:0 RuntimeOnly:0 HLODRelevant:0 FolderPath:Playground FolderGuid:C73F09FC4215536B1DCE2A9E0A830C70
 |   |   |- Guid:E48B6D104DCE1573DF4026AB37A453AC BaseClass: NativeClass:/Script/Engine.StaticMeshActor Name:StaticMeshActor_UAID_E4A8DFCE2622828701_1441526649 Label:arena17-_uv4_lock2_001 SpatiallyLoaded:1 Bounds:IsValid=true, Min=(X=-141.903 Y=-294.625 Z=-9.915), Max=(X=-21.713 Y=-161.128 Z=88.920) RuntimeGrid:None EditorOnly:0 RuntimeOnly:0 HLODRelevant:1 FolderPath:Playground FolderGuid:C73F09FC4215536B1DCE2A9E0A830C70
 |   |   |- Guid:E5C83B5948995E2D3BBDD0A43C7675AA BaseClass: NativeClass:/Script/Engine.StaticMeshActor Name:StaticMeshActor_UAID_E4A8DFCE2622828701_1441487646 Label:arena17-_uv4_frontGare SpatiallyLoaded:1 Bounds:IsValid=true, Min=(X=323.017 Y=1231.694 Z=137.692), Max=(X=1112.638 Y=1798.810 Z=756.303) RuntimeGrid:None EditorOnly:0 RuntimeOnly:0 HLODRelevant:1 FolderPath:Playground FolderGuid:C73F09FC4215536B1DCE2A9E0A830C70
 |   |   |- Guid:E72DA9D24F0E3D60A8797B9F8F5F73D5 BaseClass: NativeClass:/Script/Engine.StaticMeshActor Name:StaticMeshActor_UAID_E4A8DFCE2622828701_1441422641 Label:arena17-_uv4_Cube_001 SpatiallyLoaded:1 Bounds:IsValid=true, Min=(X=-179.351 Y=-276.520 Z=247.703), Max=(X=-59.177 Y=-193.123 Z=307.703) RuntimeGrid:None EditorOnly:0 RuntimeOnly:0 HLODRelevant:1 FolderPath:Playground FolderGuid:C73F09FC4215536B1DCE2A9E0A830C70
 |   |   |- Guid:EC4E0C944CE6AC6E784BC6BB2916EA13 BaseClass: NativeClass:/Script/Engine.StaticMeshActor Name:StaticMeshActor_UAID_A4AE111137DC5EFB00_1110535423 Label:SM_SkySphere SpatiallyLoaded:0 Bounds:IsValid=true, Min=(X=-1637670.000 Y=-1638260.000 Z=-1638190.000), Max=(X=1639130.000 Y=1638540.000 Z=1638610.000) RuntimeGrid:None EditorOnly:0 RuntimeOnly:0 HLODRelevant:1 FolderPath:Lighting FolderGuid:963EC3EB4002CCE9759E2EBA541A873A
 |   |   |- Guid:F5E3FEB3450C49844FD93DA8E083C8AD BaseClass: NativeClass:/Script/Engine.PostProcessVolume Name:PostProcessVolume_0 Label:PostProcessVolume SpatiallyLoaded:0 Bounds:IsValid=true, Min=(X=640.000 Y=30.000 Z=760.000), Max=(X=840.000 Y=230.000 Z=960.000) RuntimeGrid:None EditorOnly:0 RuntimeOnly:0 HLODRelevant:0 FolderPath:Lighting FolderGuid:963EC3EB4002CCE9759E2EBA541A873A
 |   |   |- Guid:F6F5B2B348377873AAD2F8A631C561FB BaseClass: NativeClass:/Script/Engine.StaticMeshActor Name:StaticMeshActor_UAID_E4A8DFCE2622828701_1441552651 Label:arena17-_uv4_logo SpatiallyLoaded:1 Bounds:IsValid=true, Min=(X=624.365 Y=1683.532 Z=403.758), Max=(X=818.249 Y=1693.139 Z=592.583) RuntimeGrid:None EditorOnly:0 RuntimeOnly:0 HLODRelevant:1 FolderPath:Playground FolderGuid:C73F09FC4215536B1DCE2A9E0A830C70
 |   |   |- Guid:FBF669AF4BD2848E42F676BBB135CD92 BaseClass: NativeClass:/Script/Engine.StaticMeshActor Name:StaticMeshActor_UAID_E4A8DFCE2622828701_1441358636 Label:arena17-_uv4_chain2_004 SpatiallyLoaded:1 Bounds:IsValid=true, Min=(X=1079.013 Y=1264.309 Z=276.729), Max=(X=1190.421 Y=1279.592 Z=714.759) RuntimeGrid:None EditorOnly:0 RuntimeOnly:0 HLODRelevant:1 FolderPath:Playground FolderGuid:C73F09FC4215536B1DCE2A9E0A830C70
 |   |- [+] Clusters:
 |   |   |- [+] [  0]
 |   |   |   |- Guid:6BAF4DDD444C60371492D3919DB42C97 BaseClass: NativeClass:/Script/Engine.WorldDataLayers Name:WorldDataLayers Label:WorldDataLayers SpatiallyLoaded:0 Bounds:IsValid=true, Min=(X=0.000 Y=0.000 Z=0.000), Max=(X=0.000 Y=0.000 Z=0.000) RuntimeGrid:None EditorOnly:0 RuntimeOnly:0 HLODRelevant:0 FolderPath:World FolderGuid:4AC79D5941B9F871585166A0C024B569
 |   |   |- [+] [  1]
 |   |   |   |- Guid:B9EB6BC14E256A09E6360BA8B5B77D00 BaseClass: NativeClass:/Script/Engine.StaticMeshActor Name:StaticMeshActor_UAID_E4A8DFCE2622828701_1441474645 Label:arena17-_uv4_Cylinder_003 SpatiallyLoaded:1 Bounds:IsValid=true, Min=(X=1425.790 Y=-363.951 Z=48.775), Max=(X=1606.306 Y=-87.550 Z=253.443) RuntimeGrid:None EditorOnly:0 RuntimeOnly:0 HLODRelevant:1 FolderPath:Playground FolderGuid:C73F09FC4215536B1DCE2A9E0A830C70
 |   |   |- [+] [  2]
 |   |   |   |- Guid:E48B6D104DCE1573DF4026AB37A453AC BaseClass: NativeClass:/Script/Engine.StaticMeshActor Name:StaticMeshActor_UAID_E4A8DFCE2622828701_1441526649 Label:arena17-_uv4_lock2_001 SpatiallyLoaded:1 Bounds:IsValid=true, Min=(X=-141.903 Y=-294.625 Z=-9.915), Max=(X=-21.713 Y=-161.128 Z=88.920) RuntimeGrid:None EditorOnly:0 RuntimeOnly:0 HLODRelevant:1 FolderPath:Playground FolderGuid:C73F09FC4215536B1DCE2A9E0A830C70
 |   |   |- [+] [  3]
 |   |   |   |- Guid:F5E3FEB3450C49844FD93DA8E083C8AD BaseClass: NativeClass:/Script/Engine.PostProcessVolume Name:PostProcessVolume_0 Label:PostProcessVolume SpatiallyLoaded:0 Bounds:IsValid=true, Min=(X=640.000 Y=30.000 Z=760.000), Max=(X=840.000 Y=230.000 Z=960.000) RuntimeGrid:None EditorOnly:0 RuntimeOnly:0 HLODRelevant:0 FolderPath:Lighting FolderGuid:963EC3EB4002CCE9759E2EBA541A873A
 |   |   |- [+] [  4]
 |   |   |   |- Guid:9AC254EF489B07411DE1BB9203BADCD4 BaseClass: NativeClass:/Script/Engine.SpotLight Name:SpotLight_UAID_E4A8DFCE26228F9201_1203885503 Label:SpotLight SpatiallyLoaded:1 Bounds:IsValid=true, Min=(X=-1834.215 Y=-2400.652 Z=-4320.374), Max=(X=3315.013 Y=2748.576 Z=828.854) RuntimeGrid:None EditorOnly:0 RuntimeOnly:0 HLODRelevant:0
 |   |   |- [+] [  5]
 |   |   |   |- Guid:78D2B3924588F8799F44B1AE917A3503 BaseClass: NativeClass:/Script/Engine.StaticMeshActor Name:StaticMeshActor_UAID_E4A8DFCE2622828701_1441397639 Label:arena17-_uv4_column SpatiallyLoaded:1 Bounds:IsValid=true, Min=(X=-324.959 Y=-863.082 Z=275.755), Max=(X=1760.614 Y=1190.806 Z=632.125) RuntimeGrid:None EditorOnly:0 RuntimeOnly:0 HLODRelevant:1 FolderPath:Playground FolderGuid:C73F09FC4215536B1DCE2A9E0A830C70
 |   |   |- [+] [  6]
 |   |   |   |- Guid:E5C83B5948995E2D3BBDD0A43C7675AA BaseClass: NativeClass:/Script/Engine.StaticMeshActor Name:StaticMeshActor_UAID_E4A8DFCE2622828701_1441487646 Label:arena17-_uv4_frontGare SpatiallyLoaded:1 Bounds:IsValid=true, Min=(X=323.017 Y=1231.694 Z=137.692), Max=(X=1112.638 Y=1798.810 Z=756.303) RuntimeGrid:None EditorOnly:0 RuntimeOnly:0 HLODRelevant:1 FolderPath:Playground FolderGuid:C73F09FC4215536B1DCE2A9E0A830C70
 |   |   |- [+] [  7]
 |   |   |   |- Guid:F6F5B2B348377873AAD2F8A631C561FB BaseClass: NativeClass:/Script/Engine.StaticMeshActor Name:StaticMeshActor_UAID_E4A8DFCE2622828701_1441552651 Label:arena17-_uv4_logo SpatiallyLoaded:1 Bounds:IsValid=true, Min=(X=624.365 Y=1683.532 Z=403.758), Max=(X=818.249 Y=1693.139 Z=592.583) RuntimeGrid:None EditorOnly:0 RuntimeOnly:0 HLODRelevant:1 FolderPath:Playground FolderGuid:C73F09FC4215536B1DCE2A9E0A830C70
 |   |   |- [+] [  8]
 |   |   |   |- Guid:4D3BE93F4146AAAC8BBE79999D96D57F BaseClass: NativeClass:/Script/Engine.VolumetricCloud Name:VolumetricCloud_0 Label:VolumetricCloud SpatiallyLoaded:0 Bounds:IsValid=true, Min=(X=730.000 Y=140.000 Z=1030.000), Max=(X=730.000 Y=140.000 Z=1030.000) RuntimeGrid:None EditorOnly:0 RuntimeOnly:0 HLODRelevant:0 FolderPath:Lighting FolderGuid:963EC3EB4002CCE9759E2EBA541A873A
 |   |   |- [+] [  9]
 |   |   |   |- Guid:CC0B1D004696BAF032B950BE55FA856D BaseClass: NativeClass:/Script/Engine.StaticMeshActor Name:StaticMeshActor_UAID_E4A8DFCE2622828701_1441346635 Label:arena17-_uv4_chain2_003 SpatiallyLoaded:1 Bounds:IsValid=true, Min=(X=245.299 Y=1264.272 Z=276.672), Max=(X=356.603 Y=1279.554 Z=714.759) RuntimeGrid:None EditorOnly:0 RuntimeOnly:0 HLODRelevant:1 FolderPath:Playground FolderGuid:C73F09FC4215536B1DCE2A9E0A830C70
 |   |   |- [+] [ 10]
 |   |   |   |- Guid:4257F77E47CB5FBAB5616D9763F4DF07 BaseClass: NativeClass:/Script/Engine.StaticMeshActor Name:StaticMeshActor_UAID_E4A8DFCE2622828701_1441617656 Label:arena17-_uv4_woodColumns_001 SpatiallyLoaded:1 Bounds:IsValid=true, Min=(X=-1264.383 Y=-275.722 Z=-403.937), Max=(X=2700.038 Y=2076.520 Z=499.755) RuntimeGrid:None EditorOnly:0 RuntimeOnly:0 HLODRelevant:1 FolderPath:Playground FolderGuid:C73F09FC4215536B1DCE2A9E0A830C70
 |   |   |- [+] [ 11]
 |   |   |   |- Guid:CCFF262C46EEFFDF319E7F9539CE697E BaseClass: NativeClass:/Script/Engine.SkyAtmosphere Name:SkyAtmosphere_0 Label:SkyAtmosphere SpatiallyLoaded:0 Bounds:IsValid=true, Min=(X=730.000 Y=140.000 Z=1230.000), Max=(X=730.000 Y=140.000 Z=1230.000) RuntimeGrid:None EditorOnly:0 RuntimeOnly:0 HLODRelevant:0 FolderPath:Lighting FolderGuid:963EC3EB4002CCE9759E2EBA541A873A
 |   |   |- [+] [ 12]
 |   |   |   |- Guid:EC4E0C944CE6AC6E784BC6BB2916EA13 BaseClass: NativeClass:/Script/Engine.StaticMeshActor Name:StaticMeshActor_UAID_A4AE111137DC5EFB00_1110535423 Label:SM_SkySphere SpatiallyLoaded:0 Bounds:IsValid=true, Min=(X=-1637670.000 Y=-1638260.000 Z=-1638190.000), Max=(X=1639130.000 Y=1638540.000 Z=1638610.000) RuntimeGrid:None EditorOnly:0 RuntimeOnly:0 HLODRelevant:1 FolderPath:Lighting FolderGuid:963EC3EB4002CCE9759E2EBA541A873A
 |   |   |- [+] [ 13]
 |   |   |   |- Guid:D2482BFF4C6C1812787C5F9E81CB4280 BaseClass: NativeClass:/Script/Engine.StaticMeshActor Name:StaticMeshActor_UAID_E4A8DFCE2622828701_1441578653 Label:arena17-_uv4_planks SpatiallyLoaded:1 Bounds:IsValid=true, Min=(X=-1204.676 Y=-1096.190 Z=258.132), Max=(X=2640.331 Y=1988.234 Z=279.858) RuntimeGrid:None EditorOnly:0 RuntimeOnly:0 HLODRelevant:1 FolderPath:Playground FolderGuid:C73F09FC4215536B1DCE2A9E0A830C70
 |   |   |- [+] [ 14]
 |   |   |   |- Guid:B785ED2844B84CFB91E7F39FE661CD99 BaseClass: NativeClass:/Script/Engine.DirectionalLight Name:DirectionalLight_0 Label:DirectionalLight SpatiallyLoaded:0 Bounds:IsValid=true, Min=(X=-4398046511104.000 Y=-4398046511104.000 Z=-4398046511104.000), Max=(X=4398046511104.000 Y=4398046511104.000 Z=4398046511104.000) RuntimeGrid:None EditorOnly:0 RuntimeOnly:0 HLODRelevant:0 FolderPath:Lighting FolderGuid:963EC3EB4002CCE9759E2EBA541A873A
 |   |   |- [+] [ 15]
 |   |   |   |- Guid:E72DA9D24F0E3D60A8797B9F8F5F73D5 BaseClass: NativeClass:/Script/Engine.StaticMeshActor Name:StaticMeshActor_UAID_E4A8DFCE2622828701_1441422641 Label:arena17-_uv4_Cube_001 SpatiallyLoaded:1 Bounds:IsValid=true, Min=(X=-179.351 Y=-276.520 Z=247.703), Max=(X=-59.177 Y=-193.123 Z=307.703) RuntimeGrid:None EditorOnly:0 RuntimeOnly:0 HLODRelevant:1 FolderPath:Playground FolderGuid:C73F09FC4215536B1DCE2A9E0A830C70
 |   |   |- [+] [ 16]
 |   |   |   |- Guid:316CF2A6494ACA4C0E4180A87D36AB8F BaseClass: NativeClass:/Script/Engine.ExponentialHeightFog Name:ExponentialHeightFog_0 Label:ExponentialHeightFog SpatiallyLoaded:0 Bounds:IsValid=true, Min=(X=-4870.000 Y=90.000 Z=-6640.000), Max=(X=-4870.000 Y=90.000 Z=-6640.000) RuntimeGrid:None EditorOnly:0 RuntimeOnly:0 HLODRelevant:0 FolderPath:Lighting FolderGuid:963EC3EB4002CCE9759E2EBA541A873A
 |   |   |- [+] [ 17]
 |   |   |   |- Guid:42A7109040C0420931B088A58414C3CA BaseClass: NativeClass:/Script/Engine.StaticMeshActor Name:StaticMeshActor_UAID_E4A8DFCE2622828701_1441288630 Label:arena17-_uv4_chain SpatiallyLoaded:1 Bounds:IsValid=true, Min=(X=-399.074 Y=-938.164 Z=279.926), Max=(X=1834.729 Y=1261.702 Z=499.098) RuntimeGrid:None EditorOnly:0 RuntimeOnly:0 HLODRelevant:1 FolderPath:Playground FolderGuid:C73F09FC4215536B1DCE2A9E0A830C70
 |   |   |- [+] [ 18]
 |   |   |   |- Guid:BF41B76A4170E70F00DA7BB3BEE79C20 BaseClass: NativeClass:/Script/Engine.StaticMeshActor Name:StaticMeshActor_UAID_E4A8DFCE2622828701_1441591654 Label:arena17-_uv4_rings SpatiallyLoaded:1 Bounds:IsValid=true, Min=(X=-251.216 Y=-775.902 Z=359.369), Max=(X=1685.635 Y=1160.949 Z=838.032) RuntimeGrid:None EditorOnly:0 RuntimeOnly:0 HLODRelevant:1 FolderPath:Playground FolderGuid:C73F09FC4215536B1DCE2A9E0A830C70
 |   |   |- [+] [ 19]
 |   |   |   |- Guid:75A31E7A4F7020A840DAB7B449E7AC19 BaseClass: NativeClass:/Script/Engine.StaticMeshActor Name:StaticMeshActor_UAID_E4A8DFCE2622828701_1441604655 Label:arena17-_uv4_top SpatiallyLoaded:1 Bounds:IsValid=true, Min=(X=697.413 Y=172.814 Z=886.587), Max=(X=736.937 Y=212.338 Z=910.371) RuntimeGrid:None EditorOnly:0 RuntimeOnly:0 HLODRelevant:1 FolderPath:Playground FolderGuid:C73F09FC4215536B1DCE2A9E0A830C70
 |   |   |- [+] [ 20]
 |   |   |   |- Guid:C5E50D97452405127D5471828B958F7A BaseClass: NativeClass:/Script/Engine.StaticMeshActor Name:StaticMeshActor_UAID_E4A8DFCE2622828701_1441539650 Label:arena17-_uv4_lock2_002 SpatiallyLoaded:1 Bounds:IsValid=true, Min=(X=1455.061 Y=-292.879 Z=-10.425), Max=(X=1577.864 Y=-158.473 Z=88.410) RuntimeGrid:None EditorOnly:0 RuntimeOnly:0 HLODRelevant:1 FolderPath:Playground FolderGuid:C73F09FC4215536B1DCE2A9E0A830C70
 |   |   |- [+] [ 21]
 |   |   |   |- Guid:B5B84DE343BFC072B8004BA7FA783143 BaseClass: NativeClass:/Script/Engine.SkeletalMeshActor Name:SkeletalMeshActor_UAID_E4A8DFCE26222E8C01_1908813095 Label:Michal_Tofel_fbx_Anim SpatiallyLoaded:1 Bounds:IsValid=true, Min=(X=745.103 Y=239.964 Z=-70.991), Max=(X=890.746 Y=358.907 Z=147.237) RuntimeGrid:None EditorOnly:0 RuntimeOnly:0 HLODRelevant:0
 |   |   |- [+] [ 22]
 |   |   |   |- Guid:83FBD69F43CBC5700338AFB1B50A49C0 BaseClass: NativeClass:/Script/Engine.StaticMeshActor Name:StaticMeshActor_UAID_E4A8DFCE2622828701_1441461644 Label:arena17-_uv4_Cylinder_001 SpatiallyLoaded:1 Bounds:IsValid=true, Min=(X=-167.973 Y=-366.778 Z=49.285), Max=(X=3.759 Y=-86.466 Z=253.953) RuntimeGrid:None EditorOnly:0 RuntimeOnly:0 HLODRelevant:1 FolderPath:Playground FolderGuid:C73F09FC4215536B1DCE2A9E0A830C70
 |   |   |- [+] [ 23]
 |   |   |   |- Guid:2FB58999456391D349DC0F86DAC136ED BaseClass: NativeClass:/Script/Engine.SkyLight Name:SkyLight_1 Label:SkyLight SpatiallyLoaded:0 Bounds:IsValid=true, Min=(X=730.000 Y=140.000 Z=900.000), Max=(X=730.000 Y=140.000 Z=900.000) RuntimeGrid:None EditorOnly:0 RuntimeOnly:0 HLODRelevant:0 FolderPath:Lighting FolderGuid:963EC3EB4002CCE9759E2EBA541A873A
 |   |   |- [+] [ 24]
 |   |   |   |- Guid:2835485B4C8D3CCE218B689252A99964 BaseClass: NativeClass:/Script/Engine.StaticMeshActor Name:StaticMeshActor_UAID_E4A8DFCE2622828701_1441334634 Label:arena17-_uv4_chain2_002 SpatiallyLoaded:1 Bounds:IsValid=true, Min=(X=431.252 Y=1264.309 Z=531.262), Max=(X=513.722 Y=1279.592 Z=596.522) RuntimeGrid:None EditorOnly:0 RuntimeOnly:0 HLODRelevant:1 FolderPath:Playground FolderGuid:C73F09FC4215536B1DCE2A9E0A830C70
 |   |   |- [+] [ 25]
 |   |   |   |- Guid:FBF669AF4BD2848E42F676BBB135CD92 BaseClass: NativeClass:/Script/Engine.StaticMeshActor Name:StaticMeshActor_UAID_E4A8DFCE2622828701_1441358636 Label:arena17-_uv4_chain2_004 SpatiallyLoaded:1 Bounds:IsValid=true, Min=(X=1079.013 Y=1264.309 Z=276.729), Max=(X=1190.421 Y=1279.592 Z=714.759) RuntimeGrid:None EditorOnly:0 RuntimeOnly:0 HLODRelevant:1 FolderPath:Playground FolderGuid:C73F09FC4215536B1DCE2A9E0A830C70
 |   |   |- [+] [ 26]
 |   |   |   |- Guid:3D45C8F047051E51303B58B5C4954DE3 BaseClass: NativeClass:/Script/Engine.StaticMeshActor Name:StaticMeshActor_UAID_E4A8DFCE2622828701_1441435642 Label:arena17-_uv4_Cube_002 SpatiallyLoaded:1 Bounds:IsValid=true, Min=(X=1484.013 Y=-303.984 Z=247.193), Max=(X=1603.772 Y=-197.664 Z=307.193) RuntimeGrid:None EditorOnly:0 RuntimeOnly:0 HLODRelevant:1 FolderPath:Playground FolderGuid:C73F09FC4215536B1DCE2A9E0A830C70
 |   |   |- [+] [ 27]
 |   |   |   |- Guid:32BDE18D41616B60A5D90F9ADF0B1323 BaseClass: NativeClass:/Script/Engine.StaticMeshActor Name:StaticMeshActor_UAID_E4A8DFCE2622989201_1668607101 Label:Plane SpatiallyLoaded:1 Bounds:IsValid=true, Min=(X=-84.375 Y=2136.438 Z=113.000), Max=(X=1484.375 Y=3089.562 Z=113.000) RuntimeGrid:None EditorOnly:0 RuntimeOnly:0 HLODRelevant:1
 |   |   |- [+] [ 28]
 |   |   |   |- Guid:42D2EF3842E07C9E0DF1609271DC03E4 BaseClass: NativeClass:/Script/Engine.StaticMeshActor Name:StaticMeshActor_UAID_E4A8DFCE2622828701_1441311632 Label:arena17-_uv4_chain2 SpatiallyLoaded:1 Bounds:IsValid=true, Min=(X=709.533 Y=184.953 Z=897.858), Max=(X=724.806 Y=200.236 Z=1030.798) RuntimeGrid:None EditorOnly:0 RuntimeOnly:0 HLODRelevant:1 FolderPath:Playground FolderGuid:C73F09FC4215536B1DCE2A9E0A830C70
 |   |   |- [+] [ 29]
 |   |   |   |- Guid:59703F964E03F300FD8554BF42FD75FC BaseClass: NativeClass:/Script/Engine.PlayerStart Name:PlayerStart_UAID_E4A8DFCE2622828701_1569311657 Label:PlayerStart SpatiallyLoaded:0 Bounds:IsValid=true, Min=(X=280.000 Y=-1090.000 Z=-62.000), Max=(X=360.000 Y=-1010.000 Z=122.000) RuntimeGrid:None EditorOnly:0 RuntimeOnly:0 HLODRelevant:0 FolderPath:World FolderGuid:4AC79D5941B9F871585166A0C024B569
 |   |   |- [+] [ 30]
 |   |   |   |- Guid:E2F614BB418380854F05DDB8512E6B95 BaseClass:/Game/ThirdPerson/Maps/Arena/arena-httyd/Gate.Gate_C NativeClass:/Script/Engine.Actor Name:Gate_C_UAID_E4A8DFCE2622949201_1652955396 Label:Gate SpatiallyLoaded:1 Bounds:IsValid=true, Min=(X=194.517 Y=-782.371 Z=-67.238), Max=(X=1243.848 Y=-691.709 Z=245.970) RuntimeGrid:None EditorOnly:0 RuntimeOnly:0 HLODRelevant:0 FolderPath:Playground FolderGuid:C73F09FC4215536B1DCE2A9E0A830C70
 |   |   |- [+] [ 31]
 |   |   |   |- Guid:D0D9A0D5488C3E3F3FF797A548CE1F09 BaseClass: NativeClass:/Script/Engine.StaticMeshActor Name:StaticMeshActor_UAID_E4A8DFCE2622828701_1441322633 Label:arena17-_uv4_chain2_001 SpatiallyLoaded:1 Bounds:IsValid=true, Min=(X=921.895 Y=1264.309 Z=531.333), Max=(X=1004.764 Y=1279.592 Z=596.041) RuntimeGrid:None EditorOnly:0 RuntimeOnly:0 HLODRelevant:1 FolderPath:Playground FolderGuid:C73F09FC4215536B1DCE2A9E0A830C70
 |   |   |- [+] [ 32]
 |   |   |   |- Guid:7DEA0D5F47E6CB53BD4DB0B7ACCA040D BaseClass: NativeClass:/Script/Engine.StaticMeshActor Name:StaticMeshActor_UAID_E4A8DFCE2622828701_1441299631 Label:arena17-_uv4_chain1 SpatiallyLoaded:1 Bounds:IsValid=true, Min=(X=-55.070 Y=-589.136 Z=608.104), Max=(X=1490.725 Y=975.076 Z=897.494) RuntimeGrid:None EditorOnly:0 RuntimeOnly:0 HLODRelevant:1 FolderPath:Playground FolderGuid:C73F09FC4215536B1DCE2A9E0A830C70
 |   |   |- [+] [ 33]
 |   |   |   |- Guid:8F9663914D9BB4FC5F4540A00EFA26E5 BaseClass: NativeClass:/Script/Engine.StaticMeshActor Name:StaticMeshActor_UAID_E4A8DFCE2622828701_1441384638 Label:arena17-_uv4_chain2_007 SpatiallyLoaded:1 Bounds:IsValid=true, Min=(X=405.491 Y=1672.021 Z=484.374), Max=(X=724.983 Y=1687.303 Z=708.863) RuntimeGrid:None EditorOnly:0 RuntimeOnly:0 HLODRelevant:1 FolderPath:Playground FolderGuid:C73F09FC4215536B1DCE2A9E0A830C70
 |   |   |- [+] [ 34]
 |   |   |   |- Guid:23CAD0394A9EFC05FB29DC93851A2C1B BaseClass: NativeClass:/Script/Engine.StaticMeshActor Name:StaticMeshActor_UAID_E4A8DFCE2622828701_1441259628 Label:arena17-_uv4_arena_main SpatiallyLoaded:1 Bounds:IsValid=true, Min=(X=-636.116 Y=-1243.970 Z=-67.988), Max=(X=2071.771 Y=2142.061 Z=287.961) RuntimeGrid:None EditorOnly:0 RuntimeOnly:0 HLODRelevant:1 FolderPath:Playground FolderGuid:C73F09FC4215536B1DCE2A9E0A830C70
 |   |   |- [+] [ 35]
 |   |   |   |- Guid:540D5F294BC7F35C50E068920B4A4BFB BaseClass: NativeClass:/Script/Engine.StaticMeshActor Name:StaticMeshActor_UAID_E4A8DFCE2622828701_1441371637 Label:arena17-_uv4_chain2_006 SpatiallyLoaded:1 Bounds:IsValid=true, Min=(X=714.583 Y=1671.983 Z=484.374), Max=(X=1034.075 Y=1687.266 Z=708.863) RuntimeGrid:None EditorOnly:0 RuntimeOnly:0 HLODRelevant:1 FolderPath:Playground FolderGuid:C73F09FC4215536B1DCE2A9E0A830C70
 |   |   |- [+] [ 36]
 |   |   |   |- Guid:06D40092469E3CFC5F3943BA103A1956 BaseClass: NativeClass:/Script/Engine.StaticMeshActor Name:StaticMeshActor_UAID_E4A8DFCE2622828701_1441275629 Label:arena17-_uv4_arena_main_001 SpatiallyLoaded:1 Bounds:IsValid=true, Min=(X=-1575.197 Y=-3082.743 Z=237.853), Max=(X=3010.852 Y=-668.135 Z=282.012) RuntimeGrid:None EditorOnly:0 RuntimeOnly:0 HLODRelevant:1 FolderPath:Playground FolderGuid:C73F09FC4215536B1DCE2A9E0A830C70
 |   |   |- [+] [ 37]
 |   |   |   |- Guid:7244789348CB95BEE142AF95C3517900 BaseClass:/Game/ThirdPerson/Maps/Arena/arena-httyd/MainGate.MainGate_C NativeClass:/Script/Engine.Actor Name:MainGate_C_UAID_E4A8DFCE2622DF9201_1188267598 Label:MainGate SpatiallyLoaded:1 Bounds:IsValid=true, Min=(X=490.556 Y=1258.681 Z=-69.153), Max=(X=949.444 Y=1282.681 Z=278.855) RuntimeGrid:None EditorOnly:0 RuntimeOnly:0 HLODRelevant:0
 |- ContainerInstances:
 |- [+] MainContainer:
 |   |-        ID: 0x0000000000000000
 |   |-    Bounds: IsValid=false, Min=(X=0.000 Y=0.000 Z=0.000), Max=(X=0.000 Y=0.000 Z=0.000)
 |   |- Transform: 0.000000,0.000000,0.000000|0.000000,0.000000,-0.000000|1.000000,1.000000,1.000000
 |   |- Container: /Game/ThirdPerson/Maps/ThirdPersonMap
----------------------------------------------------------------------------------------------------------------
ThirdPersonMap - Persistent Level
----------------------------------------------------------------------------------------------------------------
Always loaded Actor Count: 46 

----------------------------------------------------------------------------------------------------------------
ThirdPersonMap - Runtime Spatial Hash - Streaming Grid - MainGrid
----------------------------------------------------------------------------------------------------------------
            Origin: X=0.000 Y=0.000 Z=0.000
         Cell Size: 12800
      World Bounds: IsValid=false, Min=(X=0.000 Y=0.000 Z=0.000), Max=(X=0.000 Y=0.000 Z=0.000)
     Loading Range: 25600.00
Block Slow Loading: No
 ClientOnlyVisible: No

[+] Grid Levels: 1
 |- Level  0: Cell Count    0 | Cell Size   12800 | Actor Count    0 (0.0%)

[+] Content of Grid Level 0

