[+] Containers:
 |- [+] Container: /Game/ThirdPerson/Maps/ThirdPersonMap
 |   |- [+] ActorDescs:
 |   |   |- Guid:06D40092469E3CFC5F3943BA103A1956 BaseClass: NativeClass:/Script/Engine.StaticMeshActor Name:StaticMeshActor_UAID_E4A8DFCE2622828701_1441275629 Label:arena17-_uv4_arena_main_001 SpatiallyLoaded:1 Bounds:IsValid=true, Min=(X=861.105 Y=-2293.024 Z=124.853), Max=(X=3275.713 Y=2293.024 Z=169.012) RuntimeGrid:None EditorOnly:0 RuntimeOnly:0 HLODRelevant:1 FolderPath:Playground FolderGuid:C73F09FC4215536B1DCE2A9E0A830C70
 |   |   |- Guid:16FC4A6F40CD8D79A5559E9CB2AA0D15 BaseClass: NativeClass:/Script/Engine.StaticMeshActor Name:StaticMeshActor_UAID_E4A8DFCE2622828701_1441409640 Label:arena17-_uv4_Cube SpatiallyLoaded:1 Bounds:IsValid=true, Min=(X=839.430 Y=-30.000 Z=134.193), Max=(X=950.780 Y=30.000 Z=194.193) RuntimeGrid:None EditorOnly:0 RuntimeOnly:0 HLODRelevant:1 FolderPath:Playground FolderGuid:C73F09FC4215536B1DCE2A9E0A830C70
 |   |   |- Guid:23CAD0394A9EFC05FB29DC93851A2C1B BaseClass: NativeClass:/Script/Engine.StaticMeshActor Name:StaticMeshActor_UAID_E4A8DFCE2622828701_1441259628 Label:arena17-_uv4_arena_main SpatiallyLoaded:1 Bounds:IsValid=true, Min=(X=-1949.091 Y=-1353.943 Z=-180.988), Max=(X=1436.939 Y=1353.943 Z=174.961) RuntimeGrid:None EditorOnly:0 RuntimeOnly:0 HLODRelevant:1 FolderPath:Playground FolderGuid:C73F09FC4215536B1DCE2A9E0A830C70
 |   |   |- Guid:2835485B4C8D3CCE218B689252A99964 BaseClass: NativeClass:/Script/Engine.StaticMeshActor Name:StaticMeshActor_UAID_E4A8DFCE2622828701_1441334634 Label:arena17-_uv4_chain2_002 SpatiallyLoaded:1 Bounds:IsValid=true, Min=(X=-1086.622 Y=-286.576 Z=418.262), Max=(X=-1071.340 Y=-204.106 Z=483.522) RuntimeGrid:None EditorOnly:0 RuntimeOnly:0 HLODRelevant:1 FolderPath:Playground FolderGuid:C73F09FC4215536B1DCE2A9E0A830C70
 |   |   |- Guid:2FB58999456391D349DC0F86DAC136ED BaseClass: NativeClass:/Script/Engine.SkyLight Name:SkyLight_1 Label:SkyLight SpatiallyLoaded:0 Bounds:IsValid=true, Min=(X=0.000 Y=0.000 Z=690.000), Max=(X=0.000 Y=0.000 Z=690.000) RuntimeGrid:None EditorOnly:0 RuntimeOnly:0 HLODRelevant:0 FolderPath:Lighting FolderGuid:963EC3EB4002CCE9759E2EBA541A873A
 |   |   |- Guid:316CF2A6494ACA4C0E4180A87D36AB8F BaseClass: NativeClass:/Script/Engine.ExponentialHeightFog Name:ExponentialHeightFog_0 Label:ExponentialHeightFog SpatiallyLoaded:0 Bounds:IsValid=true, Min=(X=-5600.000 Y=-50.000 Z=-6850.000), Max=(X=-5600.000 Y=-50.000 Z=-6850.000) RuntimeGrid:None EditorOnly:0 RuntimeOnly:0 HLODRelevant:0 FolderPath:Lighting FolderGuid:963EC3EB4002CCE9759E2EBA541A873A
 |   |   |- Guid:3D45C8F047051E51303B58B5C4954DE3 BaseClass: NativeClass:/Script/Engine.StaticMeshActor Name:StaticMeshActor_UAID_E4A8DFCE2622828701_1441435642 Label:arena17-_uv4_Cube_002 SpatiallyLoaded:1 Bounds:IsValid=true, Min=(X=390.633 Y=766.185 Z=134.193), Max=(X=496.954 Y=885.944 Z=194.193) RuntimeGrid:None EditorOnly:0 RuntimeOnly:0 HLODRelevant:1 FolderPath:Playground FolderGuid:C73F09FC4215536B1DCE2A9E0A830C70
 |   |   |- Guid:4257F77E47CB5FBAB5616D9763F4DF07 BaseClass: NativeClass:/Script/Engine.StaticMeshActor Name:StaticMeshActor_UAID_E4A8DFCE2622828701_1441617656 Label:arena17-_uv4_woodColumns_001 SpatiallyLoaded:1 Bounds:IsValid=true, Min=(X=-1883.550 Y=-1982.211 Z=-516.937), Max=(X=468.692 Y=1982.211 Z=386.755) RuntimeGrid:None EditorOnly:0 RuntimeOnly:0 HLODRelevant:1 FolderPath:Playground FolderGuid:C73F09FC4215536B1DCE2A9E0A830C70
 |   |   |- Guid:42A7109040C0420931B088A58414C3CA BaseClass: NativeClass:/Script/Engine.StaticMeshActor Name:StaticMeshActor_UAID_E4A8DFCE2622828701_1441288630 Label:arena17-_uv4_chain SpatiallyLoaded:1 Bounds:IsValid=true, Min=(X=-1068.733 Y=-1116.901 Z=166.926), Max=(X=1131.134 Y=1116.901 Z=386.098) RuntimeGrid:None EditorOnly:0 RuntimeOnly:0 HLODRelevant:1 FolderPath:Playground FolderGuid:C73F09FC4215536B1DCE2A9E0A830C70
 |   |   |- Guid:42D2EF3842E07C9E0DF1609271DC03E4 BaseClass: NativeClass:/Script/Engine.StaticMeshActor Name:StaticMeshActor_UAID_E4A8DFCE2622828701_1441311632 Label:arena17-_uv4_chain2 SpatiallyLoaded:1 Bounds:IsValid=true, Min=(X=-7.266 Y=-8.294 Z=784.858), Max=(X=8.017 Y=6.978 Z=917.798) RuntimeGrid:None EditorOnly:0 RuntimeOnly:0 HLODRelevant:1 FolderPath:Playground FolderGuid:C73F09FC4215536B1DCE2A9E0A830C70
 |   |   |- Guid:4D3BE93F4146AAAC8BBE79999D96D57F BaseClass: NativeClass:/Script/Engine.VolumetricCloud Name:VolumetricCloud_0 Label:VolumetricCloud SpatiallyLoaded:0 Bounds:IsValid=true, Min=(X=0.000 Y=0.000 Z=820.000), Max=(X=0.000 Y=0.000 Z=820.000) RuntimeGrid:None EditorOnly:0 RuntimeOnly:0 HLODRelevant:0 FolderPath:Lighting FolderGuid:963EC3EB4002CCE9759E2EBA541A873A
 |   |   |- Guid:540D5F294BC7F35C50E068920B4A4BFB BaseClass: NativeClass:/Script/Engine.StaticMeshActor Name:StaticMeshActor_UAID_E4A8DFCE2622828701_1441371637 Label:arena17-_uv4_chain2_006 SpatiallyLoaded:1 Bounds:IsValid=true, Min=(X=-1494.296 Y=-3.245 Z=371.374), Max=(X=-1479.014 Y=316.247 Z=595.863) RuntimeGrid:None EditorOnly:0 RuntimeOnly:0 HLODRelevant:1 FolderPath:Playground FolderGuid:C73F09FC4215536B1DCE2A9E0A830C70
 |   |   |- Guid:59703F964E03F300FD8554BF42FD75FC BaseClass: NativeClass:/Script/Engine.PlayerStart Name:PlayerStart_UAID_E4A8DFCE2622828701_1569311657 Label:PlayerStart SpatiallyLoaded:0 Bounds:IsValid=true, Min=(X=-2210.000 Y=-40.000 Z=5.000), Max=(X=-2130.000 Y=40.000 Z=189.000) RuntimeGrid:None EditorOnly:0 RuntimeOnly:0 HLODRelevant:0
 |   |   |- Guid:6BAF4DDD444C60371492D3919DB42C97 BaseClass: NativeClass:/Script/Engine.WorldDataLayers Name:WorldDataLayers Label:WorldDataLayers SpatiallyLoaded:0 Bounds:IsValid=true, Min=(X=0.000 Y=0.000 Z=0.000), Max=(X=0.000 Y=0.000 Z=0.000) RuntimeGrid:None EditorOnly:0 RuntimeOnly:0 HLODRelevant:0
 |   |   |- Guid:6CAB7E494342DBAE1C9650AD4E840C8F BaseClass: NativeClass:/Script/Engine.StaticMeshActor Name:StaticMeshActor_UAID_E4A8DFCE2622828701_1441500647 Label:arena17-_uv4_gateIn SpatiallyLoaded:1 Bounds:IsValid=true, Min=(X=902.664 Y=-529.748 Z=-179.887), Max=(X=934.790 Y=528.442 Z=127.765) RuntimeGrid:None EditorOnly:0 RuntimeOnly:0 HLODRelevant:1 FolderPath:Playground FolderGuid:C73F09FC4215536B1DCE2A9E0A830C70
 |   |   |- Guid:75A31E7A4F7020A840DAB7B449E7AC19 BaseClass: NativeClass:/Script/Engine.StaticMeshActor Name:StaticMeshActor_UAID_E4A8DFCE2622828701_1441604655 Label:arena17-_uv4_top SpatiallyLoaded:1 Bounds:IsValid=true, Min=(X=-19.368 Y=-20.415 Z=773.587), Max=(X=20.156 Y=19.109 Z=797.371) RuntimeGrid:None EditorOnly:0 RuntimeOnly:0 HLODRelevant:1 FolderPath:Playground FolderGuid:C73F09FC4215536B1DCE2A9E0A830C70
 |   |   |- Guid:78D2B3924588F8799F44B1AE917A3503 BaseClass: NativeClass:/Script/Engine.StaticMeshActor Name:StaticMeshActor_UAID_E4A8DFCE2622828701_1441397639 Label:arena17-_uv4_column SpatiallyLoaded:1 Bounds:IsValid=true, Min=(X=-997.836 Y=-1042.786 Z=162.755), Max=(X=1056.052 Y=1042.786 Z=519.125) RuntimeGrid:None EditorOnly:0 RuntimeOnly:0 HLODRelevant:1 FolderPath:Playground FolderGuid:C73F09FC4215536B1DCE2A9E0A830C70
 |   |   |- Guid:7DEA0D5F47E6CB53BD4DB0B7ACCA040D BaseClass: NativeClass:/Script/Engine.StaticMeshActor Name:StaticMeshActor_UAID_E4A8DFCE2622828701_1441299631 Label:arena17-_uv4_chain1 SpatiallyLoaded:1 Bounds:IsValid=true, Min=(X=-782.106 Y=-772.897 Z=495.104), Max=(X=782.106 Y=772.897 Z=784.494) RuntimeGrid:None EditorOnly:0 RuntimeOnly:0 HLODRelevant:1 FolderPath:Playground FolderGuid:C73F09FC4215536B1DCE2A9E0A830C70
 |   |   |- Guid:83FBD69F43CBC5700338AFB1B50A49C0 BaseClass: NativeClass:/Script/Engine.StaticMeshActor Name:StaticMeshActor_UAID_E4A8DFCE2622828701_1441461644 Label:arena17-_uv4_Cylinder_001 SpatiallyLoaded:1 Bounds:IsValid=true, Min=(X=279.436 Y=-885.801 Z=-63.715), Max=(X=559.747 Y=-714.068 Z=140.953) RuntimeGrid:None EditorOnly:0 RuntimeOnly:0 HLODRelevant:1 FolderPath:Playground FolderGuid:C73F09FC4215536B1DCE2A9E0A830C70
 |   |   |- Guid:8F9663914D9BB4FC5F4540A00EFA26E5 BaseClass: NativeClass:/Script/Engine.StaticMeshActor Name:StaticMeshActor_UAID_E4A8DFCE2622828701_1441384638 Label:arena17-_uv4_chain2_007 SpatiallyLoaded:1 Bounds:IsValid=true, Min=(X=-1494.334 Y=-312.336 Z=371.374), Max=(X=-1479.051 Y=7.156 Z=595.863) RuntimeGrid:None EditorOnly:0 RuntimeOnly:0 HLODRelevant:1 FolderPath:Playground FolderGuid:C73F09FC4215536B1DCE2A9E0A830C70
 |   |   |- Guid:B1D13D2E48FECE7BAFCE5EAE81CC4460 BaseClass: NativeClass:/Script/Engine.StaticMeshActor Name:StaticMeshActor_UAID_E4A8DFCE2622828701_1441513648 Label:arena17-_uv4_lock2 SpatiallyLoaded:1 Bounds:IsValid=true, Min=(X=826.643 Y=-56.181 Z=-123.425), Max=(X=908.818 Y=54.875 Z=-24.590) RuntimeGrid:None EditorOnly:0 RuntimeOnly:0 HLODRelevant:1 FolderPath:Playground FolderGuid:C73F09FC4215536B1DCE2A9E0A830C70
 |   |   |- Guid:B785ED2844B84CFB91E7F39FE661CD99 BaseClass: NativeClass:/Script/Engine.DirectionalLight Name:DirectionalLight_0 Label:DirectionalLight SpatiallyLoaded:0 Bounds:IsValid=true, Min=(X=-1048576.000 Y=-1048576.000 Z=-1048576.000), Max=(X=1048576.000 Y=1048576.000 Z=1048576.000) RuntimeGrid:None EditorOnly:0 RuntimeOnly:0 HLODRelevant:0 FolderPath:Lighting FolderGuid:963EC3EB4002CCE9759E2EBA541A873A
 |   |   |- Guid:B9EB6BC14E256A09E6360BA8B5B77D00 BaseClass: NativeClass:/Script/Engine.StaticMeshActor Name:StaticMeshActor_UAID_E4A8DFCE2622828701_1441474645 Label:arena17-_uv4_Cylinder_003 SpatiallyLoaded:1 Bounds:IsValid=true, Min=(X=280.519 Y=707.962 Z=-64.225), Max=(X=556.921 Y=888.479 Z=140.443) RuntimeGrid:None EditorOnly:0 RuntimeOnly:0 HLODRelevant:1 FolderPath:Playground FolderGuid:C73F09FC4215536B1DCE2A9E0A830C70
 |   |   |- Guid:BF41B76A4170E70F00DA7BB3BEE79C20 BaseClass: NativeClass:/Script/Engine.StaticMeshActor Name:StaticMeshActor_UAID_E4A8DFCE2622828701_1441591654 Label:arena17-_uv4_rings SpatiallyLoaded:1 Bounds:IsValid=true, Min=(X=-967.979 Y=-969.044 Z=246.369), Max=(X=968.872 Y=967.807 Z=725.032) RuntimeGrid:None EditorOnly:0 RuntimeOnly:0 HLODRelevant:1 FolderPath:Playground FolderGuid:C73F09FC4215536B1DCE2A9E0A830C70
 |   |   |- Guid:C5E50D97452405127D5471828B958F7A BaseClass: NativeClass:/Script/Engine.StaticMeshActor Name:StaticMeshActor_UAID_E4A8DFCE2622828701_1441539650 Label:arena17-_uv4_lock2_002 SpatiallyLoaded:1 Bounds:IsValid=true, Min=(X=351.443 Y=737.233 Z=-123.425), Max=(X=485.849 Y=860.036 Z=-24.590) RuntimeGrid:None EditorOnly:0 RuntimeOnly:0 HLODRelevant:1 FolderPath:Playground FolderGuid:C73F09FC4215536B1DCE2A9E0A830C70
 |   |   |- Guid:CC0B1D004696BAF032B950BE55FA856D BaseClass: NativeClass:/Script/Engine.StaticMeshActor Name:StaticMeshActor_UAID_E4A8DFCE2622828701_1441346635 Label:arena17-_uv4_chain2_003 SpatiallyLoaded:1 Bounds:IsValid=true, Min=(X=-1086.585 Y=-472.528 Z=163.672), Max=(X=-1071.302 Y=-361.224 Z=601.759) RuntimeGrid:None EditorOnly:0 RuntimeOnly:0 HLODRelevant:1 FolderPath:Playground FolderGuid:C73F09FC4215536B1DCE2A9E0A830C70
 |   |   |- Guid:CCFF262C46EEFFDF319E7F9539CE697E BaseClass: NativeClass:/Script/Engine.SkyAtmosphere Name:SkyAtmosphere_0 Label:SkyAtmosphere SpatiallyLoaded:0 Bounds:IsValid=true, Min=(X=0.000 Y=0.000 Z=1020.000), Max=(X=0.000 Y=0.000 Z=1020.000) RuntimeGrid:None EditorOnly:0 RuntimeOnly:0 HLODRelevant:0 FolderPath:Lighting FolderGuid:963EC3EB4002CCE9759E2EBA541A873A
 |   |   |- Guid:D0D9A0D5488C3E3F3FF797A548CE1F09 BaseClass: NativeClass:/Script/Engine.StaticMeshActor Name:StaticMeshActor_UAID_E4A8DFCE2622828701_1441322633 Label:arena17-_uv4_chain2_001 SpatiallyLoaded:1 Bounds:IsValid=true, Min=(X=-1086.622 Y=204.067 Z=418.333), Max=(X=-1071.340 Y=286.936 Z=483.041) RuntimeGrid:None EditorOnly:0 RuntimeOnly:0 HLODRelevant:1 FolderPath:Playground FolderGuid:C73F09FC4215536B1DCE2A9E0A830C70
 |   |   |- Guid:D2482BFF4C6C1812787C5F9E81CB4280 BaseClass: NativeClass:/Script/Engine.StaticMeshActor Name:StaticMeshActor_UAID_E4A8DFCE2622828701_1441578653 Label:arena17-_uv4_planks SpatiallyLoaded:1 Bounds:IsValid=true, Min=(X=-1795.264 Y=-1922.503 Z=145.132), Max=(X=1289.160 Y=1922.503 Z=166.858) RuntimeGrid:None EditorOnly:0 RuntimeOnly:0 HLODRelevant:1 FolderPath:Playground FolderGuid:C73F09FC4215536B1DCE2A9E0A830C70
 |   |   |- Guid:D7130CF7462178E361EB729BF311C5B4 BaseClass: NativeClass:/Script/Engine.StaticMeshActor Name:StaticMeshActor_UAID_E4A8DFCE2622828701_1633683658 Label:Floor_400x400 SpatiallyLoaded:1 Bounds:IsValid=true, Min=(X=-2320.000 Y=-150.000 Z=-18.000), Max=(X=-1920.000 Y=250.000 Z=2.000) RuntimeGrid:None EditorOnly:0 RuntimeOnly:0 HLODRelevant:1
 |   |   |- Guid:D83C100F448C82641C766EB5CF4EF9B0 BaseClass: NativeClass:/Script/Engine.StaticMeshActor Name:StaticMeshActor_UAID_E4A8DFCE2622828701_1441447643 Label:arena17-_uv4_Cylinder SpatiallyLoaded:1 Bounds:IsValid=true, Min=(X=833.106 Y=-149.212 Z=-64.225), Max=(X=905.088 Y=146.446 Z=140.443) RuntimeGrid:None EditorOnly:0 RuntimeOnly:0 HLODRelevant:1 FolderPath:Playground FolderGuid:C73F09FC4215536B1DCE2A9E0A830C70
 |   |   |- Guid:E48B6D104DCE1573DF4026AB37A453AC BaseClass: NativeClass:/Script/Engine.StaticMeshActor Name:StaticMeshActor_UAID_E4A8DFCE2622828701_1441526649 Label:arena17-_uv4_lock2_001 SpatiallyLoaded:1 Bounds:IsValid=true, Min=(X=354.098 Y=-859.731 Z=-122.915), Max=(X=487.594 Y=-739.541 Z=-24.080) RuntimeGrid:None EditorOnly:0 RuntimeOnly:0 HLODRelevant:1 FolderPath:Playground FolderGuid:C73F09FC4215536B1DCE2A9E0A830C70
 |   |   |- Guid:E5C83B5948995E2D3BBDD0A43C7675AA BaseClass: NativeClass:/Script/Engine.StaticMeshActor Name:StaticMeshActor_UAID_E4A8DFCE2622828701_1441487646 Label:arena17-_uv4_frontGare SpatiallyLoaded:1 Bounds:IsValid=true, Min=(X=-1605.840 Y=-394.810 Z=24.692), Max=(X=-1038.724 Y=394.810 Z=643.303) RuntimeGrid:None EditorOnly:0 RuntimeOnly:0 HLODRelevant:1 FolderPath:Playground FolderGuid:C73F09FC4215536B1DCE2A9E0A830C70
 |   |   |- Guid:E72DA9D24F0E3D60A8797B9F8F5F73D5 BaseClass: NativeClass:/Script/Engine.StaticMeshActor Name:StaticMeshActor_UAID_E4A8DFCE2622828701_1441422641 Label:arena17-_uv4_Cube_001 SpatiallyLoaded:1 Bounds:IsValid=true, Min=(X=386.092 Y=-897.179 Z=134.703), Max=(X=469.490 Y=-777.005 Z=194.703) RuntimeGrid:None EditorOnly:0 RuntimeOnly:0 HLODRelevant:1 FolderPath:Playground FolderGuid:C73F09FC4215536B1DCE2A9E0A830C70
 |   |   |- Guid:EC4E0C944CE6AC6E784BC6BB2916EA13 BaseClass: NativeClass:/Script/Engine.StaticMeshActor Name:StaticMeshActor_UAID_A4AE111137DC5EFB00_1110535423 Label:SM_SkySphere SpatiallyLoaded:0 Bounds:IsValid=true, Min=(X=-1638400.000 Y=-1638400.000 Z=-1638400.000), Max=(X=1638400.000 Y=1638400.000 Z=1638400.000) RuntimeGrid:None EditorOnly:0 RuntimeOnly:0 HLODRelevant:1 FolderPath:Lighting FolderGuid:963EC3EB4002CCE9759E2EBA541A873A
 |   |   |- Guid:ED17E33F4C7A7920BD2814B388554A5F BaseClass: NativeClass:/Script/Engine.StaticMeshActor Name:StaticMeshActor_UAID_E4A8DFCE2622828701_1441564652 Label:arena17-_uv4_Plane SpatiallyLoaded:1 Bounds:IsValid=true, Min=(X=-1091.319 Y=-229.444 Z=80.847), Max=(X=-1067.319 Y=229.444 Z=428.855) RuntimeGrid:None EditorOnly:0 RuntimeOnly:0 HLODRelevant:1 FolderPath:Playground FolderGuid:C73F09FC4215536B1DCE2A9E0A830C70
 |   |   |- Guid:F5E3FEB3450C49844FD93DA8E083C8AD BaseClass: NativeClass:/Script/Engine.PostProcessVolume Name:PostProcessVolume_0 Label:PostProcessVolume SpatiallyLoaded:0 Bounds:IsValid=true, Min=(X=0.000 Y=0.000 Z=400.000), Max=(X=200.000 Y=200.000 Z=600.000) RuntimeGrid:None EditorOnly:0 RuntimeOnly:0 HLODRelevant:0 FolderPath:Lighting FolderGuid:963EC3EB4002CCE9759E2EBA541A873A
 |   |   |- Guid:F6F5B2B348377873AAD2F8A631C561FB BaseClass: NativeClass:/Script/Engine.StaticMeshActor Name:StaticMeshActor_UAID_E4A8DFCE2622828701_1441552651 Label:arena17-_uv4_logo SpatiallyLoaded:1 Bounds:IsValid=true, Min=(X=-1500.169 Y=-93.462 Z=290.758), Max=(X=-1490.562 Y=100.421 Z=479.583) RuntimeGrid:None EditorOnly:0 RuntimeOnly:0 HLODRelevant:1 FolderPath:Playground FolderGuid:C73F09FC4215536B1DCE2A9E0A830C70
 |   |   |- Guid:FBF669AF4BD2848E42F676BBB135CD92 BaseClass: NativeClass:/Script/Engine.StaticMeshActor Name:StaticMeshActor_UAID_E4A8DFCE2622828701_1441358636 Label:arena17-_uv4_chain2_004 SpatiallyLoaded:1 Bounds:IsValid=true, Min=(X=-1086.622 Y=361.185 Z=163.729), Max=(X=-1071.340 Y=472.594 Z=601.759) RuntimeGrid:None EditorOnly:0 RuntimeOnly:0 HLODRelevant:1 FolderPath:Playground FolderGuid:C73F09FC4215536B1DCE2A9E0A830C70
 |   |- [+] Clusters:
 |   |   |- [+] [  0]
 |   |   |   |- Guid:6BAF4DDD444C60371492D3919DB42C97 BaseClass: NativeClass:/Script/Engine.WorldDataLayers Name:WorldDataLayers Label:WorldDataLayers SpatiallyLoaded:0 Bounds:IsValid=true, Min=(X=0.000 Y=0.000 Z=0.000), Max=(X=0.000 Y=0.000 Z=0.000) RuntimeGrid:None EditorOnly:0 RuntimeOnly:0 HLODRelevant:0
 |   |   |- [+] [  1]
 |   |   |   |- Guid:F5E3FEB3450C49844FD93DA8E083C8AD BaseClass: NativeClass:/Script/Engine.PostProcessVolume Name:PostProcessVolume_0 Label:PostProcessVolume SpatiallyLoaded:0 Bounds:IsValid=true, Min=(X=0.000 Y=0.000 Z=400.000), Max=(X=200.000 Y=200.000 Z=600.000) RuntimeGrid:None EditorOnly:0 RuntimeOnly:0 HLODRelevant:0 FolderPath:Lighting FolderGuid:963EC3EB4002CCE9759E2EBA541A873A
 |   |   |- [+] [  2]
 |   |   |   |- Guid:4D3BE93F4146AAAC8BBE79999D96D57F BaseClass: NativeClass:/Script/Engine.VolumetricCloud Name:VolumetricCloud_0 Label:VolumetricCloud SpatiallyLoaded:0 Bounds:IsValid=true, Min=(X=0.000 Y=0.000 Z=820.000), Max=(X=0.000 Y=0.000 Z=820.000) RuntimeGrid:None EditorOnly:0 RuntimeOnly:0 HLODRelevant:0 FolderPath:Lighting FolderGuid:963EC3EB4002CCE9759E2EBA541A873A
 |   |   |- [+] [  3]
 |   |   |   |- Guid:CCFF262C46EEFFDF319E7F9539CE697E BaseClass: NativeClass:/Script/Engine.SkyAtmosphere Name:SkyAtmosphere_0 Label:SkyAtmosphere SpatiallyLoaded:0 Bounds:IsValid=true, Min=(X=0.000 Y=0.000 Z=1020.000), Max=(X=0.000 Y=0.000 Z=1020.000) RuntimeGrid:None EditorOnly:0 RuntimeOnly:0 HLODRelevant:0 FolderPath:Lighting FolderGuid:963EC3EB4002CCE9759E2EBA541A873A
 |   |   |- [+] [  4]
 |   |   |   |- Guid:EC4E0C944CE6AC6E784BC6BB2916EA13 BaseClass: NativeClass:/Script/Engine.StaticMeshActor Name:StaticMeshActor_UAID_A4AE111137DC5EFB00_1110535423 Label:SM_SkySphere SpatiallyLoaded:0 Bounds:IsValid=true, Min=(X=-1638400.000 Y=-1638400.000 Z=-1638400.000), Max=(X=1638400.000 Y=1638400.000 Z=1638400.000) RuntimeGrid:None EditorOnly:0 RuntimeOnly:0 HLODRelevant:1 FolderPath:Lighting FolderGuid:963EC3EB4002CCE9759E2EBA541A873A
 |   |   |- [+] [  5]
 |   |   |   |- Guid:B785ED2844B84CFB91E7F39FE661CD99 BaseClass: NativeClass:/Script/Engine.DirectionalLight Name:DirectionalLight_0 Label:DirectionalLight SpatiallyLoaded:0 Bounds:IsValid=true, Min=(X=-1048576.000 Y=-1048576.000 Z=-1048576.000), Max=(X=1048576.000 Y=1048576.000 Z=1048576.000) RuntimeGrid:None EditorOnly:0 RuntimeOnly:0 HLODRelevant:0 FolderPath:Lighting FolderGuid:963EC3EB4002CCE9759E2EBA541A873A
 |   |   |- [+] [  6]
 |   |   |   |- Guid:316CF2A6494ACA4C0E4180A87D36AB8F BaseClass: NativeClass:/Script/Engine.ExponentialHeightFog Name:ExponentialHeightFog_0 Label:ExponentialHeightFog SpatiallyLoaded:0 Bounds:IsValid=true, Min=(X=-5600.000 Y=-50.000 Z=-6850.000), Max=(X=-5600.000 Y=-50.000 Z=-6850.000) RuntimeGrid:None EditorOnly:0 RuntimeOnly:0 HLODRelevant:0 FolderPath:Lighting FolderGuid:963EC3EB4002CCE9759E2EBA541A873A
 |   |   |- [+] [  7]
 |   |   |   |- Guid:2FB58999456391D349DC0F86DAC136ED BaseClass: NativeClass:/Script/Engine.SkyLight Name:SkyLight_1 Label:SkyLight SpatiallyLoaded:0 Bounds:IsValid=true, Min=(X=0.000 Y=0.000 Z=690.000), Max=(X=0.000 Y=0.000 Z=690.000) RuntimeGrid:None EditorOnly:0 RuntimeOnly:0 HLODRelevant:0 FolderPath:Lighting FolderGuid:963EC3EB4002CCE9759E2EBA541A873A
 |   |   |- [+] [  8]
 |   |   |   |- Guid:23CAD0394A9EFC05FB29DC93851A2C1B BaseClass: NativeClass:/Script/Engine.StaticMeshActor Name:StaticMeshActor_UAID_E4A8DFCE2622828701_1441259628 Label:arena17-_uv4_arena_main SpatiallyLoaded:1 Bounds:IsValid=true, Min=(X=-1949.091 Y=-1353.943 Z=-180.988), Max=(X=1436.939 Y=1353.943 Z=174.961) RuntimeGrid:None EditorOnly:0 RuntimeOnly:0 HLODRelevant:1 FolderPath:Playground FolderGuid:C73F09FC4215536B1DCE2A9E0A830C70
 |   |   |- [+] [  9]
 |   |   |   |- Guid:06D40092469E3CFC5F3943BA103A1956 BaseClass: NativeClass:/Script/Engine.StaticMeshActor Name:StaticMeshActor_UAID_E4A8DFCE2622828701_1441275629 Label:arena17-_uv4_arena_main_001 SpatiallyLoaded:1 Bounds:IsValid=true, Min=(X=861.105 Y=-2293.024 Z=124.853), Max=(X=3275.713 Y=2293.024 Z=169.012) RuntimeGrid:None EditorOnly:0 RuntimeOnly:0 HLODRelevant:1 FolderPath:Playground FolderGuid:C73F09FC4215536B1DCE2A9E0A830C70
 |   |   |- [+] [ 10]
 |   |   |   |- Guid:42A7109040C0420931B088A58414C3CA BaseClass: NativeClass:/Script/Engine.StaticMeshActor Name:StaticMeshActor_UAID_E4A8DFCE2622828701_1441288630 Label:arena17-_uv4_chain SpatiallyLoaded:1 Bounds:IsValid=true, Min=(X=-1068.733 Y=-1116.901 Z=166.926), Max=(X=1131.134 Y=1116.901 Z=386.098) RuntimeGrid:None EditorOnly:0 RuntimeOnly:0 HLODRelevant:1 FolderPath:Playground FolderGuid:C73F09FC4215536B1DCE2A9E0A830C70
 |   |   |- [+] [ 11]
 |   |   |   |- Guid:7DEA0D5F47E6CB53BD4DB0B7ACCA040D BaseClass: NativeClass:/Script/Engine.StaticMeshActor Name:StaticMeshActor_UAID_E4A8DFCE2622828701_1441299631 Label:arena17-_uv4_chain1 SpatiallyLoaded:1 Bounds:IsValid=true, Min=(X=-782.106 Y=-772.897 Z=495.104), Max=(X=782.106 Y=772.897 Z=784.494) RuntimeGrid:None EditorOnly:0 RuntimeOnly:0 HLODRelevant:1 FolderPath:Playground FolderGuid:C73F09FC4215536B1DCE2A9E0A830C70
 |   |   |- [+] [ 12]
 |   |   |   |- Guid:42D2EF3842E07C9E0DF1609271DC03E4 BaseClass: NativeClass:/Script/Engine.StaticMeshActor Name:StaticMeshActor_UAID_E4A8DFCE2622828701_1441311632 Label:arena17-_uv4_chain2 SpatiallyLoaded:1 Bounds:IsValid=true, Min=(X=-7.266 Y=-8.294 Z=784.858), Max=(X=8.017 Y=6.978 Z=917.798) RuntimeGrid:None EditorOnly:0 RuntimeOnly:0 HLODRelevant:1 FolderPath:Playground FolderGuid:C73F09FC4215536B1DCE2A9E0A830C70
 |   |   |- [+] [ 13]
 |   |   |   |- Guid:D0D9A0D5488C3E3F3FF797A548CE1F09 BaseClass: NativeClass:/Script/Engine.StaticMeshActor Name:StaticMeshActor_UAID_E4A8DFCE2622828701_1441322633 Label:arena17-_uv4_chain2_001 SpatiallyLoaded:1 Bounds:IsValid=true, Min=(X=-1086.622 Y=204.067 Z=418.333), Max=(X=-1071.340 Y=286.936 Z=483.041) RuntimeGrid:None EditorOnly:0 RuntimeOnly:0 HLODRelevant:1 FolderPath:Playground FolderGuid:C73F09FC4215536B1DCE2A9E0A830C70
 |   |   |- [+] [ 14]
 |   |   |   |- Guid:2835485B4C8D3CCE218B689252A99964 BaseClass: NativeClass:/Script/Engine.StaticMeshActor Name:StaticMeshActor_UAID_E4A8DFCE2622828701_1441334634 Label:arena17-_uv4_chain2_002 SpatiallyLoaded:1 Bounds:IsValid=true, Min=(X=-1086.622 Y=-286.576 Z=418.262), Max=(X=-1071.340 Y=-204.106 Z=483.522) RuntimeGrid:None EditorOnly:0 RuntimeOnly:0 HLODRelevant:1 FolderPath:Playground FolderGuid:C73F09FC4215536B1DCE2A9E0A830C70
 |   |   |- [+] [ 15]
 |   |   |   |- Guid:CC0B1D004696BAF032B950BE55FA856D BaseClass: NativeClass:/Script/Engine.StaticMeshActor Name:StaticMeshActor_UAID_E4A8DFCE2622828701_1441346635 Label:arena17-_uv4_chain2_003 SpatiallyLoaded:1 Bounds:IsValid=true, Min=(X=-1086.585 Y=-472.528 Z=163.672), Max=(X=-1071.302 Y=-361.224 Z=601.759) RuntimeGrid:None EditorOnly:0 RuntimeOnly:0 HLODRelevant:1 FolderPath:Playground FolderGuid:C73F09FC4215536B1DCE2A9E0A830C70
 |   |   |- [+] [ 16]
 |   |   |   |- Guid:FBF669AF4BD2848E42F676BBB135CD92 BaseClass: NativeClass:/Script/Engine.StaticMeshActor Name:StaticMeshActor_UAID_E4A8DFCE2622828701_1441358636 Label:arena17-_uv4_chain2_004 SpatiallyLoaded:1 Bounds:IsValid=true, Min=(X=-1086.622 Y=361.185 Z=163.729), Max=(X=-1071.340 Y=472.594 Z=601.759) RuntimeGrid:None EditorOnly:0 RuntimeOnly:0 HLODRelevant:1 FolderPath:Playground FolderGuid:C73F09FC4215536B1DCE2A9E0A830C70
 |   |   |- [+] [ 17]
 |   |   |   |- Guid:540D5F294BC7F35C50E068920B4A4BFB BaseClass: NativeClass:/Script/Engine.StaticMeshActor Name:StaticMeshActor_UAID_E4A8DFCE2622828701_1441371637 Label:arena17-_uv4_chain2_006 SpatiallyLoaded:1 Bounds:IsValid=true, Min=(X=-1494.296 Y=-3.245 Z=371.374), Max=(X=-1479.014 Y=316.247 Z=595.863) RuntimeGrid:None EditorOnly:0 RuntimeOnly:0 HLODRelevant:1 FolderPath:Playground FolderGuid:C73F09FC4215536B1DCE2A9E0A830C70
 |   |   |- [+] [ 18]
 |   |   |   |- Guid:8F9663914D9BB4FC5F4540A00EFA26E5 BaseClass: NativeClass:/Script/Engine.StaticMeshActor Name:StaticMeshActor_UAID_E4A8DFCE2622828701_1441384638 Label:arena17-_uv4_chain2_007 SpatiallyLoaded:1 Bounds:IsValid=true, Min=(X=-1494.334 Y=-312.336 Z=371.374), Max=(X=-1479.051 Y=7.156 Z=595.863) RuntimeGrid:None EditorOnly:0 RuntimeOnly:0 HLODRelevant:1 FolderPath:Playground FolderGuid:C73F09FC4215536B1DCE2A9E0A830C70
 |   |   |- [+] [ 19]
 |   |   |   |- Guid:78D2B3924588F8799F44B1AE917A3503 BaseClass: NativeClass:/Script/Engine.StaticMeshActor Name:StaticMeshActor_UAID_E4A8DFCE2622828701_1441397639 Label:arena17-_uv4_column SpatiallyLoaded:1 Bounds:IsValid=true, Min=(X=-997.836 Y=-1042.786 Z=162.755), Max=(X=1056.052 Y=1042.786 Z=519.125) RuntimeGrid:None EditorOnly:0 RuntimeOnly:0 HLODRelevant:1 FolderPath:Playground FolderGuid:C73F09FC4215536B1DCE2A9E0A830C70
 |   |   |- [+] [ 20]
 |   |   |   |- Guid:16FC4A6F40CD8D79A5559E9CB2AA0D15 BaseClass: NativeClass:/Script/Engine.StaticMeshActor Name:StaticMeshActor_UAID_E4A8DFCE2622828701_1441409640 Label:arena17-_uv4_Cube SpatiallyLoaded:1 Bounds:IsValid=true, Min=(X=839.430 Y=-30.000 Z=134.193), Max=(X=950.780 Y=30.000 Z=194.193) RuntimeGrid:None EditorOnly:0 RuntimeOnly:0 HLODRelevant:1 FolderPath:Playground FolderGuid:C73F09FC4215536B1DCE2A9E0A830C70
 |   |   |- [+] [ 21]
 |   |   |   |- Guid:E72DA9D24F0E3D60A8797B9F8F5F73D5 BaseClass: NativeClass:/Script/Engine.StaticMeshActor Name:StaticMeshActor_UAID_E4A8DFCE2622828701_1441422641 Label:arena17-_uv4_Cube_001 SpatiallyLoaded:1 Bounds:IsValid=true, Min=(X=386.092 Y=-897.179 Z=134.703), Max=(X=469.490 Y=-777.005 Z=194.703) RuntimeGrid:None EditorOnly:0 RuntimeOnly:0 HLODRelevant:1 FolderPath:Playground FolderGuid:C73F09FC4215536B1DCE2A9E0A830C70
 |   |   |- [+] [ 22]
 |   |   |   |- Guid:3D45C8F047051E51303B58B5C4954DE3 BaseClass: NativeClass:/Script/Engine.StaticMeshActor Name:StaticMeshActor_UAID_E4A8DFCE2622828701_1441435642 Label:arena17-_uv4_Cube_002 SpatiallyLoaded:1 Bounds:IsValid=true, Min=(X=390.633 Y=766.185 Z=134.193), Max=(X=496.954 Y=885.944 Z=194.193) RuntimeGrid:None EditorOnly:0 RuntimeOnly:0 HLODRelevant:1 FolderPath:Playground FolderGuid:C73F09FC4215536B1DCE2A9E0A830C70
 |   |   |- [+] [ 23]
 |   |   |   |- Guid:D83C100F448C82641C766EB5CF4EF9B0 BaseClass: NativeClass:/Script/Engine.StaticMeshActor Name:StaticMeshActor_UAID_E4A8DFCE2622828701_1441447643 Label:arena17-_uv4_Cylinder SpatiallyLoaded:1 Bounds:IsValid=true, Min=(X=833.106 Y=-149.212 Z=-64.225), Max=(X=905.088 Y=146.446 Z=140.443) RuntimeGrid:None EditorOnly:0 RuntimeOnly:0 HLODRelevant:1 FolderPath:Playground FolderGuid:C73F09FC4215536B1DCE2A9E0A830C70
 |   |   |- [+] [ 24]
 |   |   |   |- Guid:83FBD69F43CBC5700338AFB1B50A49C0 BaseClass: NativeClass:/Script/Engine.StaticMeshActor Name:StaticMeshActor_UAID_E4A8DFCE2622828701_1441461644 Label:arena17-_uv4_Cylinder_001 SpatiallyLoaded:1 Bounds:IsValid=true, Min=(X=279.436 Y=-885.801 Z=-63.715), Max=(X=559.747 Y=-714.068 Z=140.953) RuntimeGrid:None EditorOnly:0 RuntimeOnly:0 HLODRelevant:1 FolderPath:Playground FolderGuid:C73F09FC4215536B1DCE2A9E0A830C70
 |   |   |- [+] [ 25]
 |   |   |   |- Guid:B9EB6BC14E256A09E6360BA8B5B77D00 BaseClass: NativeClass:/Script/Engine.StaticMeshActor Name:StaticMeshActor_UAID_E4A8DFCE2622828701_1441474645 Label:arena17-_uv4_Cylinder_003 SpatiallyLoaded:1 Bounds:IsValid=true, Min=(X=280.519 Y=707.962 Z=-64.225), Max=(X=556.921 Y=888.479 Z=140.443) RuntimeGrid:None EditorOnly:0 RuntimeOnly:0 HLODRelevant:1 FolderPath:Playground FolderGuid:C73F09FC4215536B1DCE2A9E0A830C70
 |   |   |- [+] [ 26]
 |   |   |   |- Guid:E5C83B5948995E2D3BBDD0A43C7675AA BaseClass: NativeClass:/Script/Engine.StaticMeshActor Name:StaticMeshActor_UAID_E4A8DFCE2622828701_1441487646 Label:arena17-_uv4_frontGare SpatiallyLoaded:1 Bounds:IsValid=true, Min=(X=-1605.840 Y=-394.810 Z=24.692), Max=(X=-1038.724 Y=394.810 Z=643.303) RuntimeGrid:None EditorOnly:0 RuntimeOnly:0 HLODRelevant:1 FolderPath:Playground FolderGuid:C73F09FC4215536B1DCE2A9E0A830C70
 |   |   |- [+] [ 27]
 |   |   |   |- Guid:6CAB7E494342DBAE1C9650AD4E840C8F BaseClass: NativeClass:/Script/Engine.StaticMeshActor Name:StaticMeshActor_UAID_E4A8DFCE2622828701_1441500647 Label:arena17-_uv4_gateIn SpatiallyLoaded:1 Bounds:IsValid=true, Min=(X=902.664 Y=-529.748 Z=-179.887), Max=(X=934.790 Y=528.442 Z=127.765) RuntimeGrid:None EditorOnly:0 RuntimeOnly:0 HLODRelevant:1 FolderPath:Playground FolderGuid:C73F09FC4215536B1DCE2A9E0A830C70
 |   |   |- [+] [ 28]
 |   |   |   |- Guid:B1D13D2E48FECE7BAFCE5EAE81CC4460 BaseClass: NativeClass:/Script/Engine.StaticMeshActor Name:StaticMeshActor_UAID_E4A8DFCE2622828701_1441513648 Label:arena17-_uv4_lock2 SpatiallyLoaded:1 Bounds:IsValid=true, Min=(X=826.643 Y=-56.181 Z=-123.425), Max=(X=908.818 Y=54.875 Z=-24.590) RuntimeGrid:None EditorOnly:0 RuntimeOnly:0 HLODRelevant:1 FolderPath:Playground FolderGuid:C73F09FC4215536B1DCE2A9E0A830C70
 |   |   |- [+] [ 29]
 |   |   |   |- Guid:E48B6D104DCE1573DF4026AB37A453AC BaseClass: NativeClass:/Script/Engine.StaticMeshActor Name:StaticMeshActor_UAID_E4A8DFCE2622828701_1441526649 Label:arena17-_uv4_lock2_001 SpatiallyLoaded:1 Bounds:IsValid=true, Min=(X=354.098 Y=-859.731 Z=-122.915), Max=(X=487.594 Y=-739.541 Z=-24.080) RuntimeGrid:None EditorOnly:0 RuntimeOnly:0 HLODRelevant:1 FolderPath:Playground FolderGuid:C73F09FC4215536B1DCE2A9E0A830C70
 |   |   |- [+] [ 30]
 |   |   |   |- Guid:C5E50D97452405127D5471828B958F7A BaseClass: NativeClass:/Script/Engine.StaticMeshActor Name:StaticMeshActor_UAID_E4A8DFCE2622828701_1441539650 Label:arena17-_uv4_lock2_002 SpatiallyLoaded:1 Bounds:IsValid=true, Min=(X=351.443 Y=737.233 Z=-123.425), Max=(X=485.849 Y=860.036 Z=-24.590) RuntimeGrid:None EditorOnly:0 RuntimeOnly:0 HLODRelevant:1 FolderPath:Playground FolderGuid:C73F09FC4215536B1DCE2A9E0A830C70
 |   |   |- [+] [ 31]
 |   |   |   |- Guid:F6F5B2B348377873AAD2F8A631C561FB BaseClass: NativeClass:/Script/Engine.StaticMeshActor Name:StaticMeshActor_UAID_E4A8DFCE2622828701_1441552651 Label:arena17-_uv4_logo SpatiallyLoaded:1 Bounds:IsValid=true, Min=(X=-1500.169 Y=-93.462 Z=290.758), Max=(X=-1490.562 Y=100.421 Z=479.583) RuntimeGrid:None EditorOnly:0 RuntimeOnly:0 HLODRelevant:1 FolderPath:Playground FolderGuid:C73F09FC4215536B1DCE2A9E0A830C70
 |   |   |- [+] [ 32]
 |   |   |   |- Guid:ED17E33F4C7A7920BD2814B388554A5F BaseClass: NativeClass:/Script/Engine.StaticMeshActor Name:StaticMeshActor_UAID_E4A8DFCE2622828701_1441564652 Label:arena17-_uv4_Plane SpatiallyLoaded:1 Bounds:IsValid=true, Min=(X=-1091.319 Y=-229.444 Z=80.847), Max=(X=-1067.319 Y=229.444 Z=428.855) RuntimeGrid:None EditorOnly:0 RuntimeOnly:0 HLODRelevant:1 FolderPath:Playground FolderGuid:C73F09FC4215536B1DCE2A9E0A830C70
 |   |   |- [+] [ 33]
 |   |   |   |- Guid:D2482BFF4C6C1812787C5F9E81CB4280 BaseClass: NativeClass:/Script/Engine.StaticMeshActor Name:StaticMeshActor_UAID_E4A8DFCE2622828701_1441578653 Label:arena17-_uv4_planks SpatiallyLoaded:1 Bounds:IsValid=true, Min=(X=-1795.264 Y=-1922.503 Z=145.132), Max=(X=1289.160 Y=1922.503 Z=166.858) RuntimeGrid:None EditorOnly:0 RuntimeOnly:0 HLODRelevant:1 FolderPath:Playground FolderGuid:C73F09FC4215536B1DCE2A9E0A830C70
 |   |   |- [+] [ 34]
 |   |   |   |- Guid:BF41B76A4170E70F00DA7BB3BEE79C20 BaseClass: NativeClass:/Script/Engine.StaticMeshActor Name:StaticMeshActor_UAID_E4A8DFCE2622828701_1441591654 Label:arena17-_uv4_rings SpatiallyLoaded:1 Bounds:IsValid=true, Min=(X=-967.979 Y=-969.044 Z=246.369), Max=(X=968.872 Y=967.807 Z=725.032) RuntimeGrid:None EditorOnly:0 RuntimeOnly:0 HLODRelevant:1 FolderPath:Playground FolderGuid:C73F09FC4215536B1DCE2A9E0A830C70
 |   |   |- [+] [ 35]
 |   |   |   |- Guid:75A31E7A4F7020A840DAB7B449E7AC19 BaseClass: NativeClass:/Script/Engine.StaticMeshActor Name:StaticMeshActor_UAID_E4A8DFCE2622828701_1441604655 Label:arena17-_uv4_top SpatiallyLoaded:1 Bounds:IsValid=true, Min=(X=-19.368 Y=-20.415 Z=773.587), Max=(X=20.156 Y=19.109 Z=797.371) RuntimeGrid:None EditorOnly:0 RuntimeOnly:0 HLODRelevant:1 FolderPath:Playground FolderGuid:C73F09FC4215536B1DCE2A9E0A830C70
 |   |   |- [+] [ 36]
 |   |   |   |- Guid:4257F77E47CB5FBAB5616D9763F4DF07 BaseClass: NativeClass:/Script/Engine.StaticMeshActor Name:StaticMeshActor_UAID_E4A8DFCE2622828701_1441617656 Label:arena17-_uv4_woodColumns_001 SpatiallyLoaded:1 Bounds:IsValid=true, Min=(X=-1883.550 Y=-1982.211 Z=-516.937), Max=(X=468.692 Y=1982.211 Z=386.755) RuntimeGrid:None EditorOnly:0 RuntimeOnly:0 HLODRelevant:1 FolderPath:Playground FolderGuid:C73F09FC4215536B1DCE2A9E0A830C70
 |   |   |- [+] [ 37]
 |   |   |   |- Guid:59703F964E03F300FD8554BF42FD75FC BaseClass: NativeClass:/Script/Engine.PlayerStart Name:PlayerStart_UAID_E4A8DFCE2622828701_1569311657 Label:PlayerStart SpatiallyLoaded:0 Bounds:IsValid=true, Min=(X=-2210.000 Y=-40.000 Z=5.000), Max=(X=-2130.000 Y=40.000 Z=189.000) RuntimeGrid:None EditorOnly:0 RuntimeOnly:0 HLODRelevant:0
 |   |   |- [+] [ 38]
 |   |   |   |- Guid:D7130CF7462178E361EB729BF311C5B4 BaseClass: NativeClass:/Script/Engine.StaticMeshActor Name:StaticMeshActor_UAID_E4A8DFCE2622828701_1633683658 Label:Floor_400x400 SpatiallyLoaded:1 Bounds:IsValid=true, Min=(X=-2320.000 Y=-150.000 Z=-18.000), Max=(X=-1920.000 Y=250.000 Z=2.000) RuntimeGrid:None EditorOnly:0 RuntimeOnly:0 HLODRelevant:1
 |- ContainerInstances:
 |- [+] MainContainer:
 |   |-        ID: 0x0000000000000000
 |   |-    Bounds: IsValid=false, Min=(X=0.000 Y=0.000 Z=0.000), Max=(X=0.000 Y=0.000 Z=0.000)
 |   |- Transform: 0.000000,0.000000,0.000000|0.000000,0.000000,-0.000000|1.000000,1.000000,1.000000
 |   |- Container: /Game/ThirdPerson/Maps/ThirdPersonMap
----------------------------------------------------------------------------------------------------------------
ThirdPersonMap - Persistent Level
----------------------------------------------------------------------------------------------------------------
Always loaded Actor Count: 137 

----------------------------------------------------------------------------------------------------------------
ThirdPersonMap - Runtime Spatial Hash - Streaming Grid - MainGrid
----------------------------------------------------------------------------------------------------------------
            Origin: X=0.000 Y=0.000 Z=0.000
         Cell Size: 12800
      World Bounds: IsValid=false, Min=(X=0.000 Y=0.000 Z=0.000), Max=(X=0.000 Y=0.000 Z=0.000)
     Loading Range: 25600.00
Block Slow Loading: No
 ClientOnlyVisible: No

[+] Grid Levels: 1
 |- Level  0: Cell Count    0 | Cell Size   12800 | Actor Count    0 (0.0%)

[+] Content of Grid Level 0

