[+] Containers:
 |- [+] Container: /Game/ThirdPerson/Maps/ThirdPersonMap
 |   |- [+] ActorDescs:
 |   |   |- Guid:06D40092469E3CFC5F3943BA103A1956 BaseClass: NativeClass:/Script/Engine.StaticMeshActor Name:StaticMeshActor_UAID_E4A8DFCE2622828701_1441275629 Label:arena17-_uv4_arena_main_001 SpatiallyLoaded:1 Bounds:IsValid=true, Min=(X=-1555.265 Y=-3983.363 Z=237.853), Max=(X=3623.674 Y=400.773 Z=282.012) RuntimeGrid:None EditorOnly:0 RuntimeOnly:0 HLODRelevant:1 FolderPath:Playground FolderGuid:C73F09FC4215536B1DCE2A9E0A830C70
 |   |   |- Guid:23CAD0394A9EFC05FB29DC93851A2C1B BaseClass: NativeClass:/Script/Engine.StaticMeshActor Name:StaticMeshActor_UAID_E4A8DFCE2622828701_1441259628 Label:arena17-_uv4_arena_main SpatiallyLoaded:1 Bounds:IsValid=true, Min=(X=-2147.095 Y=-1921.398 Z=-67.988), Max=(X=1891.019 Y=2364.934 Z=287.961) RuntimeGrid:None EditorOnly:0 RuntimeOnly:0 HLODRelevant:1 FolderPath:Playground FolderGuid:C73F09FC4215536B1DCE2A9E0A830C70
 |   |   |- Guid:2835485B4C8D3CCE218B689252A99964 BaseClass: NativeClass:/Script/Engine.StaticMeshActor Name:StaticMeshActor_UAID_E4A8DFCE2622828701_1441334634 Label:arena17-_uv4_chain2_002 SpatiallyLoaded:1 Bounds:IsValid=true, Min=(X=-791.493 Y=784.519 Z=531.262), Max=(X=-712.431 Y=838.989 Z=596.522) RuntimeGrid:None EditorOnly:0 RuntimeOnly:0 HLODRelevant:1 FolderPath:Playground FolderGuid:C73F09FC4215536B1DCE2A9E0A830C70
 |   |   |- Guid:2FB58999456391D349DC0F86DAC136ED BaseClass: NativeClass:/Script/Engine.SkyLight Name:SkyLight_1 Label:SkyLight SpatiallyLoaded:0 Bounds:IsValid=true, Min=(X=0.000 Y=0.000 Z=690.000), Max=(X=0.000 Y=0.000 Z=690.000) RuntimeGrid:None EditorOnly:0 RuntimeOnly:0 HLODRelevant:0 FolderPath:Lighting FolderGuid:963EC3EB4002CCE9759E2EBA541A873A
 |   |   |- Guid:316CF2A6494ACA4C0E4180A87D36AB8F BaseClass: NativeClass:/Script/Engine.ExponentialHeightFog Name:ExponentialHeightFog_0 Label:ExponentialHeightFog SpatiallyLoaded:0 Bounds:IsValid=true, Min=(X=-5600.000 Y=-50.000 Z=-6850.000), Max=(X=-5600.000 Y=-50.000 Z=-6850.000) RuntimeGrid:None EditorOnly:0 RuntimeOnly:0 HLODRelevant:0 FolderPath:Lighting FolderGuid:963EC3EB4002CCE9759E2EBA541A873A
 |   |   |- Guid:3D45C8F047051E51303B58B5C4954DE3 BaseClass: NativeClass:/Script/Engine.StaticMeshActor Name:StaticMeshActor_UAID_E4A8DFCE2622828701_1441435642 Label:arena17-_uv4_Cube_002 SpatiallyLoaded:1 Bounds:IsValid=true, Min=(X=858.853 Y=-47.282 Z=247.193), Max=(X=1015.727 Y=104.674 Z=307.193) RuntimeGrid:None EditorOnly:0 RuntimeOnly:0 HLODRelevant:1 FolderPath:Playground FolderGuid:C73F09FC4215536B1DCE2A9E0A830C70
 |   |   |- Guid:4257F77E47CB5FBAB5616D9763F4DF07 BaseClass: NativeClass:/Script/Engine.StaticMeshActor Name:StaticMeshActor_UAID_E4A8DFCE2622828701_1441617656 Label:arena17-_uv4_woodColumns_001 SpatiallyLoaded:1 Bounds:IsValid=true, Min=(X=-2658.420 Y=-1397.004 Z=-403.937), Max=(X=1950.991 Y=2622.308 Z=499.755) RuntimeGrid:None EditorOnly:0 RuntimeOnly:0 HLODRelevant:1 FolderPath:Playground FolderGuid:C73F09FC4215536B1DCE2A9E0A830C70
 |   |   |- Guid:42A7109040C0420931B088A58414C3CA BaseClass: NativeClass:/Script/Engine.StaticMeshActor Name:StaticMeshActor_UAID_E4A8DFCE2622828701_1441288630 Label:arena17-_uv4_chain SpatiallyLoaded:1 Bounds:IsValid=true, Min=(X=-1501.631 Y=-1538.041 Z=279.926), Max=(X=1532.832 Y=1484.000 Z=499.098) RuntimeGrid:None EditorOnly:0 RuntimeOnly:0 HLODRelevant:1 FolderPath:Playground FolderGuid:C73F09FC4215536B1DCE2A9E0A830C70
 |   |   |- Guid:42D2EF3842E07C9E0DF1609271DC03E4 BaseClass: NativeClass:/Script/Engine.StaticMeshActor Name:StaticMeshActor_UAID_E4A8DFCE2622828701_1441311632 Label:arena17-_uv4_chain2 SpatiallyLoaded:1 Bounds:IsValid=true, Min=(X=-10.816 Y=-11.090 Z=897.858), Max=(X=10.051 Y=9.782 Z=1030.798) RuntimeGrid:None EditorOnly:0 RuntimeOnly:0 HLODRelevant:1 FolderPath:Playground FolderGuid:C73F09FC4215536B1DCE2A9E0A830C70
 |   |   |- Guid:4D3BE93F4146AAAC8BBE79999D96D57F BaseClass: NativeClass:/Script/Engine.VolumetricCloud Name:VolumetricCloud_0 Label:VolumetricCloud SpatiallyLoaded:0 Bounds:IsValid=true, Min=(X=0.000 Y=0.000 Z=820.000), Max=(X=0.000 Y=0.000 Z=820.000) RuntimeGrid:None EditorOnly:0 RuntimeOnly:0 HLODRelevant:0 FolderPath:Lighting FolderGuid:963EC3EB4002CCE9759E2EBA541A873A
 |   |   |- Guid:540D5F294BC7F35C50E068920B4A4BFB BaseClass: NativeClass:/Script/Engine.StaticMeshActor Name:StaticMeshActor_UAID_E4A8DFCE2622828701_1441371637 Label:arena17-_uv4_chain2_006 SpatiallyLoaded:1 Bounds:IsValid=true, Min=(X=-749.958 Y=1279.241 Z=484.374), Max=(X=-465.629 Y=1452.222 Z=708.863) RuntimeGrid:None EditorOnly:0 RuntimeOnly:0 HLODRelevant:1 FolderPath:Playground FolderGuid:C73F09FC4215536B1DCE2A9E0A830C70
 |   |   |- Guid:59703F964E03F300FD8554BF42FD75FC BaseClass: NativeClass:/Script/Engine.PlayerStart Name:PlayerStart_UAID_E4A8DFCE2622828701_1569311657 Label:PlayerStart SpatiallyLoaded:0 Bounds:IsValid=true, Min=(X=280.000 Y=-1090.000 Z=-62.000), Max=(X=360.000 Y=-1010.000 Z=122.000) RuntimeGrid:None EditorOnly:0 RuntimeOnly:0 HLODRelevant:0 FolderPath:World FolderGuid:4AC79D5941B9F871585166A0C024B569
 |   |   |- Guid:6BAF4DDD444C60371492D3919DB42C97 BaseClass: NativeClass:/Script/Engine.WorldDataLayers Name:WorldDataLayers Label:WorldDataLayers SpatiallyLoaded:0 Bounds:IsValid=true, Min=(X=0.000 Y=0.000 Z=0.000), Max=(X=0.000 Y=0.000 Z=0.000) RuntimeGrid:None EditorOnly:0 RuntimeOnly:0 HLODRelevant:0 FolderPath:World FolderGuid:4AC79D5941B9F871585166A0C024B569
 |   |   |- Guid:75A31E7A4F7020A840DAB7B449E7AC19 BaseClass: NativeClass:/Script/Engine.StaticMeshActor Name:StaticMeshActor_UAID_E4A8DFCE2622828701_1441604655 Label:arena17-_uv4_top SpatiallyLoaded:1 Bounds:IsValid=true, Min=(X=-27.364 Y=-27.663 Z=886.587), Max=(X=26.627 Y=26.328 Z=910.371) RuntimeGrid:None EditorOnly:0 RuntimeOnly:0 HLODRelevant:1 FolderPath:Playground FolderGuid:C73F09FC4215536B1DCE2A9E0A830C70
 |   |   |- Guid:78D2B3924588F8799F44B1AE917A3503 BaseClass: NativeClass:/Script/Engine.StaticMeshActor Name:StaticMeshActor_UAID_E4A8DFCE2622828701_1441397639 Label:arena17-_uv4_column SpatiallyLoaded:1 Bounds:IsValid=true, Min=(X=-1401.998 Y=-1435.961 Z=275.755), Max=(X=1431.105 Y=1385.545 Z=632.125) RuntimeGrid:None EditorOnly:0 RuntimeOnly:0 HLODRelevant:1 FolderPath:Playground FolderGuid:C73F09FC4215536B1DCE2A9E0A830C70
 |   |   |- Guid:7DEA0D5F47E6CB53BD4DB0B7ACCA040D BaseClass: NativeClass:/Script/Engine.StaticMeshActor Name:StaticMeshActor_UAID_E4A8DFCE2622828701_1441299631 Label:arena17-_uv4_chain1 SpatiallyLoaded:1 Bounds:IsValid=true, Min=(X=-1060.402 Y=-1063.772 Z=608.104), Max=(X=1060.402 Y=1063.772 Z=897.494) RuntimeGrid:None EditorOnly:0 RuntimeOnly:0 HLODRelevant:1 FolderPath:Playground FolderGuid:C73F09FC4215536B1DCE2A9E0A830C70
 |   |   |- Guid:83FBD69F43CBC5700338AFB1B50A49C0 BaseClass: NativeClass:/Script/Engine.StaticMeshActor Name:StaticMeshActor_UAID_E4A8DFCE2622828701_1441461644 Label:arena17-_uv4_Cylinder_001 SpatiallyLoaded:1 Bounds:IsValid=true, Min=(X=-627.408 Y=-927.656 Z=49.285), Max=(X=-338.528 Y=-599.033 Z=253.953) RuntimeGrid:None EditorOnly:0 RuntimeOnly:0 HLODRelevant:1 FolderPath:Playground FolderGuid:C73F09FC4215536B1DCE2A9E0A830C70
 |   |   |- Guid:8F9663914D9BB4FC5F4540A00EFA26E5 BaseClass: NativeClass:/Script/Engine.StaticMeshActor Name:StaticMeshActor_UAID_E4A8DFCE2622828701_1441384638 Label:arena17-_uv4_chain2_007 SpatiallyLoaded:1 Bounds:IsValid=true, Min=(X=-1017.658 Y=1124.728 Z=484.374), Max=(X=-733.329 Y=1297.709 Z=708.863) RuntimeGrid:None EditorOnly:0 RuntimeOnly:0 HLODRelevant:1 FolderPath:Playground FolderGuid:C73F09FC4215536B1DCE2A9E0A830C70
 |   |   |- Guid:9AC254EF489B07411DE1BB9203BADCD4 BaseClass: NativeClass:/Script/Engine.SpotLight Name:SpotLight_UAID_E4A8DFCE26228F9201_1203885503 Label:SpotLight SpatiallyLoaded:1 Bounds:IsValid=true, Min=(X=-1834.215 Y=-2400.652 Z=-4320.374), Max=(X=3315.013 Y=2748.576 Z=828.854) RuntimeGrid:None EditorOnly:0 RuntimeOnly:0 HLODRelevant:0
 |   |   |- Guid:B5B84DE343BFC072B8004BA7FA783143 BaseClass: NativeClass:/Script/Engine.SkeletalMeshActor Name:SkeletalMeshActor_UAID_E4A8DFCE26222E8C01_1908813095 Label:Michal_Tofel_fbx_Anim SpatiallyLoaded:1 Bounds:IsValid=true, Min=(X=-264.897 Y=239.964 Z=-70.991), Max=(X=-119.254 Y=358.907 Z=147.237) RuntimeGrid:None EditorOnly:0 RuntimeOnly:0 HLODRelevant:0
 |   |   |- Guid:B785ED2844B84CFB91E7F39FE661CD99 BaseClass: NativeClass:/Script/Engine.DirectionalLight Name:DirectionalLight_0 Label:DirectionalLight SpatiallyLoaded:0 Bounds:IsValid=true, Min=(X=-1048576.000 Y=-1048576.000 Z=-1048576.000), Max=(X=1048576.000 Y=1048576.000 Z=1048576.000) RuntimeGrid:None EditorOnly:0 RuntimeOnly:0 HLODRelevant:0 FolderPath:Lighting FolderGuid:963EC3EB4002CCE9759E2EBA541A873A
 |   |   |- Guid:B9EB6BC14E256A09E6360BA8B5B77D00 BaseClass: NativeClass:/Script/Engine.StaticMeshActor Name:StaticMeshActor_UAID_E4A8DFCE2622828701_1441474645 Label:arena17-_uv4_Cylinder_003 SpatiallyLoaded:1 Bounds:IsValid=true, Min=(X=753.373 Y=-128.326 Z=48.775), Max=(X=1047.906 Y=201.303 Z=253.443) RuntimeGrid:None EditorOnly:0 RuntimeOnly:0 HLODRelevant:1 FolderPath:Playground FolderGuid:C73F09FC4215536B1DCE2A9E0A830C70
 |   |   |- Guid:BF41B76A4170E70F00DA7BB3BEE79C20 BaseClass: NativeClass:/Script/Engine.StaticMeshActor Name:StaticMeshActor_UAID_E4A8DFCE2622828701_1441591654 Label:arena17-_uv4_rings SpatiallyLoaded:1 Bounds:IsValid=true, Min=(X=-1323.206 Y=-1323.590 Z=359.369), Max=(X=1322.581 Y=1322.198 Z=838.032) RuntimeGrid:None EditorOnly:0 RuntimeOnly:0 HLODRelevant:1 FolderPath:Playground FolderGuid:C73F09FC4215536B1DCE2A9E0A830C70
 |   |   |- Guid:C5E50D97452405127D5471828B958F7A BaseClass: NativeClass:/Script/Engine.StaticMeshActor Name:StaticMeshActor_UAID_E4A8DFCE2622828701_1441539650 Label:arena17-_uv4_lock2_002 SpatiallyLoaded:1 Bounds:IsValid=true, Min=(X=814.184 Y=-52.140 Z=-10.425), Max=(X=987.738 Y=125.660 Z=88.410) RuntimeGrid:None EditorOnly:0 RuntimeOnly:0 HLODRelevant:1 FolderPath:Playground FolderGuid:C73F09FC4215536B1DCE2A9E0A830C70
 |   |   |- Guid:CC0B1D004696BAF032B950BE55FA856D BaseClass: NativeClass:/Script/Engine.StaticMeshActor Name:StaticMeshActor_UAID_E4A8DFCE2622828701_1441346635 Label:arena17-_uv4_chain2_003 SpatiallyLoaded:1 Bounds:IsValid=true, Min=(X=-952.514 Y=691.511 Z=276.672), Max=(X=-848.481 Y=760.398 Z=714.759) RuntimeGrid:None EditorOnly:0 RuntimeOnly:0 HLODRelevant:1 FolderPath:Playground FolderGuid:C73F09FC4215536B1DCE2A9E0A830C70
 |   |   |- Guid:CCFF262C46EEFFDF319E7F9539CE697E BaseClass: NativeClass:/Script/Engine.SkyAtmosphere Name:SkyAtmosphere_0 Label:SkyAtmosphere SpatiallyLoaded:0 Bounds:IsValid=true, Min=(X=0.000 Y=0.000 Z=1020.000), Max=(X=0.000 Y=0.000 Z=1020.000) RuntimeGrid:None EditorOnly:0 RuntimeOnly:0 HLODRelevant:0 FolderPath:Lighting FolderGuid:963EC3EB4002CCE9759E2EBA541A873A
 |   |   |- Guid:D0D9A0D5488C3E3F3FF797A548CE1F09 BaseClass: NativeClass:/Script/Engine.StaticMeshActor Name:StaticMeshActor_UAID_E4A8DFCE2622828701_1441322633 Label:arena17-_uv4_chain2_001 SpatiallyLoaded:1 Bounds:IsValid=true, Min=(X=-366.584 Y=1029.841 Z=531.333), Max=(X=-287.176 Y=1084.510 Z=596.041) RuntimeGrid:None EditorOnly:0 RuntimeOnly:0 HLODRelevant:1 FolderPath:Playground FolderGuid:C73F09FC4215536B1DCE2A9E0A830C70
 |   |   |- Guid:D2482BFF4C6C1812787C5F9E81CB4280 BaseClass: NativeClass:/Script/Engine.StaticMeshActor Name:StaticMeshActor_UAID_E4A8DFCE2622828701_1441578653 Label:arena17-_uv4_planks SpatiallyLoaded:1 Bounds:IsValid=true, Min=(X=-2562.569 Y=-2077.697 Z=258.132), Max=(X=2309.517 Y=2515.996 Z=279.858) RuntimeGrid:None EditorOnly:0 RuntimeOnly:0 HLODRelevant:1 FolderPath:Playground FolderGuid:C73F09FC4215536B1DCE2A9E0A830C70
 |   |   |- Guid:D7130CF7462178E361EB729BF311C5B4 BaseClass: NativeClass:/Script/Engine.StaticMeshActor Name:StaticMeshActor_UAID_E4A8DFCE2622828701_1633683658 Label:Floor_400x400 SpatiallyLoaded:1 Bounds:IsValid=true, Min=(X=-4143.162 Y=-162.087 Z=-20.433), Max=(X=-1930.000 Y=2532.959 Z=2.000) RuntimeGrid:None EditorOnly:0 RuntimeOnly:0 HLODRelevant:1
 |   |   |- Guid:E2F614BB418380854F05DDB8512E6B95 BaseClass:/Game/ThirdPerson/Maps/Arena/arena-httyd/Gate.Gate_C NativeClass:/Script/Engine.Actor Name:Gate_C_UAID_E4A8DFCE2622949201_1652955396 Label:Gate SpatiallyLoaded:1 Bounds:IsValid=true, Min=(X=3.265 Y=-1041.455 Z=-71.047), Max=(X=914.942 Y=-541.509 Z=238.681) RuntimeGrid:None EditorOnly:0 RuntimeOnly:0 HLODRelevant:0
 |   |   |- Guid:E48B6D104DCE1573DF4026AB37A453AC BaseClass: NativeClass:/Script/Engine.StaticMeshActor Name:StaticMeshActor_UAID_E4A8DFCE2622828701_1441526649 Label:arena17-_uv4_lock2_001 SpatiallyLoaded:1 Bounds:IsValid=true, Min=(X=-567.500 Y=-852.135 Z=-9.915), Max=(X=-396.664 Y=-676.428 Z=88.920) RuntimeGrid:None EditorOnly:0 RuntimeOnly:0 HLODRelevant:1 FolderPath:Playground FolderGuid:C73F09FC4215536B1DCE2A9E0A830C70
 |   |   |- Guid:E5C83B5948995E2D3BBDD0A43C7675AA BaseClass: NativeClass:/Script/Engine.StaticMeshActor Name:StaticMeshActor_UAID_E4A8DFCE2622828701_1441487646 Label:arena17-_uv4_frontGare SpatiallyLoaded:1 Bounds:IsValid=true, Min=(X=-1144.836 Y=702.156 Z=137.692), Max=(X=-177.447 Y=1588.103 Z=756.303) RuntimeGrid:None EditorOnly:0 RuntimeOnly:0 HLODRelevant:1 FolderPath:Playground FolderGuid:C73F09FC4215536B1DCE2A9E0A830C70
 |   |   |- Guid:E72DA9D24F0E3D60A8797B9F8F5F73D5 BaseClass: NativeClass:/Script/Engine.StaticMeshActor Name:StaticMeshActor_UAID_E4A8DFCE2622828701_1441422641 Label:arena17-_uv4_Cube_001 SpatiallyLoaded:1 Bounds:IsValid=true, Min=(X=-583.933 Y=-855.180 Z=247.703), Max=(X=-438.161 Y=-722.868 Z=307.703) RuntimeGrid:None EditorOnly:0 RuntimeOnly:0 HLODRelevant:1 FolderPath:Playground FolderGuid:C73F09FC4215536B1DCE2A9E0A830C70
 |   |   |- Guid:EC4E0C944CE6AC6E784BC6BB2916EA13 BaseClass: NativeClass:/Script/Engine.StaticMeshActor Name:StaticMeshActor_UAID_A4AE111137DC5EFB00_1110535423 Label:SM_SkySphere SpatiallyLoaded:0 Bounds:IsValid=true, Min=(X=-1638400.000 Y=-1638400.000 Z=-1638400.000), Max=(X=1638400.000 Y=1638400.000 Z=1638400.000) RuntimeGrid:None EditorOnly:0 RuntimeOnly:0 HLODRelevant:1 FolderPath:Lighting FolderGuid:963EC3EB4002CCE9759E2EBA541A873A
 |   |   |- Guid:ED17E33F4C7A7920BD2814B388554A5F BaseClass: NativeClass:/Script/Engine.StaticMeshActor Name:StaticMeshActor_UAID_E4A8DFCE2622828701_1441564652 Label:arena17-_uv4_Plane SpatiallyLoaded:1 Bounds:IsValid=true, Min=(X=-744.364 Y=809.604 Z=243.847), Max=(X=-334.955 Y=1059.832 Z=591.855) RuntimeGrid:None EditorOnly:0 RuntimeOnly:0 HLODRelevant:1 FolderPath:Playground FolderGuid:C73F09FC4215536B1DCE2A9E0A830C70
 |   |   |- Guid:F5E3FEB3450C49844FD93DA8E083C8AD BaseClass: NativeClass:/Script/Engine.PostProcessVolume Name:PostProcessVolume_0 Label:PostProcessVolume SpatiallyLoaded:0 Bounds:IsValid=true, Min=(X=0.000 Y=0.000 Z=400.000), Max=(X=200.000 Y=200.000 Z=600.000) RuntimeGrid:None EditorOnly:0 RuntimeOnly:0 HLODRelevant:0 FolderPath:Lighting FolderGuid:963EC3EB4002CCE9759E2EBA541A873A
 |   |   |- Guid:F6F5B2B348377873AAD2F8A631C561FB BaseClass: NativeClass:/Script/Engine.StaticMeshActor Name:StaticMeshActor_UAID_E4A8DFCE2622828701_1441552651 Label:arena17-_uv4_logo SpatiallyLoaded:1 Bounds:IsValid=true, Min=(X=-831.025 Y=1244.134 Z=403.758), Max=(X=-658.314 Y=1349.395 Z=592.583) RuntimeGrid:None EditorOnly:0 RuntimeOnly:0 HLODRelevant:1 FolderPath:Playground FolderGuid:C73F09FC4215536B1DCE2A9E0A830C70
 |   |   |- Guid:FBF669AF4BD2848E42F676BBB135CD92 BaseClass: NativeClass:/Script/Engine.StaticMeshActor Name:StaticMeshActor_UAID_E4A8DFCE2622828701_1441358636 Label:arena17-_uv4_chain2_004 SpatiallyLoaded:1 Bounds:IsValid=true, Min=(X=-230.516 Y=1108.400 Z=276.729), Max=(X=-126.392 Y=1177.339 Z=714.759) RuntimeGrid:None EditorOnly:0 RuntimeOnly:0 HLODRelevant:1 FolderPath:Playground FolderGuid:C73F09FC4215536B1DCE2A9E0A830C70
 |   |- [+] Clusters:
 |   |   |- [+] [  0]
 |   |   |   |- Guid:6BAF4DDD444C60371492D3919DB42C97 BaseClass: NativeClass:/Script/Engine.WorldDataLayers Name:WorldDataLayers Label:WorldDataLayers SpatiallyLoaded:0 Bounds:IsValid=true, Min=(X=0.000 Y=0.000 Z=0.000), Max=(X=0.000 Y=0.000 Z=0.000) RuntimeGrid:None EditorOnly:0 RuntimeOnly:0 HLODRelevant:0 FolderPath:World FolderGuid:4AC79D5941B9F871585166A0C024B569
 |   |   |- [+] [  1]
 |   |   |   |- Guid:B9EB6BC14E256A09E6360BA8B5B77D00 BaseClass: NativeClass:/Script/Engine.StaticMeshActor Name:StaticMeshActor_UAID_E4A8DFCE2622828701_1441474645 Label:arena17-_uv4_Cylinder_003 SpatiallyLoaded:1 Bounds:IsValid=true, Min=(X=753.373 Y=-128.326 Z=48.775), Max=(X=1047.906 Y=201.303 Z=253.443) RuntimeGrid:None EditorOnly:0 RuntimeOnly:0 HLODRelevant:1 FolderPath:Playground FolderGuid:C73F09FC4215536B1DCE2A9E0A830C70
 |   |   |- [+] [  2]
 |   |   |   |- Guid:E48B6D104DCE1573DF4026AB37A453AC BaseClass: NativeClass:/Script/Engine.StaticMeshActor Name:StaticMeshActor_UAID_E4A8DFCE2622828701_1441526649 Label:arena17-_uv4_lock2_001 SpatiallyLoaded:1 Bounds:IsValid=true, Min=(X=-567.500 Y=-852.135 Z=-9.915), Max=(X=-396.664 Y=-676.428 Z=88.920) RuntimeGrid:None EditorOnly:0 RuntimeOnly:0 HLODRelevant:1 FolderPath:Playground FolderGuid:C73F09FC4215536B1DCE2A9E0A830C70
 |   |   |- [+] [  3]
 |   |   |   |- Guid:F5E3FEB3450C49844FD93DA8E083C8AD BaseClass: NativeClass:/Script/Engine.PostProcessVolume Name:PostProcessVolume_0 Label:PostProcessVolume SpatiallyLoaded:0 Bounds:IsValid=true, Min=(X=0.000 Y=0.000 Z=400.000), Max=(X=200.000 Y=200.000 Z=600.000) RuntimeGrid:None EditorOnly:0 RuntimeOnly:0 HLODRelevant:0 FolderPath:Lighting FolderGuid:963EC3EB4002CCE9759E2EBA541A873A
 |   |   |- [+] [  4]
 |   |   |   |- Guid:9AC254EF489B07411DE1BB9203BADCD4 BaseClass: NativeClass:/Script/Engine.SpotLight Name:SpotLight_UAID_E4A8DFCE26228F9201_1203885503 Label:SpotLight SpatiallyLoaded:1 Bounds:IsValid=true, Min=(X=-1834.215 Y=-2400.652 Z=-4320.374), Max=(X=3315.013 Y=2748.576 Z=828.854) RuntimeGrid:None EditorOnly:0 RuntimeOnly:0 HLODRelevant:0
 |   |   |- [+] [  5]
 |   |   |   |- Guid:78D2B3924588F8799F44B1AE917A3503 BaseClass: NativeClass:/Script/Engine.StaticMeshActor Name:StaticMeshActor_UAID_E4A8DFCE2622828701_1441397639 Label:arena17-_uv4_column SpatiallyLoaded:1 Bounds:IsValid=true, Min=(X=-1401.998 Y=-1435.961 Z=275.755), Max=(X=1431.105 Y=1385.545 Z=632.125) RuntimeGrid:None EditorOnly:0 RuntimeOnly:0 HLODRelevant:1 FolderPath:Playground FolderGuid:C73F09FC4215536B1DCE2A9E0A830C70
 |   |   |- [+] [  6]
 |   |   |   |- Guid:E5C83B5948995E2D3BBDD0A43C7675AA BaseClass: NativeClass:/Script/Engine.StaticMeshActor Name:StaticMeshActor_UAID_E4A8DFCE2622828701_1441487646 Label:arena17-_uv4_frontGare SpatiallyLoaded:1 Bounds:IsValid=true, Min=(X=-1144.836 Y=702.156 Z=137.692), Max=(X=-177.447 Y=1588.103 Z=756.303) RuntimeGrid:None EditorOnly:0 RuntimeOnly:0 HLODRelevant:1 FolderPath:Playground FolderGuid:C73F09FC4215536B1DCE2A9E0A830C70
 |   |   |- [+] [  7]
 |   |   |   |- Guid:F6F5B2B348377873AAD2F8A631C561FB BaseClass: NativeClass:/Script/Engine.StaticMeshActor Name:StaticMeshActor_UAID_E4A8DFCE2622828701_1441552651 Label:arena17-_uv4_logo SpatiallyLoaded:1 Bounds:IsValid=true, Min=(X=-831.025 Y=1244.134 Z=403.758), Max=(X=-658.314 Y=1349.395 Z=592.583) RuntimeGrid:None EditorOnly:0 RuntimeOnly:0 HLODRelevant:1 FolderPath:Playground FolderGuid:C73F09FC4215536B1DCE2A9E0A830C70
 |   |   |- [+] [  8]
 |   |   |   |- Guid:4D3BE93F4146AAAC8BBE79999D96D57F BaseClass: NativeClass:/Script/Engine.VolumetricCloud Name:VolumetricCloud_0 Label:VolumetricCloud SpatiallyLoaded:0 Bounds:IsValid=true, Min=(X=0.000 Y=0.000 Z=820.000), Max=(X=0.000 Y=0.000 Z=820.000) RuntimeGrid:None EditorOnly:0 RuntimeOnly:0 HLODRelevant:0 FolderPath:Lighting FolderGuid:963EC3EB4002CCE9759E2EBA541A873A
 |   |   |- [+] [  9]
 |   |   |   |- Guid:ED17E33F4C7A7920BD2814B388554A5F BaseClass: NativeClass:/Script/Engine.StaticMeshActor Name:StaticMeshActor_UAID_E4A8DFCE2622828701_1441564652 Label:arena17-_uv4_Plane SpatiallyLoaded:1 Bounds:IsValid=true, Min=(X=-744.364 Y=809.604 Z=243.847), Max=(X=-334.955 Y=1059.832 Z=591.855) RuntimeGrid:None EditorOnly:0 RuntimeOnly:0 HLODRelevant:1 FolderPath:Playground FolderGuid:C73F09FC4215536B1DCE2A9E0A830C70
 |   |   |- [+] [ 10]
 |   |   |   |- Guid:CC0B1D004696BAF032B950BE55FA856D BaseClass: NativeClass:/Script/Engine.StaticMeshActor Name:StaticMeshActor_UAID_E4A8DFCE2622828701_1441346635 Label:arena17-_uv4_chain2_003 SpatiallyLoaded:1 Bounds:IsValid=true, Min=(X=-952.514 Y=691.511 Z=276.672), Max=(X=-848.481 Y=760.398 Z=714.759) RuntimeGrid:None EditorOnly:0 RuntimeOnly:0 HLODRelevant:1 FolderPath:Playground FolderGuid:C73F09FC4215536B1DCE2A9E0A830C70
 |   |   |- [+] [ 11]
 |   |   |   |- Guid:4257F77E47CB5FBAB5616D9763F4DF07 BaseClass: NativeClass:/Script/Engine.StaticMeshActor Name:StaticMeshActor_UAID_E4A8DFCE2622828701_1441617656 Label:arena17-_uv4_woodColumns_001 SpatiallyLoaded:1 Bounds:IsValid=true, Min=(X=-2658.420 Y=-1397.004 Z=-403.937), Max=(X=1950.991 Y=2622.308 Z=499.755) RuntimeGrid:None EditorOnly:0 RuntimeOnly:0 HLODRelevant:1 FolderPath:Playground FolderGuid:C73F09FC4215536B1DCE2A9E0A830C70
 |   |   |- [+] [ 12]
 |   |   |   |- Guid:CCFF262C46EEFFDF319E7F9539CE697E BaseClass: NativeClass:/Script/Engine.SkyAtmosphere Name:SkyAtmosphere_0 Label:SkyAtmosphere SpatiallyLoaded:0 Bounds:IsValid=true, Min=(X=0.000 Y=0.000 Z=1020.000), Max=(X=0.000 Y=0.000 Z=1020.000) RuntimeGrid:None EditorOnly:0 RuntimeOnly:0 HLODRelevant:0 FolderPath:Lighting FolderGuid:963EC3EB4002CCE9759E2EBA541A873A
 |   |   |- [+] [ 13]
 |   |   |   |- Guid:EC4E0C944CE6AC6E784BC6BB2916EA13 BaseClass: NativeClass:/Script/Engine.StaticMeshActor Name:StaticMeshActor_UAID_A4AE111137DC5EFB00_1110535423 Label:SM_SkySphere SpatiallyLoaded:0 Bounds:IsValid=true, Min=(X=-1638400.000 Y=-1638400.000 Z=-1638400.000), Max=(X=1638400.000 Y=1638400.000 Z=1638400.000) RuntimeGrid:None EditorOnly:0 RuntimeOnly:0 HLODRelevant:1 FolderPath:Lighting FolderGuid:963EC3EB4002CCE9759E2EBA541A873A
 |   |   |- [+] [ 14]
 |   |   |   |- Guid:D2482BFF4C6C1812787C5F9E81CB4280 BaseClass: NativeClass:/Script/Engine.StaticMeshActor Name:StaticMeshActor_UAID_E4A8DFCE2622828701_1441578653 Label:arena17-_uv4_planks SpatiallyLoaded:1 Bounds:IsValid=true, Min=(X=-2562.569 Y=-2077.697 Z=258.132), Max=(X=2309.517 Y=2515.996 Z=279.858) RuntimeGrid:None EditorOnly:0 RuntimeOnly:0 HLODRelevant:1 FolderPath:Playground FolderGuid:C73F09FC4215536B1DCE2A9E0A830C70
 |   |   |- [+] [ 15]
 |   |   |   |- Guid:B785ED2844B84CFB91E7F39FE661CD99 BaseClass: NativeClass:/Script/Engine.DirectionalLight Name:DirectionalLight_0 Label:DirectionalLight SpatiallyLoaded:0 Bounds:IsValid=true, Min=(X=-1048576.000 Y=-1048576.000 Z=-1048576.000), Max=(X=1048576.000 Y=1048576.000 Z=1048576.000) RuntimeGrid:None EditorOnly:0 RuntimeOnly:0 HLODRelevant:0 FolderPath:Lighting FolderGuid:963EC3EB4002CCE9759E2EBA541A873A
 |   |   |- [+] [ 16]
 |   |   |   |- Guid:E72DA9D24F0E3D60A8797B9F8F5F73D5 BaseClass: NativeClass:/Script/Engine.StaticMeshActor Name:StaticMeshActor_UAID_E4A8DFCE2622828701_1441422641 Label:arena17-_uv4_Cube_001 SpatiallyLoaded:1 Bounds:IsValid=true, Min=(X=-583.933 Y=-855.180 Z=247.703), Max=(X=-438.161 Y=-722.868 Z=307.703) RuntimeGrid:None EditorOnly:0 RuntimeOnly:0 HLODRelevant:1 FolderPath:Playground FolderGuid:C73F09FC4215536B1DCE2A9E0A830C70
 |   |   |- [+] [ 17]
 |   |   |   |- Guid:316CF2A6494ACA4C0E4180A87D36AB8F BaseClass: NativeClass:/Script/Engine.ExponentialHeightFog Name:ExponentialHeightFog_0 Label:ExponentialHeightFog SpatiallyLoaded:0 Bounds:IsValid=true, Min=(X=-5600.000 Y=-50.000 Z=-6850.000), Max=(X=-5600.000 Y=-50.000 Z=-6850.000) RuntimeGrid:None EditorOnly:0 RuntimeOnly:0 HLODRelevant:0 FolderPath:Lighting FolderGuid:963EC3EB4002CCE9759E2EBA541A873A
 |   |   |- [+] [ 18]
 |   |   |   |- Guid:42A7109040C0420931B088A58414C3CA BaseClass: NativeClass:/Script/Engine.StaticMeshActor Name:StaticMeshActor_UAID_E4A8DFCE2622828701_1441288630 Label:arena17-_uv4_chain SpatiallyLoaded:1 Bounds:IsValid=true, Min=(X=-1501.631 Y=-1538.041 Z=279.926), Max=(X=1532.832 Y=1484.000 Z=499.098) RuntimeGrid:None EditorOnly:0 RuntimeOnly:0 HLODRelevant:1 FolderPath:Playground FolderGuid:C73F09FC4215536B1DCE2A9E0A830C70
 |   |   |- [+] [ 19]
 |   |   |   |- Guid:BF41B76A4170E70F00DA7BB3BEE79C20 BaseClass: NativeClass:/Script/Engine.StaticMeshActor Name:StaticMeshActor_UAID_E4A8DFCE2622828701_1441591654 Label:arena17-_uv4_rings SpatiallyLoaded:1 Bounds:IsValid=true, Min=(X=-1323.206 Y=-1323.590 Z=359.369), Max=(X=1322.581 Y=1322.198 Z=838.032) RuntimeGrid:None EditorOnly:0 RuntimeOnly:0 HLODRelevant:1 FolderPath:Playground FolderGuid:C73F09FC4215536B1DCE2A9E0A830C70
 |   |   |- [+] [ 20]
 |   |   |   |- Guid:75A31E7A4F7020A840DAB7B449E7AC19 BaseClass: NativeClass:/Script/Engine.StaticMeshActor Name:StaticMeshActor_UAID_E4A8DFCE2622828701_1441604655 Label:arena17-_uv4_top SpatiallyLoaded:1 Bounds:IsValid=true, Min=(X=-27.364 Y=-27.663 Z=886.587), Max=(X=26.627 Y=26.328 Z=910.371) RuntimeGrid:None EditorOnly:0 RuntimeOnly:0 HLODRelevant:1 FolderPath:Playground FolderGuid:C73F09FC4215536B1DCE2A9E0A830C70
 |   |   |- [+] [ 21]
 |   |   |   |- Guid:C5E50D97452405127D5471828B958F7A BaseClass: NativeClass:/Script/Engine.StaticMeshActor Name:StaticMeshActor_UAID_E4A8DFCE2622828701_1441539650 Label:arena17-_uv4_lock2_002 SpatiallyLoaded:1 Bounds:IsValid=true, Min=(X=814.184 Y=-52.140 Z=-10.425), Max=(X=987.738 Y=125.660 Z=88.410) RuntimeGrid:None EditorOnly:0 RuntimeOnly:0 HLODRelevant:1 FolderPath:Playground FolderGuid:C73F09FC4215536B1DCE2A9E0A830C70
 |   |   |- [+] [ 22]
 |   |   |   |- Guid:B5B84DE343BFC072B8004BA7FA783143 BaseClass: NativeClass:/Script/Engine.SkeletalMeshActor Name:SkeletalMeshActor_UAID_E4A8DFCE26222E8C01_1908813095 Label:Michal_Tofel_fbx_Anim SpatiallyLoaded:1 Bounds:IsValid=true, Min=(X=-264.897 Y=239.964 Z=-70.991), Max=(X=-119.254 Y=358.907 Z=147.237) RuntimeGrid:None EditorOnly:0 RuntimeOnly:0 HLODRelevant:0
 |   |   |- [+] [ 23]
 |   |   |   |- Guid:83FBD69F43CBC5700338AFB1B50A49C0 BaseClass: NativeClass:/Script/Engine.StaticMeshActor Name:StaticMeshActor_UAID_E4A8DFCE2622828701_1441461644 Label:arena17-_uv4_Cylinder_001 SpatiallyLoaded:1 Bounds:IsValid=true, Min=(X=-627.408 Y=-927.656 Z=49.285), Max=(X=-338.528 Y=-599.033 Z=253.953) RuntimeGrid:None EditorOnly:0 RuntimeOnly:0 HLODRelevant:1 FolderPath:Playground FolderGuid:C73F09FC4215536B1DCE2A9E0A830C70
 |   |   |- [+] [ 24]
 |   |   |   |- Guid:2FB58999456391D349DC0F86DAC136ED BaseClass: NativeClass:/Script/Engine.SkyLight Name:SkyLight_1 Label:SkyLight SpatiallyLoaded:0 Bounds:IsValid=true, Min=(X=0.000 Y=0.000 Z=690.000), Max=(X=0.000 Y=0.000 Z=690.000) RuntimeGrid:None EditorOnly:0 RuntimeOnly:0 HLODRelevant:0 FolderPath:Lighting FolderGuid:963EC3EB4002CCE9759E2EBA541A873A
 |   |   |- [+] [ 25]
 |   |   |   |- Guid:2835485B4C8D3CCE218B689252A99964 BaseClass: NativeClass:/Script/Engine.StaticMeshActor Name:StaticMeshActor_UAID_E4A8DFCE2622828701_1441334634 Label:arena17-_uv4_chain2_002 SpatiallyLoaded:1 Bounds:IsValid=true, Min=(X=-791.493 Y=784.519 Z=531.262), Max=(X=-712.431 Y=838.989 Z=596.522) RuntimeGrid:None EditorOnly:0 RuntimeOnly:0 HLODRelevant:1 FolderPath:Playground FolderGuid:C73F09FC4215536B1DCE2A9E0A830C70
 |   |   |- [+] [ 26]
 |   |   |   |- Guid:FBF669AF4BD2848E42F676BBB135CD92 BaseClass: NativeClass:/Script/Engine.StaticMeshActor Name:StaticMeshActor_UAID_E4A8DFCE2622828701_1441358636 Label:arena17-_uv4_chain2_004 SpatiallyLoaded:1 Bounds:IsValid=true, Min=(X=-230.516 Y=1108.400 Z=276.729), Max=(X=-126.392 Y=1177.339 Z=714.759) RuntimeGrid:None EditorOnly:0 RuntimeOnly:0 HLODRelevant:1 FolderPath:Playground FolderGuid:C73F09FC4215536B1DCE2A9E0A830C70
 |   |   |- [+] [ 27]
 |   |   |   |- Guid:3D45C8F047051E51303B58B5C4954DE3 BaseClass: NativeClass:/Script/Engine.StaticMeshActor Name:StaticMeshActor_UAID_E4A8DFCE2622828701_1441435642 Label:arena17-_uv4_Cube_002 SpatiallyLoaded:1 Bounds:IsValid=true, Min=(X=858.853 Y=-47.282 Z=247.193), Max=(X=1015.727 Y=104.674 Z=307.193) RuntimeGrid:None EditorOnly:0 RuntimeOnly:0 HLODRelevant:1 FolderPath:Playground FolderGuid:C73F09FC4215536B1DCE2A9E0A830C70
 |   |   |- [+] [ 28]
 |   |   |   |- Guid:D7130CF7462178E361EB729BF311C5B4 BaseClass: NativeClass:/Script/Engine.StaticMeshActor Name:StaticMeshActor_UAID_E4A8DFCE2622828701_1633683658 Label:Floor_400x400 SpatiallyLoaded:1 Bounds:IsValid=true, Min=(X=-4143.162 Y=-162.087 Z=-20.433), Max=(X=-1930.000 Y=2532.959 Z=2.000) RuntimeGrid:None EditorOnly:0 RuntimeOnly:0 HLODRelevant:1
 |   |   |- [+] [ 29]
 |   |   |   |- Guid:42D2EF3842E07C9E0DF1609271DC03E4 BaseClass: NativeClass:/Script/Engine.StaticMeshActor Name:StaticMeshActor_UAID_E4A8DFCE2622828701_1441311632 Label:arena17-_uv4_chain2 SpatiallyLoaded:1 Bounds:IsValid=true, Min=(X=-10.816 Y=-11.090 Z=897.858), Max=(X=10.051 Y=9.782 Z=1030.798) RuntimeGrid:None EditorOnly:0 RuntimeOnly:0 HLODRelevant:1 FolderPath:Playground FolderGuid:C73F09FC4215536B1DCE2A9E0A830C70
 |   |   |- [+] [ 30]
 |   |   |   |- Guid:59703F964E03F300FD8554BF42FD75FC BaseClass: NativeClass:/Script/Engine.PlayerStart Name:PlayerStart_UAID_E4A8DFCE2622828701_1569311657 Label:PlayerStart SpatiallyLoaded:0 Bounds:IsValid=true, Min=(X=280.000 Y=-1090.000 Z=-62.000), Max=(X=360.000 Y=-1010.000 Z=122.000) RuntimeGrid:None EditorOnly:0 RuntimeOnly:0 HLODRelevant:0 FolderPath:World FolderGuid:4AC79D5941B9F871585166A0C024B569
 |   |   |- [+] [ 31]
 |   |   |   |- Guid:E2F614BB418380854F05DDB8512E6B95 BaseClass:/Game/ThirdPerson/Maps/Arena/arena-httyd/Gate.Gate_C NativeClass:/Script/Engine.Actor Name:Gate_C_UAID_E4A8DFCE2622949201_1652955396 Label:Gate SpatiallyLoaded:1 Bounds:IsValid=true, Min=(X=3.265 Y=-1041.455 Z=-71.047), Max=(X=914.942 Y=-541.509 Z=238.681) RuntimeGrid:None EditorOnly:0 RuntimeOnly:0 HLODRelevant:0
 |   |   |- [+] [ 32]
 |   |   |   |- Guid:D0D9A0D5488C3E3F3FF797A548CE1F09 BaseClass: NativeClass:/Script/Engine.StaticMeshActor Name:StaticMeshActor_UAID_E4A8DFCE2622828701_1441322633 Label:arena17-_uv4_chain2_001 SpatiallyLoaded:1 Bounds:IsValid=true, Min=(X=-366.584 Y=1029.841 Z=531.333), Max=(X=-287.176 Y=1084.510 Z=596.041) RuntimeGrid:None EditorOnly:0 RuntimeOnly:0 HLODRelevant:1 FolderPath:Playground FolderGuid:C73F09FC4215536B1DCE2A9E0A830C70
 |   |   |- [+] [ 33]
 |   |   |   |- Guid:7DEA0D5F47E6CB53BD4DB0B7ACCA040D BaseClass: NativeClass:/Script/Engine.StaticMeshActor Name:StaticMeshActor_UAID_E4A8DFCE2622828701_1441299631 Label:arena17-_uv4_chain1 SpatiallyLoaded:1 Bounds:IsValid=true, Min=(X=-1060.402 Y=-1063.772 Z=608.104), Max=(X=1060.402 Y=1063.772 Z=897.494) RuntimeGrid:None EditorOnly:0 RuntimeOnly:0 HLODRelevant:1 FolderPath:Playground FolderGuid:C73F09FC4215536B1DCE2A9E0A830C70
 |   |   |- [+] [ 34]
 |   |   |   |- Guid:8F9663914D9BB4FC5F4540A00EFA26E5 BaseClass: NativeClass:/Script/Engine.StaticMeshActor Name:StaticMeshActor_UAID_E4A8DFCE2622828701_1441384638 Label:arena17-_uv4_chain2_007 SpatiallyLoaded:1 Bounds:IsValid=true, Min=(X=-1017.658 Y=1124.728 Z=484.374), Max=(X=-733.329 Y=1297.709 Z=708.863) RuntimeGrid:None EditorOnly:0 RuntimeOnly:0 HLODRelevant:1 FolderPath:Playground FolderGuid:C73F09FC4215536B1DCE2A9E0A830C70
 |   |   |- [+] [ 35]
 |   |   |   |- Guid:23CAD0394A9EFC05FB29DC93851A2C1B BaseClass: NativeClass:/Script/Engine.StaticMeshActor Name:StaticMeshActor_UAID_E4A8DFCE2622828701_1441259628 Label:arena17-_uv4_arena_main SpatiallyLoaded:1 Bounds:IsValid=true, Min=(X=-2147.095 Y=-1921.398 Z=-67.988), Max=(X=1891.019 Y=2364.934 Z=287.961) RuntimeGrid:None EditorOnly:0 RuntimeOnly:0 HLODRelevant:1 FolderPath:Playground FolderGuid:C73F09FC4215536B1DCE2A9E0A830C70
 |   |   |- [+] [ 36]
 |   |   |   |- Guid:540D5F294BC7F35C50E068920B4A4BFB BaseClass: NativeClass:/Script/Engine.StaticMeshActor Name:StaticMeshActor_UAID_E4A8DFCE2622828701_1441371637 Label:arena17-_uv4_chain2_006 SpatiallyLoaded:1 Bounds:IsValid=true, Min=(X=-749.958 Y=1279.241 Z=484.374), Max=(X=-465.629 Y=1452.222 Z=708.863) RuntimeGrid:None EditorOnly:0 RuntimeOnly:0 HLODRelevant:1 FolderPath:Playground FolderGuid:C73F09FC4215536B1DCE2A9E0A830C70
 |   |   |- [+] [ 37]
 |   |   |   |- Guid:06D40092469E3CFC5F3943BA103A1956 BaseClass: NativeClass:/Script/Engine.StaticMeshActor Name:StaticMeshActor_UAID_E4A8DFCE2622828701_1441275629 Label:arena17-_uv4_arena_main_001 SpatiallyLoaded:1 Bounds:IsValid=true, Min=(X=-1555.265 Y=-3983.363 Z=237.853), Max=(X=3623.674 Y=400.773 Z=282.012) RuntimeGrid:None EditorOnly:0 RuntimeOnly:0 HLODRelevant:1 FolderPath:Playground FolderGuid:C73F09FC4215536B1DCE2A9E0A830C70
 |- ContainerInstances:
 |- [+] MainContainer:
 |   |-        ID: 0x0000000000000000
 |   |-    Bounds: IsValid=false, Min=(X=0.000 Y=0.000 Z=0.000), Max=(X=0.000 Y=0.000 Z=0.000)
 |   |- Transform: 0.000000,0.000000,0.000000|0.000000,0.000000,-0.000000|1.000000,1.000000,1.000000
 |   |- Container: /Game/ThirdPerson/Maps/ThirdPersonMap
----------------------------------------------------------------------------------------------------------------
ThirdPersonMap - Persistent Level
----------------------------------------------------------------------------------------------------------------
Always loaded Actor Count: 46 

----------------------------------------------------------------------------------------------------------------
ThirdPersonMap - Runtime Spatial Hash - Streaming Grid - MainGrid
----------------------------------------------------------------------------------------------------------------
            Origin: X=0.000 Y=0.000 Z=0.000
         Cell Size: 12800
      World Bounds: IsValid=false, Min=(X=0.000 Y=0.000 Z=0.000), Max=(X=0.000 Y=0.000 Z=0.000)
     Loading Range: 25600.00
Block Slow Loading: No
 ClientOnlyVisible: No

[+] Grid Levels: 1
 |- Level  0: Cell Count    0 | Cell Size   12800 | Actor Count    0 (0.0%)

[+] Content of Grid Level 0

