[+] Containers:
 |- [+] Container: /Game/ThirdPerson/Maps/ThirdPersonMap
 |   |- [+] ActorDescs:
 |   |   |- Guid:029C1DCA41CD0B33D9DB41A6E886ED5E BaseClass:/Game/Characters/Enemy/Archer/Archer.Archer_C NativeClass:/Script/Engine.Character Name:Archer_C_UAID_E4A8DFCE2622149B01_1582746363 Label:Archer2 SpatiallyLoaded:1 Bounds:IsValid=true, Min=(X=-304.452 Y=238.060 Z=145.880), Max=(X=-73.194 Y=599.697 Z=465.000) RuntimeGrid:None EditorOnly:0 RuntimeOnly:0 HLODRelevant:0 FolderPath:Enemy FolderGuid:1FFB6A5A4D03ACDBCA8466BA417EE0D0
 |   |   |- Guid:06D40092469E3CFC5F3943BA103A1956 BaseClass: NativeClass:/Script/Engine.StaticMeshActor Name:StaticMeshActor_UAID_E4A8DFCE2622828701_1441275629 Label:arena17-_uv4_arena_main_001 SpatiallyLoaded:1 Bounds:IsValid=true, Min=(X=-1575.197 Y=-3082.743 Z=237.853), Max=(X=3010.852 Y=-668.135 Z=282.012) RuntimeGrid:None EditorOnly:0 RuntimeOnly:0 HLODRelevant:1 FolderPath:Playground FolderGuid:C73F09FC4215536B1DCE2A9E0A830C70
 |   |   |- Guid:0BBAEAC546D622F40110D9B254E1AB61 BaseClass:/Game/ThirdPerson/Maps/torch/BP_Torch.BP_Torch_C NativeClass:/Script/Engine.Actor Name:BP_Torch_C_UAID_E4A8DFCE2622229301_1364860383 Label:BP_Torch7 SpatiallyLoaded:1 Bounds:IsValid=true, Min=(X=470.536 Y=1177.994 Z=90.397), Max=(X=527.252 Y=1195.343 Z=155.333) RuntimeGrid:None EditorOnly:0 RuntimeOnly:0 HLODRelevant:0 FolderPath:Playground FolderGuid:C73F09FC4215536B1DCE2A9E0A830C70
 |   |   |- Guid:209F1280467D2BC272B2A58A3E82AC75 BaseClass:/Game/Characters/Enemy/Knight/Knight.Knight_C NativeClass:/Script/Engine.Character Name:Knight_C_UAID_E4A8DFCE2622F29B01_1313912434 Label:Knight SpatiallyLoaded:1 Bounds:IsValid=true, Min=(X=481.027 Y=294.241 Z=-73.958), Max=(X=604.319 Y=399.659 Z=120.500) RuntimeGrid:None EditorOnly:0 RuntimeOnly:0 HLODRelevant:0 FolderPath:Enemy FolderGuid:1FFB6A5A4D03ACDBCA8466BA417EE0D0
 |   |   |- Guid:23CAD0394A9EFC05FB29DC93851A2C1B BaseClass: NativeClass:/Script/Engine.StaticMeshActor Name:StaticMeshActor_UAID_E4A8DFCE2622828701_1441259628 Label:arena17-_uv4_arena_main SpatiallyLoaded:1 Bounds:IsValid=true, Min=(X=-636.116 Y=-1271.970 Z=-67.988), Max=(X=2071.771 Y=2114.061 Z=287.961) RuntimeGrid:None EditorOnly:0 RuntimeOnly:0 HLODRelevant:1 FolderPath:Playground FolderGuid:C73F09FC4215536B1DCE2A9E0A830C70
 |   |   |- Guid:2835485B4C8D3CCE218B689252A99964 BaseClass: NativeClass:/Script/Engine.StaticMeshActor Name:StaticMeshActor_UAID_E4A8DFCE2622828701_1441334634 Label:arena17-_uv4_chain2_002 SpatiallyLoaded:1 Bounds:IsValid=true, Min=(X=431.252 Y=1264.309 Z=531.262), Max=(X=513.722 Y=1279.592 Z=596.522) RuntimeGrid:None EditorOnly:0 RuntimeOnly:0 HLODRelevant:1 FolderPath:Playground FolderGuid:C73F09FC4215536B1DCE2A9E0A830C70
 |   |   |- Guid:2E5C7CC94E4FA32CA9B5DDA8D5CA6FE1 BaseClass:/Game/ThirdPerson/Maps/torch/BP_Torch.BP_Torch_C NativeClass:/Script/Engine.Actor Name:BP_Torch_C_UAID_E4A8DFCE2622229301_1307223380 Label:BP_Torch4 SpatiallyLoaded:1 Bounds:IsValid=true, Min=(X=1016.150 Y=999.698 Z=170.397), Max=(X=1023.850 Y=1055.931 Z=235.333) RuntimeGrid:None EditorOnly:0 RuntimeOnly:0 HLODRelevant:0 FolderPath:Playground FolderGuid:C73F09FC4215536B1DCE2A9E0A830C70
 |   |   |- Guid:2FB58999456391D349DC0F86DAC136ED BaseClass: NativeClass:/Script/Engine.SkyLight Name:SkyLight_1 Label:SkyLight SpatiallyLoaded:0 Bounds:IsValid=true, Min=(X=720.000 Y=190.000 Z=1050.000), Max=(X=720.000 Y=190.000 Z=1050.000) RuntimeGrid:None EditorOnly:0 RuntimeOnly:0 HLODRelevant:0 FolderPath:Lighting FolderGuid:963EC3EB4002CCE9759E2EBA541A873A
 |   |   |- Guid:316CF2A6494ACA4C0E4180A87D36AB8F BaseClass: NativeClass:/Script/Engine.ExponentialHeightFog Name:ExponentialHeightFog_0 Label:ExponentialHeightFog SpatiallyLoaded:0 Bounds:IsValid=true, Min=(X=-4880.000 Y=140.000 Z=-6490.000), Max=(X=-4880.000 Y=140.000 Z=-6490.000) RuntimeGrid:None EditorOnly:0 RuntimeOnly:0 HLODRelevant:0 FolderPath:Lighting FolderGuid:963EC3EB4002CCE9759E2EBA541A873A
 |   |   |- Guid:32BDE18D41616B60A5D90F9ADF0B1323 BaseClass: NativeClass:/Script/Engine.StaticMeshActor Name:StaticMeshActor_UAID_E4A8DFCE2622989201_1668607101 Label:Plane SpatiallyLoaded:1 Bounds:IsValid=true, Min=(X=-84.375 Y=2136.438 Z=113.000), Max=(X=1484.375 Y=3089.562 Z=113.000) RuntimeGrid:None EditorOnly:0 RuntimeOnly:0 HLODRelevant:1
 |   |   |- Guid:3D45C8F047051E51303B58B5C4954DE3 BaseClass: NativeClass:/Script/Engine.StaticMeshActor Name:StaticMeshActor_UAID_E4A8DFCE2622828701_1441435642 Label:arena17-_uv4_Cube_002 SpatiallyLoaded:1 Bounds:IsValid=true, Min=(X=1484.013 Y=-303.984 Z=247.193), Max=(X=1603.772 Y=-197.664 Z=307.193) RuntimeGrid:None EditorOnly:0 RuntimeOnly:0 HLODRelevant:1 FolderPath:Playground FolderGuid:C73F09FC4215536B1DCE2A9E0A830C70
 |   |   |- Guid:4257F77E47CB5FBAB5616D9763F4DF07 BaseClass: NativeClass:/Script/Engine.StaticMeshActor Name:StaticMeshActor_UAID_E4A8DFCE2622828701_1441617656 Label:arena17-_uv4_woodColumns_001 SpatiallyLoaded:1 Bounds:IsValid=true, Min=(X=-1264.383 Y=-275.722 Z=-403.937), Max=(X=2700.038 Y=2076.520 Z=499.755) RuntimeGrid:None EditorOnly:0 RuntimeOnly:0 HLODRelevant:1 FolderPath:Playground FolderGuid:C73F09FC4215536B1DCE2A9E0A830C70
 |   |   |- Guid:42A7109040C0420931B088A58414C3CA BaseClass: NativeClass:/Script/Engine.StaticMeshActor Name:StaticMeshActor_UAID_E4A8DFCE2622828701_1441288630 Label:arena17-_uv4_chain SpatiallyLoaded:1 Bounds:IsValid=true, Min=(X=-677.299 Y=-1232.948 Z=273.389), Max=(X=2114.954 Y=1516.885 Z=602.146) RuntimeGrid:None EditorOnly:0 RuntimeOnly:0 HLODRelevant:1 FolderPath:Playground FolderGuid:C73F09FC4215536B1DCE2A9E0A830C70
 |   |   |- Guid:42D2EF3842E07C9E0DF1609271DC03E4 BaseClass: NativeClass:/Script/Engine.StaticMeshActor Name:StaticMeshActor_UAID_E4A8DFCE2622828701_1441311632 Label:arena17-_uv4_chain2 SpatiallyLoaded:1 Bounds:IsValid=true, Min=(X=707.460 Y=182.949 Z=1206.286), Max=(X=726.550 Y=202.052 Z=1405.696) RuntimeGrid:None EditorOnly:0 RuntimeOnly:0 HLODRelevant:1 FolderPath:Playground FolderGuid:C73F09FC4215536B1DCE2A9E0A830C70
 |   |   |- Guid:49F5F48646DF70804CF6C0B7E6D3368F BaseClass:/Game/ThirdPerson/Maps/torch/BP_Torch.BP_Torch_C NativeClass:/Script/Engine.Actor Name:BP_Torch_C_UAID_E4A8DFCE2622239301_1753338551 Label:BP_Torch8 SpatiallyLoaded:1 Bounds:IsValid=true, Min=(X=1302.830 Y=-524.038 Z=170.397), Max=(X=1348.038 Y=-478.830 Z=235.333) RuntimeGrid:None EditorOnly:0 RuntimeOnly:0 HLODRelevant:0 FolderPath:Playground FolderGuid:C73F09FC4215536B1DCE2A9E0A830C70
 |   |   |- Guid:4D3BE93F4146AAAC8BBE79999D96D57F BaseClass: NativeClass:/Script/Engine.VolumetricCloud Name:VolumetricCloud_0 Label:VolumetricCloud SpatiallyLoaded:0 Bounds:IsValid=true, Min=(X=720.000 Y=190.000 Z=1180.000), Max=(X=720.000 Y=190.000 Z=1180.000) RuntimeGrid:None EditorOnly:0 RuntimeOnly:0 HLODRelevant:0 FolderPath:Lighting FolderGuid:963EC3EB4002CCE9759E2EBA541A873A
 |   |   |- Guid:540D5F294BC7F35C50E068920B4A4BFB BaseClass: NativeClass:/Script/Engine.StaticMeshActor Name:StaticMeshActor_UAID_E4A8DFCE2622828701_1441371637 Label:arena17-_uv4_chain2_006 SpatiallyLoaded:1 Bounds:IsValid=true, Min=(X=714.583 Y=1671.983 Z=484.374), Max=(X=1034.075 Y=1687.266 Z=708.863) RuntimeGrid:None EditorOnly:0 RuntimeOnly:0 HLODRelevant:1 FolderPath:Playground FolderGuid:C73F09FC4215536B1DCE2A9E0A830C70
 |   |   |- Guid:59703F964E03F300FD8554BF42FD75FC BaseClass: NativeClass:/Script/Engine.PlayerStart Name:PlayerStart_UAID_E4A8DFCE2622828701_1569311657 Label:PlayerStart SpatiallyLoaded:0 Bounds:IsValid=true, Min=(X=218.000 Y=-1028.000 Z=-62.000), Max=(X=298.000 Y=-948.000 Z=122.000) RuntimeGrid:None EditorOnly:0 RuntimeOnly:0 HLODRelevant:0 FolderPath:World FolderGuid:4AC79D5941B9F871585166A0C024B569
 |   |   |- Guid:6BAF4DDD444C60371492D3919DB42C97 BaseClass: NativeClass:/Script/Engine.WorldDataLayers Name:WorldDataLayers Label:WorldDataLayers SpatiallyLoaded:0 Bounds:IsValid=true, Min=(X=0.000 Y=0.000 Z=0.000), Max=(X=0.000 Y=0.000 Z=0.000) RuntimeGrid:None EditorOnly:0 RuntimeOnly:0 HLODRelevant:0 FolderPath:World FolderGuid:4AC79D5941B9F871585166A0C024B569
 |   |   |- Guid:7244789348CB95BEE142AF95C3517900 BaseClass:/Game/ThirdPerson/Maps/Arena/arena-httyd/MainGate.MainGate_C NativeClass:/Script/Engine.Actor Name:MainGate_C_UAID_E4A8DFCE2622DF9201_1188267598 Label:MainGate SpatiallyLoaded:1 Bounds:IsValid=true, Min=(X=433.064 Y=1258.681 Z=-69.153), Max=(X=1006.936 Y=1282.681 Z=333.041) RuntimeGrid:None EditorOnly:0 RuntimeOnly:0 HLODRelevant:0 FolderPath:Playground FolderGuid:C73F09FC4215536B1DCE2A9E0A830C70
 |   |   |- Guid:75A31E7A4F7020A840DAB7B449E7AC19 BaseClass: NativeClass:/Script/Engine.StaticMeshActor Name:StaticMeshActor_UAID_E4A8DFCE2622828701_1441604655 Label:arena17-_uv4_top SpatiallyLoaded:1 Bounds:IsValid=true, Min=(X=693.309 Y=167.775 Z=1183.381), Max=(X=742.714 Y=217.180 Z=1219.057) RuntimeGrid:None EditorOnly:0 RuntimeOnly:0 HLODRelevant:1 FolderPath:Playground FolderGuid:C73F09FC4215536B1DCE2A9E0A830C70
 |   |   |- Guid:78D2B3924588F8799F44B1AE917A3503 BaseClass: NativeClass:/Script/Engine.StaticMeshActor Name:StaticMeshActor_UAID_E4A8DFCE2622828701_1441397639 Label:arena17-_uv4_column SpatiallyLoaded:1 Bounds:IsValid=true, Min=(X=-584.655 Y=-1159.095 Z=267.132), Max=(X=2022.311 Y=1408.265 Z=801.688) RuntimeGrid:None EditorOnly:0 RuntimeOnly:0 HLODRelevant:1 FolderPath:Playground FolderGuid:C73F09FC4215536B1DCE2A9E0A830C70
 |   |   |- Guid:7DEA0D5F47E6CB53BD4DB0B7ACCA040D BaseClass: NativeClass:/Script/Engine.StaticMeshActor Name:StaticMeshActor_UAID_E4A8DFCE2622828701_1441299631 Label:arena17-_uv4_chain1 SpatiallyLoaded:1 Bounds:IsValid=true, Min=(X=-247.294 Y=-804.663 Z=765.656), Max=(X=1684.949 Y=1150.602 Z=1199.741) RuntimeGrid:None EditorOnly:0 RuntimeOnly:0 HLODRelevant:1 FolderPath:Playground FolderGuid:C73F09FC4215536B1DCE2A9E0A830C70
 |   |   |- Guid:83FBD69F43CBC5700338AFB1B50A49C0 BaseClass: NativeClass:/Script/Engine.StaticMeshActor Name:StaticMeshActor_UAID_E4A8DFCE2622828701_1441461644 Label:arena17-_uv4_Cylinder_001 SpatiallyLoaded:1 Bounds:IsValid=true, Min=(X=-167.973 Y=-366.778 Z=49.285), Max=(X=3.759 Y=-86.466 Z=253.953) RuntimeGrid:None EditorOnly:0 RuntimeOnly:0 HLODRelevant:1 FolderPath:Playground FolderGuid:C73F09FC4215536B1DCE2A9E0A830C70
 |   |   |- Guid:8F9663914D9BB4FC5F4540A00EFA26E5 BaseClass: NativeClass:/Script/Engine.StaticMeshActor Name:StaticMeshActor_UAID_E4A8DFCE2622828701_1441384638 Label:arena17-_uv4_chain2_007 SpatiallyLoaded:1 Bounds:IsValid=true, Min=(X=405.491 Y=1672.021 Z=484.374), Max=(X=724.983 Y=1687.303 Z=708.863) RuntimeGrid:None EditorOnly:0 RuntimeOnly:0 HLODRelevant:1 FolderPath:Playground FolderGuid:C73F09FC4215536B1DCE2A9E0A830C70
 |   |   |- Guid:99A61166410699FE94905D898AD9CDF8 BaseClass: NativeClass:/Script/NavigationSystem.RecastNavMesh Name:RecastNavMesh_UAID_E4A8DFCE2622149B01-Default Label:RecastNavMesh-Default SpatiallyLoaded:0 Bounds:IsValid=true, Min=(X=0.000 Y=0.000 Z=0.000), Max=(X=0.000 Y=0.000 Z=0.000) RuntimeGrid:None EditorOnly:0 RuntimeOnly:0 HLODRelevant:0 FolderPath:World FolderGuid:4AC79D5941B9F871585166A0C024B569
 |   |   |- Guid:9E8C9C564319EE91E9CD128DA0248C0A BaseClass:/Game/ThirdPerson/Maps/torch/BP_Torch.BP_Torch_C NativeClass:/Script/Engine.Actor Name:BP_Torch_C_UAID_E4A8DFCE2622529B01_1528319271 Label:BP_Torch9 SpatiallyLoaded:1 Bounds:IsValid=true, Min=(X=-129.721 Y=528.520 Z=131.397), Max=(X=-75.502 Y=559.264 Z=196.333) RuntimeGrid:None EditorOnly:0 RuntimeOnly:0 HLODRelevant:0 FolderPath:Playground FolderGuid:C73F09FC4215536B1DCE2A9E0A830C70
 |   |   |- Guid:A0B974174812327E71EA4FBDD1382709 BaseClass:/Game/ThirdPerson/Maps/torch/BP_Torch.BP_Torch_C NativeClass:/Script/Engine.Actor Name:BP_Torch_C_UAID_E4A8DFCE2622219301_1113337201 Label:BP_Torch SpatiallyLoaded:1 Bounds:IsValid=true, Min=(X=71.310 Y=-507.316 Z=190.397), Max=(X=113.355 Y=-459.289 Z=255.333) RuntimeGrid:None EditorOnly:0 RuntimeOnly:0 HLODRelevant:0 FolderPath:Playground FolderGuid:C73F09FC4215536B1DCE2A9E0A830C70
 |   |   |- Guid:B44B55F84A692D1B9E1C85BEB8851746 BaseClass:/Game/Characters/Enemy/Archer/Archer.Archer_C NativeClass:/Script/Engine.Character Name:Archer_C_UAID_E4A8DFCE26220F9B01_1860990480 Label:Archer SpatiallyLoaded:1 Bounds:IsValid=true, Min=(X=1209.033 Y=679.310 Z=137.880), Max=(X=1483.473 Y=1026.349 Z=457.000) RuntimeGrid:None EditorOnly:0 RuntimeOnly:0 HLODRelevant:0 FolderPath:Enemy FolderGuid:1FFB6A5A4D03ACDBCA8466BA417EE0D0
 |   |   |- Guid:B5AA288E413EEE2BA927FC81CBF4D5E5 BaseClass:/Game/Characters/Enemys/Dummy.Dummy_C NativeClass:/Script/Engine.Character Name:Dummy_C_UAID_E4A8DFCE26226A9901_1407931383 Label:Dummy SpatiallyLoaded:1 Bounds:IsValid=true, Min=(X=342.000 Y=-145.000 Z=-68.955), Max=(X=410.000 Y=-77.000 Z=109.526) RuntimeGrid:None EditorOnly:0 RuntimeOnly:0 HLODRelevant:0
 |   |   |- Guid:B5B84DE343BFC072B8004BA7FA783143 BaseClass: NativeClass:/Script/Engine.SkeletalMeshActor Name:SkeletalMeshActor_UAID_E4A8DFCE26222E8C01_1908813095 Label:Michal_Tofel_fbx_Anim SpatiallyLoaded:1 Bounds:IsValid=true, Min=(X=745.103 Y=239.964 Z=-70.991), Max=(X=890.746 Y=358.907 Z=147.237) RuntimeGrid:None EditorOnly:0 RuntimeOnly:0 HLODRelevant:0
 |   |   |- Guid:B785ED2844B84CFB91E7F39FE661CD99 BaseClass: NativeClass:/Script/Engine.DirectionalLight Name:DirectionalLight_0 Label:Sun Light SpatiallyLoaded:0 Bounds:IsValid=true, Min=(X=-4398046511104.000 Y=-4398046511104.000 Z=-4398046511104.000), Max=(X=4398046511104.000 Y=4398046511104.000 Z=4398046511104.000) RuntimeGrid:None EditorOnly:0 RuntimeOnly:0 HLODRelevant:0 FolderPath:Lighting FolderGuid:963EC3EB4002CCE9759E2EBA541A873A
 |   |   |- Guid:B9EB6BC14E256A09E6360BA8B5B77D00 BaseClass: NativeClass:/Script/Engine.StaticMeshActor Name:StaticMeshActor_UAID_E4A8DFCE2622828701_1441474645 Label:arena17-_uv4_Cylinder_003 SpatiallyLoaded:1 Bounds:IsValid=true, Min=(X=1425.790 Y=-363.951 Z=48.775), Max=(X=1606.306 Y=-87.550 Z=253.443) RuntimeGrid:None EditorOnly:0 RuntimeOnly:0 HLODRelevant:1 FolderPath:Playground FolderGuid:C73F09FC4215536B1DCE2A9E0A830C70
 |   |   |- Guid:BF41B76A4170E70F00DA7BB3BEE79C20 BaseClass: NativeClass:/Script/Engine.StaticMeshActor Name:StaticMeshActor_UAID_E4A8DFCE2622828701_1441591654 Label:arena17-_uv4_rings SpatiallyLoaded:1 Bounds:IsValid=true, Min=(X=-492.477 Y=-1050.120 Z=392.554), Max=(X=1928.587 Y=1370.943 Z=1110.548) RuntimeGrid:None EditorOnly:0 RuntimeOnly:0 HLODRelevant:1 FolderPath:Playground FolderGuid:C73F09FC4215536B1DCE2A9E0A830C70
 |   |   |- Guid:C5E50D97452405127D5471828B958F7A BaseClass: NativeClass:/Script/Engine.StaticMeshActor Name:StaticMeshActor_UAID_E4A8DFCE2622828701_1441539650 Label:arena17-_uv4_lock2_002 SpatiallyLoaded:1 Bounds:IsValid=true, Min=(X=1455.061 Y=-292.879 Z=-10.425), Max=(X=1577.864 Y=-158.473 Z=88.410) RuntimeGrid:None EditorOnly:0 RuntimeOnly:0 HLODRelevant:1 FolderPath:Playground FolderGuid:C73F09FC4215536B1DCE2A9E0A830C70
 |   |   |- Guid:CC0B1D004696BAF032B950BE55FA856D BaseClass: NativeClass:/Script/Engine.StaticMeshActor Name:StaticMeshActor_UAID_E4A8DFCE2622828701_1441346635 Label:arena17-_uv4_chain2_003 SpatiallyLoaded:1 Bounds:IsValid=true, Min=(X=245.299 Y=1264.272 Z=276.672), Max=(X=356.603 Y=1279.554 Z=714.759) RuntimeGrid:None EditorOnly:0 RuntimeOnly:0 HLODRelevant:1 FolderPath:Playground FolderGuid:C73F09FC4215536B1DCE2A9E0A830C70
 |   |   |- Guid:CCC0DD4F432D7B2177AC2E89A9B81A63 BaseClass: NativeClass:/Script/Engine.DirectionalLight Name:DirectionalLight_UAID_E00AF6B00B743D9301_1965610135 Label:Night Light SpatiallyLoaded:0 Bounds:IsValid=true, Min=(X=-4398046511104.000 Y=-4398046511104.000 Z=-4398046511104.000), Max=(X=4398046511104.000 Y=4398046511104.000 Z=4398046511104.000) RuntimeGrid:None EditorOnly:0 RuntimeOnly:0 HLODRelevant:0 FolderPath:Lighting FolderGuid:963EC3EB4002CCE9759E2EBA541A873A
 |   |   |- Guid:CCFF262C46EEFFDF319E7F9539CE697E BaseClass: NativeClass:/Script/Engine.SkyAtmosphere Name:SkyAtmosphere_0 Label:SkyAtmosphere SpatiallyLoaded:0 Bounds:IsValid=true, Min=(X=720.000 Y=190.000 Z=1380.000), Max=(X=720.000 Y=190.000 Z=1380.000) RuntimeGrid:None EditorOnly:0 RuntimeOnly:0 HLODRelevant:0 FolderPath:Lighting FolderGuid:963EC3EB4002CCE9759E2EBA541A873A
 |   |   |- Guid:D0D9A0D5488C3E3F3FF797A548CE1F09 BaseClass: NativeClass:/Script/Engine.StaticMeshActor Name:StaticMeshActor_UAID_E4A8DFCE2622828701_1441322633 Label:arena17-_uv4_chain2_001 SpatiallyLoaded:1 Bounds:IsValid=true, Min=(X=921.895 Y=1264.309 Z=531.333), Max=(X=1004.764 Y=1279.592 Z=596.041) RuntimeGrid:None EditorOnly:0 RuntimeOnly:0 HLODRelevant:1 FolderPath:Playground FolderGuid:C73F09FC4215536B1DCE2A9E0A830C70
 |   |   |- Guid:D2482BFF4C6C1812787C5F9E81CB4280 BaseClass: NativeClass:/Script/Engine.StaticMeshActor Name:StaticMeshActor_UAID_E4A8DFCE2622828701_1441578653 Label:arena17-_uv4_planks SpatiallyLoaded:1 Bounds:IsValid=true, Min=(X=-1204.676 Y=-1096.190 Z=258.132), Max=(X=2640.331 Y=1988.234 Z=279.858) RuntimeGrid:None EditorOnly:0 RuntimeOnly:0 HLODRelevant:1 FolderPath:Playground FolderGuid:C73F09FC4215536B1DCE2A9E0A830C70
 |   |   |- Guid:E2AA096649A0FA2BB2592B8DA77EB4B0 BaseClass: NativeClass:/Script/NavigationSystem.NavMeshBoundsVolume Name:NavMeshBoundsVolume_UAID_E4A8DFCE2622149B01_1091771361 Label:NavMeshBoundsVolume SpatiallyLoaded:0 Bounds:IsValid=true, Min=(X=-488.000 Y=-996.000 Z=258.000), Max=(X=1862.000 Y=1254.000 Z=358.000) RuntimeGrid:None EditorOnly:0 RuntimeOnly:0 HLODRelevant:0 FolderPath:World FolderGuid:4AC79D5941B9F871585166A0C024B569
 |   |   |- Guid:E2F614BB418380854F05DDB8512E6B95 BaseClass:/Game/ThirdPerson/Maps/Arena/arena-httyd/Gate.Gate_C NativeClass:/Script/Engine.Actor Name:Gate_C_UAID_E4A8DFCE2622949201_1652955396 Label:Gate SpatiallyLoaded:1 Bounds:IsValid=true, Min=(X=194.517 Y=-809.371 Z=-67.238), Max=(X=1243.848 Y=-718.709 Z=245.970) RuntimeGrid:None EditorOnly:0 RuntimeOnly:0 HLODRelevant:0 FolderPath:Playground FolderGuid:C73F09FC4215536B1DCE2A9E0A830C70
 |   |   |- Guid:E3DC75394F88297A5EF4BE98354B20FF BaseClass:/Game/ThirdPerson/Maps/torch/BP_Torch.BP_Torch_C NativeClass:/Script/Engine.Actor Name:BP_Torch_C_UAID_E4A8DFCE2622229301_1342073382 Label:BP_Torch6 SpatiallyLoaded:1 Bounds:IsValid=true, Min=(X=902.748 Y=1174.657 Z=90.397), Max=(X=959.464 Y=1192.006 Z=155.333) RuntimeGrid:None EditorOnly:0 RuntimeOnly:0 HLODRelevant:0 FolderPath:Playground FolderGuid:C73F09FC4215536B1DCE2A9E0A830C70
 |   |   |- Guid:E48B6D104DCE1573DF4026AB37A453AC BaseClass: NativeClass:/Script/Engine.StaticMeshActor Name:StaticMeshActor_UAID_E4A8DFCE2622828701_1441526649 Label:arena17-_uv4_lock2_001 SpatiallyLoaded:1 Bounds:IsValid=true, Min=(X=-141.903 Y=-294.625 Z=-9.915), Max=(X=-21.713 Y=-161.128 Z=88.920) RuntimeGrid:None EditorOnly:0 RuntimeOnly:0 HLODRelevant:1 FolderPath:Playground FolderGuid:C73F09FC4215536B1DCE2A9E0A830C70
 |   |   |- Guid:E5C83B5948995E2D3BBDD0A43C7675AA BaseClass: NativeClass:/Script/Engine.StaticMeshActor Name:StaticMeshActor_UAID_E4A8DFCE2622828701_1441487646 Label:arena17-_uv4_frontGare SpatiallyLoaded:1 Bounds:IsValid=true, Min=(X=323.017 Y=1231.694 Z=137.692), Max=(X=1112.638 Y=1798.810 Z=756.303) RuntimeGrid:None EditorOnly:0 RuntimeOnly:0 HLODRelevant:1 FolderPath:Playground FolderGuid:C73F09FC4215536B1DCE2A9E0A830C70
 |   |   |- Guid:E72DA9D24F0E3D60A8797B9F8F5F73D5 BaseClass: NativeClass:/Script/Engine.StaticMeshActor Name:StaticMeshActor_UAID_E4A8DFCE2622828701_1441422641 Label:arena17-_uv4_Cube_001 SpatiallyLoaded:1 Bounds:IsValid=true, Min=(X=-179.351 Y=-276.520 Z=247.703), Max=(X=-59.177 Y=-193.123 Z=307.703) RuntimeGrid:None EditorOnly:0 RuntimeOnly:0 HLODRelevant:1 FolderPath:Playground FolderGuid:C73F09FC4215536B1DCE2A9E0A830C70
 |   |   |- Guid:EC4E0C944CE6AC6E784BC6BB2916EA13 BaseClass: NativeClass:/Script/Engine.StaticMeshActor Name:StaticMeshActor_UAID_A4AE111137DC5EFB00_1110535423 Label:SM_SkySphere SpatiallyLoaded:0 Bounds:IsValid=true, Min=(X=-1637679.000 Y=-1638210.000 Z=-1638040.000), Max=(X=1639121.000 Y=1638590.000 Z=1638760.000) RuntimeGrid:None EditorOnly:0 RuntimeOnly:0 HLODRelevant:1 FolderPath:Lighting FolderGuid:963EC3EB4002CCE9759E2EBA541A873A
 |   |   |- Guid:F2A0EADE43496F9DBF091A9F95354417 BaseClass:/Game/ThirdPerson/Maps/torch/BP_Torch.BP_Torch_C NativeClass:/Script/Engine.Actor Name:BP_Torch_C_UAID_E4A8DFCE2622229301_1286745379 Label:BP_Torch3 SpatiallyLoaded:1 Bounds:IsValid=true, Min=(X=426.150 Y=1002.698 Z=170.397), Max=(X=433.850 Y=1058.931 Z=235.333) RuntimeGrid:None EditorOnly:0 RuntimeOnly:0 HLODRelevant:0 FolderPath:Playground FolderGuid:C73F09FC4215536B1DCE2A9E0A830C70
 |   |   |- Guid:F5E3FEB3450C49844FD93DA8E083C8AD BaseClass: NativeClass:/Script/Engine.PostProcessVolume Name:PostProcessVolume_0 Label:PostProcessVolume SpatiallyLoaded:0 Bounds:IsValid=true, Min=(X=630.000 Y=80.000 Z=910.000), Max=(X=830.000 Y=280.000 Z=1110.000) RuntimeGrid:None EditorOnly:0 RuntimeOnly:0 HLODRelevant:0 FolderPath:Lighting FolderGuid:963EC3EB4002CCE9759E2EBA541A873A
 |   |   |- Guid:F6F5B2B348377873AAD2F8A631C561FB BaseClass: NativeClass:/Script/Engine.StaticMeshActor Name:StaticMeshActor_UAID_E4A8DFCE2622828701_1441552651 Label:arena17-_uv4_logo SpatiallyLoaded:1 Bounds:IsValid=true, Min=(X=624.365 Y=1683.532 Z=403.758), Max=(X=818.249 Y=1693.139 Z=592.583) RuntimeGrid:None EditorOnly:0 RuntimeOnly:0 HLODRelevant:1 FolderPath:Playground FolderGuid:C73F09FC4215536B1DCE2A9E0A830C70
 |   |   |- Guid:FB655294428260C52EF3FAA212F1BCE7 BaseClass:/Game/ThirdPerson/Maps/torch/BP_Torch.BP_Torch_C NativeClass:/Script/Engine.Actor Name:BP_Torch_C_UAID_E4A8DFCE2622229301_1317091381 Label:BP_Torch5 SpatiallyLoaded:1 Bounds:IsValid=true, Min=(X=1486.645 Y=588.289 Z=120.397), Max=(X=1528.690 Y=636.316 Z=185.333) RuntimeGrid:None EditorOnly:0 RuntimeOnly:0 HLODRelevant:0 FolderPath:Playground FolderGuid:C73F09FC4215536B1DCE2A9E0A830C70
 |   |   |- Guid:FBF669AF4BD2848E42F676BBB135CD92 BaseClass: NativeClass:/Script/Engine.StaticMeshActor Name:StaticMeshActor_UAID_E4A8DFCE2622828701_1441358636 Label:arena17-_uv4_chain2_004 SpatiallyLoaded:1 Bounds:IsValid=true, Min=(X=1079.013 Y=1264.309 Z=276.729), Max=(X=1190.421 Y=1279.592 Z=714.759) RuntimeGrid:None EditorOnly:0 RuntimeOnly:0 HLODRelevant:1 FolderPath:Playground FolderGuid:C73F09FC4215536B1DCE2A9E0A830C70
 |   |- [+] Clusters:
 |   |   |- [+] [  0]
 |   |   |   |- Guid:6BAF4DDD444C60371492D3919DB42C97 BaseClass: NativeClass:/Script/Engine.WorldDataLayers Name:WorldDataLayers Label:WorldDataLayers SpatiallyLoaded:0 Bounds:IsValid=true, Min=(X=0.000 Y=0.000 Z=0.000), Max=(X=0.000 Y=0.000 Z=0.000) RuntimeGrid:None EditorOnly:0 RuntimeOnly:0 HLODRelevant:0 FolderPath:World FolderGuid:4AC79D5941B9F871585166A0C024B569
 |   |   |- [+] [  1]
 |   |   |   |- Guid:E2F614BB418380854F05DDB8512E6B95 BaseClass:/Game/ThirdPerson/Maps/Arena/arena-httyd/Gate.Gate_C NativeClass:/Script/Engine.Actor Name:Gate_C_UAID_E4A8DFCE2622949201_1652955396 Label:Gate SpatiallyLoaded:1 Bounds:IsValid=true, Min=(X=194.517 Y=-809.371 Z=-67.238), Max=(X=1243.848 Y=-718.709 Z=245.970) RuntimeGrid:None EditorOnly:0 RuntimeOnly:0 HLODRelevant:0 FolderPath:Playground FolderGuid:C73F09FC4215536B1DCE2A9E0A830C70
 |   |   |- [+] [  2]
 |   |   |   |- Guid:B9EB6BC14E256A09E6360BA8B5B77D00 BaseClass: NativeClass:/Script/Engine.StaticMeshActor Name:StaticMeshActor_UAID_E4A8DFCE2622828701_1441474645 Label:arena17-_uv4_Cylinder_003 SpatiallyLoaded:1 Bounds:IsValid=true, Min=(X=1425.790 Y=-363.951 Z=48.775), Max=(X=1606.306 Y=-87.550 Z=253.443) RuntimeGrid:None EditorOnly:0 RuntimeOnly:0 HLODRelevant:1 FolderPath:Playground FolderGuid:C73F09FC4215536B1DCE2A9E0A830C70
 |   |   |- [+] [  3]
 |   |   |   |- Guid:E48B6D104DCE1573DF4026AB37A453AC BaseClass: NativeClass:/Script/Engine.StaticMeshActor Name:StaticMeshActor_UAID_E4A8DFCE2622828701_1441526649 Label:arena17-_uv4_lock2_001 SpatiallyLoaded:1 Bounds:IsValid=true, Min=(X=-141.903 Y=-294.625 Z=-9.915), Max=(X=-21.713 Y=-161.128 Z=88.920) RuntimeGrid:None EditorOnly:0 RuntimeOnly:0 HLODRelevant:1 FolderPath:Playground FolderGuid:C73F09FC4215536B1DCE2A9E0A830C70
 |   |   |- [+] [  4]
 |   |   |   |- Guid:F5E3FEB3450C49844FD93DA8E083C8AD BaseClass: NativeClass:/Script/Engine.PostProcessVolume Name:PostProcessVolume_0 Label:PostProcessVolume SpatiallyLoaded:0 Bounds:IsValid=true, Min=(X=630.000 Y=80.000 Z=910.000), Max=(X=830.000 Y=280.000 Z=1110.000) RuntimeGrid:None EditorOnly:0 RuntimeOnly:0 HLODRelevant:0 FolderPath:Lighting FolderGuid:963EC3EB4002CCE9759E2EBA541A873A
 |   |   |- [+] [  5]
 |   |   |   |- Guid:CCC0DD4F432D7B2177AC2E89A9B81A63 BaseClass: NativeClass:/Script/Engine.DirectionalLight Name:DirectionalLight_UAID_E00AF6B00B743D9301_1965610135 Label:Night Light SpatiallyLoaded:0 Bounds:IsValid=true, Min=(X=-4398046511104.000 Y=-4398046511104.000 Z=-4398046511104.000), Max=(X=4398046511104.000 Y=4398046511104.000 Z=4398046511104.000) RuntimeGrid:None EditorOnly:0 RuntimeOnly:0 HLODRelevant:0 FolderPath:Lighting FolderGuid:963EC3EB4002CCE9759E2EBA541A873A
 |   |   |- [+] [  6]
 |   |   |   |- Guid:029C1DCA41CD0B33D9DB41A6E886ED5E BaseClass:/Game/Characters/Enemy/Archer/Archer.Archer_C NativeClass:/Script/Engine.Character Name:Archer_C_UAID_E4A8DFCE2622149B01_1582746363 Label:Archer2 SpatiallyLoaded:1 Bounds:IsValid=true, Min=(X=-304.452 Y=238.060 Z=145.880), Max=(X=-73.194 Y=599.697 Z=465.000) RuntimeGrid:None EditorOnly:0 RuntimeOnly:0 HLODRelevant:0 FolderPath:Enemy FolderGuid:1FFB6A5A4D03ACDBCA8466BA417EE0D0
 |   |   |- [+] [  7]
 |   |   |   |- Guid:B44B55F84A692D1B9E1C85BEB8851746 BaseClass:/Game/Characters/Enemy/Archer/Archer.Archer_C NativeClass:/Script/Engine.Character Name:Archer_C_UAID_E4A8DFCE26220F9B01_1860990480 Label:Archer SpatiallyLoaded:1 Bounds:IsValid=true, Min=(X=1209.033 Y=679.310 Z=137.880), Max=(X=1483.473 Y=1026.349 Z=457.000) RuntimeGrid:None EditorOnly:0 RuntimeOnly:0 HLODRelevant:0 FolderPath:Enemy FolderGuid:1FFB6A5A4D03ACDBCA8466BA417EE0D0
 |   |   |- [+] [  8]
 |   |   |   |- Guid:FB655294428260C52EF3FAA212F1BCE7 BaseClass:/Game/ThirdPerson/Maps/torch/BP_Torch.BP_Torch_C NativeClass:/Script/Engine.Actor Name:BP_Torch_C_UAID_E4A8DFCE2622229301_1317091381 Label:BP_Torch5 SpatiallyLoaded:1 Bounds:IsValid=true, Min=(X=1486.645 Y=588.289 Z=120.397), Max=(X=1528.690 Y=636.316 Z=185.333) RuntimeGrid:None EditorOnly:0 RuntimeOnly:0 HLODRelevant:0 FolderPath:Playground FolderGuid:C73F09FC4215536B1DCE2A9E0A830C70
 |   |   |- [+] [  9]
 |   |   |   |- Guid:78D2B3924588F8799F44B1AE917A3503 BaseClass: NativeClass:/Script/Engine.StaticMeshActor Name:StaticMeshActor_UAID_E4A8DFCE2622828701_1441397639 Label:arena17-_uv4_column SpatiallyLoaded:1 Bounds:IsValid=true, Min=(X=-584.655 Y=-1159.095 Z=267.132), Max=(X=2022.311 Y=1408.265 Z=801.688) RuntimeGrid:None EditorOnly:0 RuntimeOnly:0 HLODRelevant:1 FolderPath:Playground FolderGuid:C73F09FC4215536B1DCE2A9E0A830C70
 |   |   |- [+] [ 10]
 |   |   |   |- Guid:E5C83B5948995E2D3BBDD0A43C7675AA BaseClass: NativeClass:/Script/Engine.StaticMeshActor Name:StaticMeshActor_UAID_E4A8DFCE2622828701_1441487646 Label:arena17-_uv4_frontGare SpatiallyLoaded:1 Bounds:IsValid=true, Min=(X=323.017 Y=1231.694 Z=137.692), Max=(X=1112.638 Y=1798.810 Z=756.303) RuntimeGrid:None EditorOnly:0 RuntimeOnly:0 HLODRelevant:1 FolderPath:Playground FolderGuid:C73F09FC4215536B1DCE2A9E0A830C70
 |   |   |- [+] [ 11]
 |   |   |   |- Guid:49F5F48646DF70804CF6C0B7E6D3368F BaseClass:/Game/ThirdPerson/Maps/torch/BP_Torch.BP_Torch_C NativeClass:/Script/Engine.Actor Name:BP_Torch_C_UAID_E4A8DFCE2622239301_1753338551 Label:BP_Torch8 SpatiallyLoaded:1 Bounds:IsValid=true, Min=(X=1302.830 Y=-524.038 Z=170.397), Max=(X=1348.038 Y=-478.830 Z=235.333) RuntimeGrid:None EditorOnly:0 RuntimeOnly:0 HLODRelevant:0 FolderPath:Playground FolderGuid:C73F09FC4215536B1DCE2A9E0A830C70
 |   |   |- [+] [ 12]
 |   |   |   |- Guid:F6F5B2B348377873AAD2F8A631C561FB BaseClass: NativeClass:/Script/Engine.StaticMeshActor Name:StaticMeshActor_UAID_E4A8DFCE2622828701_1441552651 Label:arena17-_uv4_logo SpatiallyLoaded:1 Bounds:IsValid=true, Min=(X=624.365 Y=1683.532 Z=403.758), Max=(X=818.249 Y=1693.139 Z=592.583) RuntimeGrid:None EditorOnly:0 RuntimeOnly:0 HLODRelevant:1 FolderPath:Playground FolderGuid:C73F09FC4215536B1DCE2A9E0A830C70
 |   |   |- [+] [ 13]
 |   |   |   |- Guid:4D3BE93F4146AAAC8BBE79999D96D57F BaseClass: NativeClass:/Script/Engine.VolumetricCloud Name:VolumetricCloud_0 Label:VolumetricCloud SpatiallyLoaded:0 Bounds:IsValid=true, Min=(X=720.000 Y=190.000 Z=1180.000), Max=(X=720.000 Y=190.000 Z=1180.000) RuntimeGrid:None EditorOnly:0 RuntimeOnly:0 HLODRelevant:0 FolderPath:Lighting FolderGuid:963EC3EB4002CCE9759E2EBA541A873A
 |   |   |- [+] [ 14]
 |   |   |   |- Guid:7244789348CB95BEE142AF95C3517900 BaseClass:/Game/ThirdPerson/Maps/Arena/arena-httyd/MainGate.MainGate_C NativeClass:/Script/Engine.Actor Name:MainGate_C_UAID_E4A8DFCE2622DF9201_1188267598 Label:MainGate SpatiallyLoaded:1 Bounds:IsValid=true, Min=(X=433.064 Y=1258.681 Z=-69.153), Max=(X=1006.936 Y=1282.681 Z=333.041) RuntimeGrid:None EditorOnly:0 RuntimeOnly:0 HLODRelevant:0 FolderPath:Playground FolderGuid:C73F09FC4215536B1DCE2A9E0A830C70
 |   |   |- [+] [ 15]
 |   |   |   |- Guid:CC0B1D004696BAF032B950BE55FA856D BaseClass: NativeClass:/Script/Engine.StaticMeshActor Name:StaticMeshActor_UAID_E4A8DFCE2622828701_1441346635 Label:arena17-_uv4_chain2_003 SpatiallyLoaded:1 Bounds:IsValid=true, Min=(X=245.299 Y=1264.272 Z=276.672), Max=(X=356.603 Y=1279.554 Z=714.759) RuntimeGrid:None EditorOnly:0 RuntimeOnly:0 HLODRelevant:1 FolderPath:Playground FolderGuid:C73F09FC4215536B1DCE2A9E0A830C70
 |   |   |- [+] [ 16]
 |   |   |   |- Guid:4257F77E47CB5FBAB5616D9763F4DF07 BaseClass: NativeClass:/Script/Engine.StaticMeshActor Name:StaticMeshActor_UAID_E4A8DFCE2622828701_1441617656 Label:arena17-_uv4_woodColumns_001 SpatiallyLoaded:1 Bounds:IsValid=true, Min=(X=-1264.383 Y=-275.722 Z=-403.937), Max=(X=2700.038 Y=2076.520 Z=499.755) RuntimeGrid:None EditorOnly:0 RuntimeOnly:0 HLODRelevant:1 FolderPath:Playground FolderGuid:C73F09FC4215536B1DCE2A9E0A830C70
 |   |   |- [+] [ 17]
 |   |   |   |- Guid:CCFF262C46EEFFDF319E7F9539CE697E BaseClass: NativeClass:/Script/Engine.SkyAtmosphere Name:SkyAtmosphere_0 Label:SkyAtmosphere SpatiallyLoaded:0 Bounds:IsValid=true, Min=(X=720.000 Y=190.000 Z=1380.000), Max=(X=720.000 Y=190.000 Z=1380.000) RuntimeGrid:None EditorOnly:0 RuntimeOnly:0 HLODRelevant:0 FolderPath:Lighting FolderGuid:963EC3EB4002CCE9759E2EBA541A873A
 |   |   |- [+] [ 18]
 |   |   |   |- Guid:EC4E0C944CE6AC6E784BC6BB2916EA13 BaseClass: NativeClass:/Script/Engine.StaticMeshActor Name:StaticMeshActor_UAID_A4AE111137DC5EFB00_1110535423 Label:SM_SkySphere SpatiallyLoaded:0 Bounds:IsValid=true, Min=(X=-1637679.000 Y=-1638210.000 Z=-1638040.000), Max=(X=1639121.000 Y=1638590.000 Z=1638760.000) RuntimeGrid:None EditorOnly:0 RuntimeOnly:0 HLODRelevant:1 FolderPath:Lighting FolderGuid:963EC3EB4002CCE9759E2EBA541A873A
 |   |   |- [+] [ 19]
 |   |   |   |- Guid:D2482BFF4C6C1812787C5F9E81CB4280 BaseClass: NativeClass:/Script/Engine.StaticMeshActor Name:StaticMeshActor_UAID_E4A8DFCE2622828701_1441578653 Label:arena17-_uv4_planks SpatiallyLoaded:1 Bounds:IsValid=true, Min=(X=-1204.676 Y=-1096.190 Z=258.132), Max=(X=2640.331 Y=1988.234 Z=279.858) RuntimeGrid:None EditorOnly:0 RuntimeOnly:0 HLODRelevant:1 FolderPath:Playground FolderGuid:C73F09FC4215536B1DCE2A9E0A830C70
 |   |   |- [+] [ 20]
 |   |   |   |- Guid:B785ED2844B84CFB91E7F39FE661CD99 BaseClass: NativeClass:/Script/Engine.DirectionalLight Name:DirectionalLight_0 Label:Sun Light SpatiallyLoaded:0 Bounds:IsValid=true, Min=(X=-4398046511104.000 Y=-4398046511104.000 Z=-4398046511104.000), Max=(X=4398046511104.000 Y=4398046511104.000 Z=4398046511104.000) RuntimeGrid:None EditorOnly:0 RuntimeOnly:0 HLODRelevant:0 FolderPath:Lighting FolderGuid:963EC3EB4002CCE9759E2EBA541A873A
 |   |   |- [+] [ 21]
 |   |   |   |- Guid:E72DA9D24F0E3D60A8797B9F8F5F73D5 BaseClass: NativeClass:/Script/Engine.StaticMeshActor Name:StaticMeshActor_UAID_E4A8DFCE2622828701_1441422641 Label:arena17-_uv4_Cube_001 SpatiallyLoaded:1 Bounds:IsValid=true, Min=(X=-179.351 Y=-276.520 Z=247.703), Max=(X=-59.177 Y=-193.123 Z=307.703) RuntimeGrid:None EditorOnly:0 RuntimeOnly:0 HLODRelevant:1 FolderPath:Playground FolderGuid:C73F09FC4215536B1DCE2A9E0A830C70
 |   |   |- [+] [ 22]
 |   |   |   |- Guid:0BBAEAC546D622F40110D9B254E1AB61 BaseClass:/Game/ThirdPerson/Maps/torch/BP_Torch.BP_Torch_C NativeClass:/Script/Engine.Actor Name:BP_Torch_C_UAID_E4A8DFCE2622229301_1364860383 Label:BP_Torch7 SpatiallyLoaded:1 Bounds:IsValid=true, Min=(X=470.536 Y=1177.994 Z=90.397), Max=(X=527.252 Y=1195.343 Z=155.333) RuntimeGrid:None EditorOnly:0 RuntimeOnly:0 HLODRelevant:0 FolderPath:Playground FolderGuid:C73F09FC4215536B1DCE2A9E0A830C70
 |   |   |- [+] [ 23]
 |   |   |   |- Guid:B5AA288E413EEE2BA927FC81CBF4D5E5 BaseClass:/Game/Characters/Enemys/Dummy.Dummy_C NativeClass:/Script/Engine.Character Name:Dummy_C_UAID_E4A8DFCE26226A9901_1407931383 Label:Dummy SpatiallyLoaded:1 Bounds:IsValid=true, Min=(X=342.000 Y=-145.000 Z=-68.955), Max=(X=410.000 Y=-77.000 Z=109.526) RuntimeGrid:None EditorOnly:0 RuntimeOnly:0 HLODRelevant:0
 |   |   |- [+] [ 24]
 |   |   |   |- Guid:316CF2A6494ACA4C0E4180A87D36AB8F BaseClass: NativeClass:/Script/Engine.ExponentialHeightFog Name:ExponentialHeightFog_0 Label:ExponentialHeightFog SpatiallyLoaded:0 Bounds:IsValid=true, Min=(X=-4880.000 Y=140.000 Z=-6490.000), Max=(X=-4880.000 Y=140.000 Z=-6490.000) RuntimeGrid:None EditorOnly:0 RuntimeOnly:0 HLODRelevant:0 FolderPath:Lighting FolderGuid:963EC3EB4002CCE9759E2EBA541A873A
 |   |   |- [+] [ 25]
 |   |   |   |- Guid:42A7109040C0420931B088A58414C3CA BaseClass: NativeClass:/Script/Engine.StaticMeshActor Name:StaticMeshActor_UAID_E4A8DFCE2622828701_1441288630 Label:arena17-_uv4_chain SpatiallyLoaded:1 Bounds:IsValid=true, Min=(X=-677.299 Y=-1232.948 Z=273.389), Max=(X=2114.954 Y=1516.885 Z=602.146) RuntimeGrid:None EditorOnly:0 RuntimeOnly:0 HLODRelevant:1 FolderPath:Playground FolderGuid:C73F09FC4215536B1DCE2A9E0A830C70
 |   |   |- [+] [ 26]
 |   |   |   |- Guid:BF41B76A4170E70F00DA7BB3BEE79C20 BaseClass: NativeClass:/Script/Engine.StaticMeshActor Name:StaticMeshActor_UAID_E4A8DFCE2622828701_1441591654 Label:arena17-_uv4_rings SpatiallyLoaded:1 Bounds:IsValid=true, Min=(X=-492.477 Y=-1050.120 Z=392.554), Max=(X=1928.587 Y=1370.943 Z=1110.548) RuntimeGrid:None EditorOnly:0 RuntimeOnly:0 HLODRelevant:1 FolderPath:Playground FolderGuid:C73F09FC4215536B1DCE2A9E0A830C70
 |   |   |- [+] [ 27]
 |   |   |   |- Guid:99A61166410699FE94905D898AD9CDF8 BaseClass: NativeClass:/Script/NavigationSystem.RecastNavMesh Name:RecastNavMesh_UAID_E4A8DFCE2622149B01-Default Label:RecastNavMesh-Default SpatiallyLoaded:0 Bounds:IsValid=true, Min=(X=0.000 Y=0.000 Z=0.000), Max=(X=0.000 Y=0.000 Z=0.000) RuntimeGrid:None EditorOnly:0 RuntimeOnly:0 HLODRelevant:0 FolderPath:World FolderGuid:4AC79D5941B9F871585166A0C024B569
 |   |   |- [+] [ 28]
 |   |   |   |- Guid:75A31E7A4F7020A840DAB7B449E7AC19 BaseClass: NativeClass:/Script/Engine.StaticMeshActor Name:StaticMeshActor_UAID_E4A8DFCE2622828701_1441604655 Label:arena17-_uv4_top SpatiallyLoaded:1 Bounds:IsValid=true, Min=(X=693.309 Y=167.775 Z=1183.381), Max=(X=742.714 Y=217.180 Z=1219.057) RuntimeGrid:None EditorOnly:0 RuntimeOnly:0 HLODRelevant:1 FolderPath:Playground FolderGuid:C73F09FC4215536B1DCE2A9E0A830C70
 |   |   |- [+] [ 29]
 |   |   |   |- Guid:C5E50D97452405127D5471828B958F7A BaseClass: NativeClass:/Script/Engine.StaticMeshActor Name:StaticMeshActor_UAID_E4A8DFCE2622828701_1441539650 Label:arena17-_uv4_lock2_002 SpatiallyLoaded:1 Bounds:IsValid=true, Min=(X=1455.061 Y=-292.879 Z=-10.425), Max=(X=1577.864 Y=-158.473 Z=88.410) RuntimeGrid:None EditorOnly:0 RuntimeOnly:0 HLODRelevant:1 FolderPath:Playground FolderGuid:C73F09FC4215536B1DCE2A9E0A830C70
 |   |   |- [+] [ 30]
 |   |   |   |- Guid:A0B974174812327E71EA4FBDD1382709 BaseClass:/Game/ThirdPerson/Maps/torch/BP_Torch.BP_Torch_C NativeClass:/Script/Engine.Actor Name:BP_Torch_C_UAID_E4A8DFCE2622219301_1113337201 Label:BP_Torch SpatiallyLoaded:1 Bounds:IsValid=true, Min=(X=71.310 Y=-507.316 Z=190.397), Max=(X=113.355 Y=-459.289 Z=255.333) RuntimeGrid:None EditorOnly:0 RuntimeOnly:0 HLODRelevant:0 FolderPath:Playground FolderGuid:C73F09FC4215536B1DCE2A9E0A830C70
 |   |   |- [+] [ 31]
 |   |   |   |- Guid:B5B84DE343BFC072B8004BA7FA783143 BaseClass: NativeClass:/Script/Engine.SkeletalMeshActor Name:SkeletalMeshActor_UAID_E4A8DFCE26222E8C01_1908813095 Label:Michal_Tofel_fbx_Anim SpatiallyLoaded:1 Bounds:IsValid=true, Min=(X=745.103 Y=239.964 Z=-70.991), Max=(X=890.746 Y=358.907 Z=147.237) RuntimeGrid:None EditorOnly:0 RuntimeOnly:0 HLODRelevant:0
 |   |   |- [+] [ 32]
 |   |   |   |- Guid:83FBD69F43CBC5700338AFB1B50A49C0 BaseClass: NativeClass:/Script/Engine.StaticMeshActor Name:StaticMeshActor_UAID_E4A8DFCE2622828701_1441461644 Label:arena17-_uv4_Cylinder_001 SpatiallyLoaded:1 Bounds:IsValid=true, Min=(X=-167.973 Y=-366.778 Z=49.285), Max=(X=3.759 Y=-86.466 Z=253.953) RuntimeGrid:None EditorOnly:0 RuntimeOnly:0 HLODRelevant:1 FolderPath:Playground FolderGuid:C73F09FC4215536B1DCE2A9E0A830C70
 |   |   |- [+] [ 33]
 |   |   |   |- Guid:2FB58999456391D349DC0F86DAC136ED BaseClass: NativeClass:/Script/Engine.SkyLight Name:SkyLight_1 Label:SkyLight SpatiallyLoaded:0 Bounds:IsValid=true, Min=(X=720.000 Y=190.000 Z=1050.000), Max=(X=720.000 Y=190.000 Z=1050.000) RuntimeGrid:None EditorOnly:0 RuntimeOnly:0 HLODRelevant:0 FolderPath:Lighting FolderGuid:963EC3EB4002CCE9759E2EBA541A873A
 |   |   |- [+] [ 34]
 |   |   |   |- Guid:2E5C7CC94E4FA32CA9B5DDA8D5CA6FE1 BaseClass:/Game/ThirdPerson/Maps/torch/BP_Torch.BP_Torch_C NativeClass:/Script/Engine.Actor Name:BP_Torch_C_UAID_E4A8DFCE2622229301_1307223380 Label:BP_Torch4 SpatiallyLoaded:1 Bounds:IsValid=true, Min=(X=1016.150 Y=999.698 Z=170.397), Max=(X=1023.850 Y=1055.931 Z=235.333) RuntimeGrid:None EditorOnly:0 RuntimeOnly:0 HLODRelevant:0 FolderPath:Playground FolderGuid:C73F09FC4215536B1DCE2A9E0A830C70
 |   |   |- [+] [ 35]
 |   |   |   |- Guid:2835485B4C8D3CCE218B689252A99964 BaseClass: NativeClass:/Script/Engine.StaticMeshActor Name:StaticMeshActor_UAID_E4A8DFCE2622828701_1441334634 Label:arena17-_uv4_chain2_002 SpatiallyLoaded:1 Bounds:IsValid=true, Min=(X=431.252 Y=1264.309 Z=531.262), Max=(X=513.722 Y=1279.592 Z=596.522) RuntimeGrid:None EditorOnly:0 RuntimeOnly:0 HLODRelevant:1 FolderPath:Playground FolderGuid:C73F09FC4215536B1DCE2A9E0A830C70
 |   |   |- [+] [ 36]
 |   |   |   |- Guid:FBF669AF4BD2848E42F676BBB135CD92 BaseClass: NativeClass:/Script/Engine.StaticMeshActor Name:StaticMeshActor_UAID_E4A8DFCE2622828701_1441358636 Label:arena17-_uv4_chain2_004 SpatiallyLoaded:1 Bounds:IsValid=true, Min=(X=1079.013 Y=1264.309 Z=276.729), Max=(X=1190.421 Y=1279.592 Z=714.759) RuntimeGrid:None EditorOnly:0 RuntimeOnly:0 HLODRelevant:1 FolderPath:Playground FolderGuid:C73F09FC4215536B1DCE2A9E0A830C70
 |   |   |- [+] [ 37]
 |   |   |   |- Guid:E2AA096649A0FA2BB2592B8DA77EB4B0 BaseClass: NativeClass:/Script/NavigationSystem.NavMeshBoundsVolume Name:NavMeshBoundsVolume_UAID_E4A8DFCE2622149B01_1091771361 Label:NavMeshBoundsVolume SpatiallyLoaded:0 Bounds:IsValid=true, Min=(X=-488.000 Y=-996.000 Z=258.000), Max=(X=1862.000 Y=1254.000 Z=358.000) RuntimeGrid:None EditorOnly:0 RuntimeOnly:0 HLODRelevant:0 FolderPath:World FolderGuid:4AC79D5941B9F871585166A0C024B569
 |   |   |- [+] [ 38]
 |   |   |   |- Guid:3D45C8F047051E51303B58B5C4954DE3 BaseClass: NativeClass:/Script/Engine.StaticMeshActor Name:StaticMeshActor_UAID_E4A8DFCE2622828701_1441435642 Label:arena17-_uv4_Cube_002 SpatiallyLoaded:1 Bounds:IsValid=true, Min=(X=1484.013 Y=-303.984 Z=247.193), Max=(X=1603.772 Y=-197.664 Z=307.193) RuntimeGrid:None EditorOnly:0 RuntimeOnly:0 HLODRelevant:1 FolderPath:Playground FolderGuid:C73F09FC4215536B1DCE2A9E0A830C70
 |   |   |- [+] [ 39]
 |   |   |   |- Guid:F2A0EADE43496F9DBF091A9F95354417 BaseClass:/Game/ThirdPerson/Maps/torch/BP_Torch.BP_Torch_C NativeClass:/Script/Engine.Actor Name:BP_Torch_C_UAID_E4A8DFCE2622229301_1286745379 Label:BP_Torch3 SpatiallyLoaded:1 Bounds:IsValid=true, Min=(X=426.150 Y=1002.698 Z=170.397), Max=(X=433.850 Y=1058.931 Z=235.333) RuntimeGrid:None EditorOnly:0 RuntimeOnly:0 HLODRelevant:0 FolderPath:Playground FolderGuid:C73F09FC4215536B1DCE2A9E0A830C70
 |   |   |- [+] [ 40]
 |   |   |   |- Guid:42D2EF3842E07C9E0DF1609271DC03E4 BaseClass: NativeClass:/Script/Engine.StaticMeshActor Name:StaticMeshActor_UAID_E4A8DFCE2622828701_1441311632 Label:arena17-_uv4_chain2 SpatiallyLoaded:1 Bounds:IsValid=true, Min=(X=707.460 Y=182.949 Z=1206.286), Max=(X=726.550 Y=202.052 Z=1405.696) RuntimeGrid:None EditorOnly:0 RuntimeOnly:0 HLODRelevant:1 FolderPath:Playground FolderGuid:C73F09FC4215536B1DCE2A9E0A830C70
 |   |   |- [+] [ 41]
 |   |   |   |- Guid:9E8C9C564319EE91E9CD128DA0248C0A BaseClass:/Game/ThirdPerson/Maps/torch/BP_Torch.BP_Torch_C NativeClass:/Script/Engine.Actor Name:BP_Torch_C_UAID_E4A8DFCE2622529B01_1528319271 Label:BP_Torch9 SpatiallyLoaded:1 Bounds:IsValid=true, Min=(X=-129.721 Y=528.520 Z=131.397), Max=(X=-75.502 Y=559.264 Z=196.333) RuntimeGrid:None EditorOnly:0 RuntimeOnly:0 HLODRelevant:0 FolderPath:Playground FolderGuid:C73F09FC4215536B1DCE2A9E0A830C70
 |   |   |- [+] [ 42]
 |   |   |   |- Guid:59703F964E03F300FD8554BF42FD75FC BaseClass: NativeClass:/Script/Engine.PlayerStart Name:PlayerStart_UAID_E4A8DFCE2622828701_1569311657 Label:PlayerStart SpatiallyLoaded:0 Bounds:IsValid=true, Min=(X=218.000 Y=-1028.000 Z=-62.000), Max=(X=298.000 Y=-948.000 Z=122.000) RuntimeGrid:None EditorOnly:0 RuntimeOnly:0 HLODRelevant:0 FolderPath:World FolderGuid:4AC79D5941B9F871585166A0C024B569
 |   |   |- [+] [ 43]
 |   |   |   |- Guid:D0D9A0D5488C3E3F3FF797A548CE1F09 BaseClass: NativeClass:/Script/Engine.StaticMeshActor Name:StaticMeshActor_UAID_E4A8DFCE2622828701_1441322633 Label:arena17-_uv4_chain2_001 SpatiallyLoaded:1 Bounds:IsValid=true, Min=(X=921.895 Y=1264.309 Z=531.333), Max=(X=1004.764 Y=1279.592 Z=596.041) RuntimeGrid:None EditorOnly:0 RuntimeOnly:0 HLODRelevant:1 FolderPath:Playground FolderGuid:C73F09FC4215536B1DCE2A9E0A830C70
 |   |   |- [+] [ 44]
 |   |   |   |- Guid:E3DC75394F88297A5EF4BE98354B20FF BaseClass:/Game/ThirdPerson/Maps/torch/BP_Torch.BP_Torch_C NativeClass:/Script/Engine.Actor Name:BP_Torch_C_UAID_E4A8DFCE2622229301_1342073382 Label:BP_Torch6 SpatiallyLoaded:1 Bounds:IsValid=true, Min=(X=902.748 Y=1174.657 Z=90.397), Max=(X=959.464 Y=1192.006 Z=155.333) RuntimeGrid:None EditorOnly:0 RuntimeOnly:0 HLODRelevant:0 FolderPath:Playground FolderGuid:C73F09FC4215536B1DCE2A9E0A830C70
 |   |   |- [+] [ 45]
 |   |   |   |- Guid:7DEA0D5F47E6CB53BD4DB0B7ACCA040D BaseClass: NativeClass:/Script/Engine.StaticMeshActor Name:StaticMeshActor_UAID_E4A8DFCE2622828701_1441299631 Label:arena17-_uv4_chain1 SpatiallyLoaded:1 Bounds:IsValid=true, Min=(X=-247.294 Y=-804.663 Z=765.656), Max=(X=1684.949 Y=1150.602 Z=1199.741) RuntimeGrid:None EditorOnly:0 RuntimeOnly:0 HLODRelevant:1 FolderPath:Playground FolderGuid:C73F09FC4215536B1DCE2A9E0A830C70
 |   |   |- [+] [ 46]
 |   |   |   |- Guid:209F1280467D2BC272B2A58A3E82AC75 BaseClass:/Game/Characters/Enemy/Knight/Knight.Knight_C NativeClass:/Script/Engine.Character Name:Knight_C_UAID_E4A8DFCE2622F29B01_1313912434 Label:Knight SpatiallyLoaded:1 Bounds:IsValid=true, Min=(X=481.027 Y=294.241 Z=-73.958), Max=(X=604.319 Y=399.659 Z=120.500) RuntimeGrid:None EditorOnly:0 RuntimeOnly:0 HLODRelevant:0 FolderPath:Enemy FolderGuid:1FFB6A5A4D03ACDBCA8466BA417EE0D0
 |   |   |- [+] [ 47]
 |   |   |   |- Guid:8F9663914D9BB4FC5F4540A00EFA26E5 BaseClass: NativeClass:/Script/Engine.StaticMeshActor Name:StaticMeshActor_UAID_E4A8DFCE2622828701_1441384638 Label:arena17-_uv4_chain2_007 SpatiallyLoaded:1 Bounds:IsValid=true, Min=(X=405.491 Y=1672.021 Z=484.374), Max=(X=724.983 Y=1687.303 Z=708.863) RuntimeGrid:None EditorOnly:0 RuntimeOnly:0 HLODRelevant:1 FolderPath:Playground FolderGuid:C73F09FC4215536B1DCE2A9E0A830C70
 |   |   |- [+] [ 48]
 |   |   |   |- Guid:32BDE18D41616B60A5D90F9ADF0B1323 BaseClass: NativeClass:/Script/Engine.StaticMeshActor Name:StaticMeshActor_UAID_E4A8DFCE2622989201_1668607101 Label:Plane SpatiallyLoaded:1 Bounds:IsValid=true, Min=(X=-84.375 Y=2136.438 Z=113.000), Max=(X=1484.375 Y=3089.562 Z=113.000) RuntimeGrid:None EditorOnly:0 RuntimeOnly:0 HLODRelevant:1
 |   |   |- [+] [ 49]
 |   |   |   |- Guid:23CAD0394A9EFC05FB29DC93851A2C1B BaseClass: NativeClass:/Script/Engine.StaticMeshActor Name:StaticMeshActor_UAID_E4A8DFCE2622828701_1441259628 Label:arena17-_uv4_arena_main SpatiallyLoaded:1 Bounds:IsValid=true, Min=(X=-636.116 Y=-1271.970 Z=-67.988), Max=(X=2071.771 Y=2114.061 Z=287.961) RuntimeGrid:None EditorOnly:0 RuntimeOnly:0 HLODRelevant:1 FolderPath:Playground FolderGuid:C73F09FC4215536B1DCE2A9E0A830C70
 |   |   |- [+] [ 50]
 |   |   |   |- Guid:540D5F294BC7F35C50E068920B4A4BFB BaseClass: NativeClass:/Script/Engine.StaticMeshActor Name:StaticMeshActor_UAID_E4A8DFCE2622828701_1441371637 Label:arena17-_uv4_chain2_006 SpatiallyLoaded:1 Bounds:IsValid=true, Min=(X=714.583 Y=1671.983 Z=484.374), Max=(X=1034.075 Y=1687.266 Z=708.863) RuntimeGrid:None EditorOnly:0 RuntimeOnly:0 HLODRelevant:1 FolderPath:Playground FolderGuid:C73F09FC4215536B1DCE2A9E0A830C70
 |   |   |- [+] [ 51]
 |   |   |   |- Guid:06D40092469E3CFC5F3943BA103A1956 BaseClass: NativeClass:/Script/Engine.StaticMeshActor Name:StaticMeshActor_UAID_E4A8DFCE2622828701_1441275629 Label:arena17-_uv4_arena_main_001 SpatiallyLoaded:1 Bounds:IsValid=true, Min=(X=-1575.197 Y=-3082.743 Z=237.853), Max=(X=3010.852 Y=-668.135 Z=282.012) RuntimeGrid:None EditorOnly:0 RuntimeOnly:0 HLODRelevant:1 FolderPath:Playground FolderGuid:C73F09FC4215536B1DCE2A9E0A830C70
 |- ContainerInstances:
 |- [+] MainContainer:
 |   |-        ID: 0x0000000000000000
 |   |-    Bounds: IsValid=false, Min=(X=0.000 Y=0.000 Z=0.000), Max=(X=0.000 Y=0.000 Z=0.000)
 |   |- Transform: 0.000000,0.000000,0.000000|0.000000,0.000000,-0.000000|1.000000,1.000000,1.000000
 |   |- Container: /Game/ThirdPerson/Maps/ThirdPersonMap
----------------------------------------------------------------------------------------------------------------
ThirdPersonMap - Persistent Level
----------------------------------------------------------------------------------------------------------------
Always loaded Actor Count: 61 

----------------------------------------------------------------------------------------------------------------
ThirdPersonMap - Runtime Spatial Hash - Streaming Grid - MainGrid
----------------------------------------------------------------------------------------------------------------
            Origin: X=0.000 Y=0.000 Z=0.000
         Cell Size: 12800
      World Bounds: IsValid=false, Min=(X=0.000 Y=0.000 Z=0.000), Max=(X=0.000 Y=0.000 Z=0.000)
     Loading Range: 25600.00
Block Slow Loading: No
 ClientOnlyVisible: No

[+] Grid Levels: 1
 |- Level  0: Cell Count    0 | Cell Size   12800 | Actor Count    0 (0.0%)

[+] Content of Grid Level 0

